[0117/102955.299:ERROR:file_io.cc(89)] ReadExactly: expected 36, observed 0
[0127/130518.484:ERROR:file_io.cc(89)] ReadExactly: expected 36, observed 0
[0127/141129.266:ERROR:file_io.cc(89)] ReadExactly: expected 36, observed 0
[0128/132530.060:ERROR:process_reader_win.cc(151)] SuspendThread: Access is denied. (0x5)
[0131/141918.919:ERROR:file_io.cc(89)] ReadExactly: expected 36, observed 0
[0213/181417.143:ERROR:process_info.cc(359)] UncheckedAllocate
[0213/181602.431:ERROR:process_info.cc(359)] UncheckedAllocate
[0213/181643.943:ERROR:process_info.cc(359)] UncheckedAllocate
[0217/144325.127:ERROR:file_io.cc(89)] ReadExactly: expected 36, observed 0
[0219/170104.932:ERROR:process_reader_win.cc(151)] SuspendThread: Access is denied. (0x5)
[0219/170104.934:ERROR:process_reader_win.cc(151)] SuspendThread: Access is denied. (0x5)
[0219/170104.934:ERROR:process_reader_win.cc(151)] SuspendThread: Access is denied. (0x5)
[0219/170104.934:ERROR:process_reader_win.cc(151)] SuspendThread: Access is denied. (0x5)
[0219/170104.934:ERROR:process_reader_win.cc(151)] SuspendThread: Access is denied. (0x5)
[0219/170104.934:ERROR:process_reader_win.cc(151)] SuspendThread: Access is denied. (0x5)
[0219/170104.934:ERROR:process_reader_win.cc(151)] SuspendThread: Access is denied. (0x5)
[0219/170104.934:ERROR:process_reader_win.cc(151)] SuspendThread: Access is denied. (0x5)
[0219/170104.934:ERROR:process_reader_win.cc(151)] SuspendThread: Access is denied. (0x5)
[0219/170104.934:ERROR:process_reader_win.cc(151)] SuspendThread: Access is denied. (0x5)
[0219/170104.934:ERROR:process_reader_win.cc(151)] SuspendThread: Access is denied. (0x5)
[0219/170104.934:ERROR:process_reader_win.cc(151)] SuspendThread: Access is denied. (0x5)
[0219/170104.934:ERROR:process_reader_win.cc(151)] SuspendThread: Access is denied. (0x5)
[0219/170104.934:ERROR:process_reader_win.cc(151)] SuspendThread: Access is denied. (0x5)
[0317/133635.220:ERROR:process_reader_win.cc(151)] SuspendThread: Access is denied. (0x5)
[0317/133635.222:ERROR:process_reader_win.cc(151)] SuspendThread: Access is denied. (0x5)
[0317/133635.222:ERROR:process_reader_win.cc(151)] SuspendThread: Access is denied. (0x5)
[0317/133635.222:ERROR:process_reader_win.cc(151)] SuspendThread: Access is denied. (0x5)
[0317/133635.222:ERROR:process_reader_win.cc(151)] SuspendThread: Access is denied. (0x5)
[0317/133635.222:ERROR:process_reader_win.cc(151)] SuspendThread: Access is denied. (0x5)
[0317/133635.222:ERROR:process_reader_win.cc(151)] SuspendThread: Access is denied. (0x5)
[0317/133635.222:ERROR:process_reader_win.cc(151)] SuspendThread: Access is denied. (0x5)
[0317/133635.222:ERROR:process_reader_win.cc(151)] SuspendThread: Access is denied. (0x5)
[0317/133635.222:ERROR:process_reader_win.cc(151)] SuspendThread: Access is denied. (0x5)
[0317/133635.222:ERROR:process_reader_win.cc(151)] SuspendThread: Access is denied. (0x5)
[0317/133635.222:ERROR:process_reader_win.cc(151)] SuspendThread: Access is denied. (0x5)
[0317/133635.222:ERROR:exception_snapshot_win.cc(98)] thread ID 6068 not found in process
[0319/131202.424:ERROR:process_reader_win.cc(151)] SuspendThread: Access is denied. (0x5)
[0319/131202.425:ERROR:process_reader_win.cc(151)] SuspendThread: Access is denied. (0x5)
[0319/131202.425:ERROR:exception_snapshot_win.cc(98)] thread ID 9624 not found in process
[0319/144154.382:ERROR:process_reader_win.cc(151)] SuspendThread: Access is denied. (0x5)
[0319/144154.382:ERROR:exception_snapshot_win.cc(98)] thread ID 6024 not found in process
[0319/165204.250:ERROR:process_reader_win.cc(151)] SuspendThread: Access is denied. (0x5)
[0319/165204.252:ERROR:exception_snapshot_win.cc(98)] thread ID 10068 not found in process
[0319/172622.000:ERROR:process_memory_win.cc(73)] ReadMemory at 0x217ac2e89a0 of 32 bytes failed: Only part of a ReadProcessMemory or WriteProcessMemory request was completed. (0x12B)
[0319/172622.002:WARNING:pe_image_annotations_reader.cc(146)] could not read annotation at index 18 in C:\Program Files (x86)\Google\Chrome\Application\80.0.3987.132\chrome.dll
[0319/172622.038:ERROR:process_memory_win.cc(73)] ReadMemory at 0x7ff702da0000 of 64 bytes failed: Only part of a ReadProcessMemory or WriteProcessMemory request was completed. (0x12B)
[0319/172622.038:WARNING:pe_image_reader.cc(340)] could not read dos header from C:\Program Files (x86)\Google\Chrome\Application\chrome.exe
[0319/172622.038:ERROR:process_memory_win.cc(73)] ReadMemory at 0x7ffd25490000 of 64 bytes failed: Only part of a ReadProcessMemory or WriteProcessMemory request was completed. (0x12B)
[0319/172622.038:WARNING:pe_image_reader.cc(340)] could not read dos header from C:\windows\SYSTEM32\ntdll.dll
[0319/172622.038:ERROR:process_memory_win.cc(73)] ReadMemory at 0x7ffd24f70000 of 64 bytes failed: Only part of a ReadProcessMemory or WriteProcessMemory request was completed. (0x12B)
[0319/172622.038:WARNING:pe_image_reader.cc(340)] could not read dos header from C:\windows\System32\KERNEL32.DLL
[0319/172622.038:ERROR:process_memory_win.cc(73)] ReadMemory at 0x7ffd21790000 of 64 bytes failed: Only part of a ReadProcessMemory or WriteProcessMemory request was completed. (0x12B)
[0319/172622.038:WARNING:pe_image_reader.cc(340)] could not read dos header from C:\windows\System32\KERNELBASE.dll
[0319/172622.038:ERROR:process_memory_win.cc(73)] ReadMemory at 0x7ffd0b930000 of 64 bytes failed: Only part of a ReadProcessMemory or WriteProcessMemory request was completed. (0x12B)
[0319/172622.038:WARNING:pe_image_reader.cc(340)] could not read dos header from C:\Program Files (x86)\Google\Chrome\Application\80.0.3987.132\chrome_elf.dll
[0319/172622.038:ERROR:process_memory_win.cc(73)] ReadMemory at 0x7ffd19d80000 of 64 bytes failed: Only part of a ReadProcessMemory or WriteProcessMemory request was completed. (0x12B)
[0319/172622.038:WARNING:pe_image_reader.cc(340)] could not read dos header from C:\windows\SYSTEM32\VERSION.dll
[0319/172622.038:ERROR:process_memory_win.cc(73)] ReadMemory at 0x7ffd24030000 of 64 bytes failed: Only part of a ReadProcessMemory or WriteProcessMemory request was completed. (0x12B)
[0319/172622.038:WARNING:pe_image_reader.cc(340)] could not read dos header from C:\windows\System32\msvcrt.dll
[0319/172622.038:ERROR:process_memory_win.cc(73)] ReadMemory at 0x7ffd21570000 of 64 bytes failed: Only part of a ReadProcessMemory or WriteProcessMemory request was completed. (0x12B)
[0319/172622.038:WARNING:pe_image_reader.cc(340)] could not read dos header from C:\windows\System32\bcryptPrimitives.dll
[0319/172622.038:ERROR:process_memory_win.cc(73)] ReadMemory at 0x7ffd240d0000 of 64 bytes failed: Only part of a ReadProcessMemory or WriteProcessMemory request was completed. (0x12B)
[0319/172622.038:WARNING:pe_image_reader.cc(340)] could not read dos header from C:\windows\System32\ADVAPI32.dll
[0319/172622.038:ERROR:process_memory_win.cc(73)] ReadMemory at 0x7ffd23bb0000 of 64 bytes failed: Only part of a ReadProcessMemory or WriteProcessMemory request was completed. (0x12B)
[0319/172622.038:WARNING:pe_image_reader.cc(340)] could not read dos header from C:\windows\System32\sechost.dll
[0319/172622.038:ERROR:process_memory_win.cc(73)] ReadMemory at 0x7ffd24490000 of 64 bytes failed: Only part of a ReadProcessMemory or WriteProcessMemory request was completed. (0x12B)
[0319/172622.038:WARNING:pe_image_reader.cc(340)] could not read dos header from C:\windows\System32\RPCRT4.dll
[0319/172622.038:ERROR:process_memory_win.cc(73)] ReadMemory at 0x7ffccfd10000 of 64 bytes failed: Only part of a ReadProcessMemory or WriteProcessMemory request was completed. (0x12B)
[0319/172622.038:WARNING:pe_image_reader.cc(340)] could not read dos header from C:\Program Files (x86)\Google\Chrome\Application\80.0.3987.132\chrome.dll
[0319/172622.039:ERROR:process_memory_win.cc(73)] ReadMemory at 0x7ffd253f0000 of 64 bytes failed: Only part of a ReadProcessMemory or WriteProcessMemory request was completed. (0x12B)
[0319/172622.039:WARNING:pe_image_reader.cc(340)] could not read dos header from C:\windows\System32\WS2_32.dll
[0319/172622.039:ERROR:process_memory_win.cc(73)] ReadMemory at 0x7ffd24790000 of 64 bytes failed: Only part of a ReadProcessMemory or WriteProcessMemory request was completed. (0x12B)
[0319/172622.040:WARNING:pe_image_reader.cc(340)] could not read dos header from C:\windows\System32\OLEAUT32.dll
[0319/172622.040:ERROR:process_memory_win.cc(73)] ReadMemory at 0x7ffd21ea0000 of 64 bytes failed: Only part of a ReadProcessMemory or WriteProcessMemory request was completed. (0x12B)
[0319/172622.040:WARNING:pe_image_reader.cc(340)] could not read dos header from C:\windows\System32\msvcp_win.dll
[0319/172622.040:ERROR:process_memory_win.cc(73)] ReadMemory at 0x7ffd21da0000 of 64 bytes failed: Only part of a ReadProcessMemory or WriteProcessMemory request was completed. (0x12B)
[0319/172622.040:WARNING:pe_image_reader.cc(340)] could not read dos header from C:\windows\System32\ucrtbase.dll
[0319/172622.040:ERROR:process_memory_win.cc(73)] ReadMemory at 0x7ffd23cf0000 of 64 bytes failed: Only part of a ReadProcessMemory or WriteProcessMemory request was completed. (0x12B)
[0319/172622.040:WARNING:pe_image_reader.cc(340)] could not read dos header from C:\windows\System32\combase.dll
[0319/172622.040:ERROR:process_memory_win.cc(73)] ReadMemory at 0x7ffd21c60000 of 64 bytes failed: Only part of a ReadProcessMemory or WriteProcessMemory request was completed. (0x12B)
[0319/172622.040:WARNING:pe_image_reader.cc(340)] could not read dos header from C:\windows\System32\WINTRUST.dll
[0319/172622.040:ERROR:process_memory_win.cc(73)] ReadMemory at 0x7ffd21480000 of 64 bytes failed: Only part of a ReadProcessMemory or WriteProcessMemory request was completed. (0x12B)
[0319/172622.040:WARNING:pe_image_reader.cc(340)] could not read dos header from C:\windows\System32\MSASN1.dll
[0319/172622.040:ERROR:process_memory_win.cc(73)] ReadMemory at 0x7ffd21a30000 of 64 bytes failed: Only part of a ReadProcessMemory or WriteProcessMemory request was completed. (0x12B)
[0319/172622.040:WARNING:pe_image_reader.cc(340)] could not read dos header from C:\windows\System32\CRYPT32.dll
[0319/172622.040:ERROR:process_memory_win.cc(73)] ReadMemory at 0x7ffd209b0000 of 64 bytes failed: Only part of a ReadProcessMemory or WriteProcessMemory request was completed. (0x12B)
[0319/172622.040:WARNING:pe_image_reader.cc(340)] could not read dos header from C:\windows\SYSTEM32\IPHLPAPI.DLL
[0319/172622.040:ERROR:process_memory_win.cc(73)] ReadMemory at 0x7ffd1f5c0000 of 64 bytes failed: Only part of a ReadProcessMemory or WriteProcessMemory request was completed. (0x12B)
[0319/172622.040:WARNING:pe_image_reader.cc(340)] could not read dos header from C:\windows\SYSTEM32\WINMM.dll
[0319/172622.041:ERROR:process_memory_win.cc(73)] ReadMemory at 0x7ffd177d0000 of 64 bytes failed: Only part of a ReadProcessMemory or WriteProcessMemory request was completed. (0x12B)
[0319/172622.041:WARNING:pe_image_reader.cc(340)] could not read dos header from C:\windows\SYSTEM32\Secur32.dll
[0319/172622.041:ERROR:process_memory_win.cc(73)] ReadMemory at 0x7ffd21380000 of 64 bytes failed: Only part of a ReadProcessMemory or WriteProcessMemory request was completed. (0x12B)
[0319/172622.041:WARNING:pe_image_reader.cc(340)] could not read dos header from C:\windows\SYSTEM32\USERENV.dll
[0319/172622.041:ERROR:process_memory_win.cc(73)] ReadMemory at 0x7ffd214c0000 of 64 bytes failed: Only part of a ReadProcessMemory or WriteProcessMemory request was completed. (0x12B)
[0319/172622.041:WARNING:pe_image_reader.cc(340)] could not read dos header from C:\windows\System32\profapi.dll
[0319/172622.041:ERROR:process_memory_win.cc(73)] ReadMemory at 0x7ffcf5960000 of 64 bytes failed: Only part of a ReadProcessMemory or WriteProcessMemory request was completed. (0x12B)
[0319/172622.041:WARNING:pe_image_reader.cc(340)] could not read dos header from C:\windows\SYSTEM32\UIAutomationCore.DLL
[0319/172622.042:ERROR:process_memory_win.cc(73)] ReadMemory at 0x7ffd0d5f0000 of 64 bytes failed: Only part of a ReadProcessMemory or WriteProcessMemory request was completed. (0x12B)
[0319/172622.042:WARNING:pe_image_reader.cc(340)] could not read dos header from C:\windows\SYSTEM32\DWrite.dll
[0319/172622.042:ERROR:process_memory_win.cc(73)] ReadMemory at 0x7ffd1aeb0000 of 64 bytes failed: Only part of a ReadProcessMemory or WriteProcessMemory request was completed. (0x12B)
[0319/172622.042:WARNING:pe_image_reader.cc(340)] could not read dos header from C:\windows\SYSTEM32\WINSPOOL.DRV
[0319/172622.042:ERROR:process_memory_win.cc(73)] ReadMemory at 0x7ffd214a0000 of 64 bytes failed: Only part of a ReadProcessMemory or WriteProcessMemory request was completed. (0x12B)
[0319/172622.042:WARNING:pe_image_reader.cc(340)] could not read dos header from C:\windows\System32\kernel.appcore.dll
[0319/172622.042:ERROR:process_memory_win.cc(73)] ReadMemory at 0x7ffd21d70000 of 64 bytes failed: Only part of a ReadProcessMemory or WriteProcessMemory request was completed. (0x12B)
[0319/172622.042:WARNING:pe_image_reader.cc(340)] could not read dos header from C:\windows\System32\bcrypt.dll
[0319/172622.042:ERROR:process_memory_win.cc(73)] ReadMemory at 0x7ffd119a0000 of 64 bytes failed: Only part of a ReadProcessMemory or WriteProcessMemory request was completed. (0x12B)
[0319/172622.042:WARNING:pe_image_reader.cc(340)] could not read dos header from C:\windows\SYSTEM32\dbghelp.dll
[0319/172622.042:ERROR:process_memory_win.cc(73)] ReadMemory at 0x7ffd1b840000 of 64 bytes failed: Only part of a ReadProcessMemory or WriteProcessMemory request was completed. (0x12B)
[0319/172622.042:WARNING:pe_image_reader.cc(340)] could not read dos header from C:\windows\SYSTEM32\WINHTTP.dll
[0319/172622.042:ERROR:process_memory_win.cc(73)] ReadMemory at 0x7ffd1a230000 of 64 bytes failed: Only part of a ReadProcessMemory or WriteProcessMemory request was completed. (0x12B)
[0319/172622.042:WARNING:pe_image_reader.cc(340)] could not read dos header from C:\windows\SYSTEM32\dhcpcsvc.DLL
[0319/172622.042:ERROR:process_memory_win.cc(73)] ReadMemory at 0x7ffd24020000 of 64 bytes failed: Only part of a ReadProcessMemory or WriteProcessMemory request was completed. (0x12B)
[0319/172622.042:WARNING:pe_image_reader.cc(340)] could not read dos header from C:\windows\System32\NSI.dll
[0319/172622.042:ERROR:process_memory_win.cc(73)] ReadMemory at 0x7ffd1f590000 of 64 bytes failed: Only part of a ReadProcessMemory or WriteProcessMemory request was completed. (0x12B)
[0319/172622.042:WARNING:pe_image_reader.cc(340)] could not read dos header from C:\windows\SYSTEM32\WINMMBASE.dll
[0319/172622.042:ERROR:process_memory_win.cc(73)] ReadMemory at 0x7ffd21c10000 of 64 bytes failed: Only part of a ReadProcessMemory or WriteProcessMemory request was completed. (0x12B)
[0319/172622.042:WARNING:pe_image_reader.cc(340)] could not read dos header from C:\windows\System32\cfgmgr32.dll
[0319/172622.042:ERROR:process_memory_win.cc(73)] ReadMemory at 0x7ffd105a0000 of 64 bytes failed: Only part of a ReadProcessMemory or WriteProcessMemory request was completed. (0x12B)
[0319/172622.042:WARNING:pe_image_reader.cc(340)] could not read dos header from C:\windows\SYSTEM32\Bcp47Langs.dll
[0319/172622.042:ERROR:process_memory_win.cc(73)] ReadMemory at 0x7ffd1de70000 of 64 bytes failed: Only part of a ReadProcessMemory or WriteProcessMemory request was completed. (0x12B)
[0319/172622.042:WARNING:pe_image_reader.cc(340)] could not read dos header from C:\windows\SYSTEM32\PROPSYS.dll
[0319/172622.042:ERROR:process_memory_win.cc(73)] ReadMemory at 0x7ffd25340000 of 64 bytes failed: Only part of a ReadProcessMemory or WriteProcessMemory request was completed. (0x12B)
[0319/172622.042:WARNING:pe_image_reader.cc(340)] could not read dos header from C:\windows\System32\shcore.dll
[0319/172622.042:ERROR:process_memory_win.cc(73)] ReadMemory at 0x7ffd213b0000 of 64 bytes failed: Only part of a ReadProcessMemory or WriteProcessMemory request was completed. (0x12B)
[0319/172622.042:WARNING:pe_image_reader.cc(340)] could not read dos header from C:\windows\SYSTEM32\SSPICLI.DLL
[0319/172622.043:ERROR:process_memory_win.cc(73)] ReadMemory at 0x7ffd226b0000 of 64 bytes failed: Only part of a ReadProcessMemory or WriteProcessMemory request was completed. (0x12B)
[0319/172622.043:WARNING:pe_image_reader.cc(340)] could not read dos header from C:\windows\System32\SHELL32.dll
[0319/172622.043:ERROR:process_memory_win.cc(73)] ReadMemory at 0x7ffd21f60000 of 64 bytes failed: Only part of a ReadProcessMemory or WriteProcessMemory request was completed. (0x12B)
[0319/172622.043:WARNING:pe_image_reader.cc(340)] could not read dos header from C:\windows\System32\windows.storage.dll
[0319/172622.043:ERROR:process_memory_win.cc(73)] ReadMemory at 0x7ffd214f0000 of 64 bytes failed: Only part of a ReadProcessMemory or WriteProcessMemory request was completed. (0x12B)
[0319/172622.043:WARNING:pe_image_reader.cc(340)] could not read dos header from C:\windows\System32\powrprof.dll
[0319/172622.043:ERROR:process_memory_win.cc(73)] ReadMemory at 0x7ffd24a70000 of 64 bytes failed: Only part of a ReadProcessMemory or WriteProcessMemory request was completed. (0x12B)
[0319/172622.043:WARNING:pe_image_reader.cc(340)] could not read dos header from C:\windows\System32\shlwapi.dll
[0319/172622.043:ERROR:process_memory_win.cc(73)] ReadMemory at 0x7ffd25260000 of 64 bytes failed: Only part of a ReadProcessMemory or WriteProcessMemory request was completed. (0x12B)
[0319/172622.044:WARNING:pe_image_reader.cc(340)] could not read dos header from C:\windows\System32\GDI32.dll
[0319/172622.044:ERROR:process_memory_win.cc(73)] ReadMemory at 0x7ffd215f0000 of 64 bytes failed: Only part of a ReadProcessMemory or WriteProcessMemory request was completed. (0x12B)
[0319/172622.044:WARNING:pe_image_reader.cc(340)] could not read dos header from C:\windows\System32\gdi32full.dll
[0319/172622.044:ERROR:process_memory_win.cc(73)] ReadMemory at 0x7ffd24860000 of 64 bytes failed: Only part of a ReadProcessMemory or WriteProcessMemory request was completed. (0x12B)
[0319/172622.044:WARNING:pe_image_reader.cc(340)] could not read dos header from C:\windows\System32\USER32.dll
[0319/172622.044:ERROR:process_memory_win.cc(73)] ReadMemory at 0x7ffd21550000 of 64 bytes failed: Only part of a ReadProcessMemory or WriteProcessMemory request was completed. (0x12B)
[0319/172622.044:WARNING:pe_image_reader.cc(340)] could not read dos header from C:\windows\System32\win32u.dll
[0319/172622.044:ERROR:process_memory_win.cc(73)] ReadMemory at 0x7ffd21f40000 of 64 bytes failed: Only part of a ReadProcessMemory or WriteProcessMemory request was completed. (0x12B)
[0319/172622.044:WARNING:pe_image_reader.cc(340)] could not read dos header from C:\windows\System32\cryptsp.dll
[0319/172622.044:ERROR:process_memory_win.cc(73)] ReadMemory at 0x7ffd23c50000 of 64 bytes failed: Only part of a ReadProcessMemory or WriteProcessMemory request was completed. (0x12B)
[0319/172622.044:WARNING:pe_image_reader.cc(340)] could not read dos header from C:\windows\System32\IMM32.DLL
[0319/172622.044:ERROR:process_memory_win.cc(73)] ReadMemory at 0x7ffd20e60000 of 64 bytes failed: Only part of a ReadProcessMemory or WriteProcessMemory request was completed. (0x12B)
[0319/172622.044:WARNING:pe_image_reader.cc(340)] could not read dos header from C:\windows\SYSTEM32\CRYPTBASE.DLL
[0319/172622.044:ERROR:process_memory_win.cc(73)] ReadMemory at 0x7ff702da0000 of 64 bytes failed: Only part of a ReadProcessMemory or WriteProcessMemory request was completed. (0x12B)
[0319/172622.044:WARNING:pe_image_reader.cc(340)] could not read dos header from C:\Program Files (x86)\Google\Chrome\Application\chrome.exe
[0319/172622.044:ERROR:process_memory_win.cc(73)] ReadMemory at 0x7ffd25490000 of 64 bytes failed: Only part of a ReadProcessMemory or WriteProcessMemory request was completed. (0x12B)
[0319/172622.044:WARNING:pe_image_reader.cc(340)] could not read dos header from C:\windows\SYSTEM32\ntdll.dll
[0319/172622.044:ERROR:process_memory_win.cc(73)] ReadMemory at 0x7ffd24f70000 of 64 bytes failed: Only part of a ReadProcessMemory or WriteProcessMemory request was completed. (0x12B)
[0319/172622.044:WARNING:pe_image_reader.cc(340)] could not read dos header from C:\windows\System32\KERNEL32.DLL
[0319/172622.044:ERROR:process_memory_win.cc(73)] ReadMemory at 0x7ffd21790000 of 64 bytes failed: Only part of a ReadProcessMemory or WriteProcessMemory request was completed. (0x12B)
[0319/172622.044:WARNING:pe_image_reader.cc(340)] could not read dos header from C:\windows\System32\KERNELBASE.dll
[0319/172622.044:ERROR:process_memory_win.cc(73)] ReadMemory at 0x7ffd0b930000 of 64 bytes failed: Only part of a ReadProcessMemory or WriteProcessMemory request was completed. (0x12B)
[0319/172622.044:WARNING:pe_image_reader.cc(340)] could not read dos header from C:\Program Files (x86)\Google\Chrome\Application\80.0.3987.132\chrome_elf.dll
[0319/172622.044:ERROR:process_memory_win.cc(73)] ReadMemory at 0x7ffd19d80000 of 64 bytes failed: Only part of a ReadProcessMemory or WriteProcessMemory request was completed. (0x12B)
[0319/172622.044:WARNING:pe_image_reader.cc(340)] could not read dos header from C:\windows\SYSTEM32\VERSION.dll
[0319/172622.044:ERROR:process_memory_win.cc(73)] ReadMemory at 0x7ffd24030000 of 64 bytes failed: Only part of a ReadProcessMemory or WriteProcessMemory request was completed. (0x12B)
[0319/172622.044:WARNING:pe_image_reader.cc(340)] could not read dos header from C:\windows\System32\msvcrt.dll
[0319/172622.045:ERROR:process_memory_win.cc(73)] ReadMemory at 0x7ffd21570000 of 64 bytes failed: Only part of a ReadProcessMemory or WriteProcessMemory request was completed. (0x12B)
[0319/172622.045:WARNING:pe_image_reader.cc(340)] could not read dos header from C:\windows\System32\bcryptPrimitives.dll
[0319/172622.045:ERROR:process_memory_win.cc(73)] ReadMemory at 0x7ffd240d0000 of 64 bytes failed: Only part of a ReadProcessMemory or WriteProcessMemory request was completed. (0x12B)
[0319/172622.045:WARNING:pe_image_reader.cc(340)] could not read dos header from C:\windows\System32\ADVAPI32.dll
[0319/172622.045:ERROR:process_memory_win.cc(73)] ReadMemory at 0x7ffd23bb0000 of 64 bytes failed: Only part of a ReadProcessMemory or WriteProcessMemory request was completed. (0x12B)
[0319/172622.045:WARNING:pe_image_reader.cc(340)] could not read dos header from C:\windows\System32\sechost.dll
[0319/172622.045:ERROR:process_memory_win.cc(73)] ReadMemory at 0x7ffd24490000 of 64 bytes failed: Only part of a ReadProcessMemory or WriteProcessMemory request was completed. (0x12B)
[0319/172622.045:WARNING:pe_image_reader.cc(340)] could not read dos header from C:\windows\System32\RPCRT4.dll
[0319/172622.045:ERROR:process_memory_win.cc(73)] ReadMemory at 0x7ffccfd10000 of 64 bytes failed: Only part of a ReadProcessMemory or WriteProcessMemory request was completed. (0x12B)
[0319/172622.045:WARNING:pe_image_reader.cc(340)] could not read dos header from C:\Program Files (x86)\Google\Chrome\Application\80.0.3987.132\chrome.dll
[0319/172622.045:ERROR:process_memory_win.cc(73)] ReadMemory at 0x7ffd253f0000 of 64 bytes failed: Only part of a ReadProcessMemory or WriteProcessMemory request was completed. (0x12B)
[0319/172622.045:WARNING:pe_image_reader.cc(340)] could not read dos header from C:\windows\System32\WS2_32.dll
[0319/172622.045:ERROR:process_memory_win.cc(73)] ReadMemory at 0x7ffd24790000 of 64 bytes failed: Only part of a ReadProcessMemory or WriteProcessMemory request was completed. (0x12B)
[0319/172622.045:WARNING:pe_image_reader.cc(340)] could not read dos header from C:\windows\System32\OLEAUT32.dll
[0319/172622.045:ERROR:process_memory_win.cc(73)] ReadMemory at 0x7ffd21ea0000 of 64 bytes failed: Only part of a ReadProcessMemory or WriteProcessMemory request was completed. (0x12B)
[0319/172622.045:WARNING:pe_image_reader.cc(340)] could not read dos header from C:\windows\System32\msvcp_win.dll
[0319/172622.045:ERROR:process_memory_win.cc(73)] ReadMemory at 0x7ffd21da0000 of 64 bytes failed: Only part of a ReadProcessMemory or WriteProcessMemory request was completed. (0x12B)
[0319/172622.045:WARNING:pe_image_reader.cc(340)] could not read dos header from C:\windows\System32\ucrtbase.dll
[0319/172622.045:ERROR:process_memory_win.cc(73)] ReadMemory at 0x7ffd23cf0000 of 64 bytes failed: Only part of a ReadProcessMemory or WriteProcessMemory request was completed. (0x12B)
[0319/172622.045:WARNING:pe_image_reader.cc(340)] could not read dos header from C:\windows\System32\combase.dll
[0319/172622.045:ERROR:process_memory_win.cc(73)] ReadMemory at 0x7ffd21c60000 of 64 bytes failed: Only part of a ReadProcessMemory or WriteProcessMemory request was completed. (0x12B)
[0319/172622.045:WARNING:pe_image_reader.cc(340)] could not read dos header from C:\windows\System32\WINTRUST.dll
[0319/172622.045:ERROR:process_memory_win.cc(73)] ReadMemory at 0x7ffd21480000 of 64 bytes failed: Only part of a ReadProcessMemory or WriteProcessMemory request was completed. (0x12B)
[0319/172622.045:WARNING:pe_image_reader.cc(340)] could not read dos header from C:\windows\System32\MSASN1.dll
[0319/172622.045:ERROR:process_memory_win.cc(73)] ReadMemory at 0x7ffd21a30000 of 64 bytes failed: Only part of a ReadProcessMemory or WriteProcessMemory request was completed. (0x12B)
[0319/172622.045:WARNING:pe_image_reader.cc(340)] could not read dos header from C:\windows\System32\CRYPT32.dll
[0319/172622.045:ERROR:process_memory_win.cc(73)] ReadMemory at 0x7ffd209b0000 of 64 bytes failed: Only part of a ReadProcessMemory or WriteProcessMemory request was completed. (0x12B)
[0319/172622.045:WARNING:pe_image_reader.cc(340)] could not read dos header from C:\windows\SYSTEM32\IPHLPAPI.DLL
[0319/172622.045:ERROR:process_memory_win.cc(73)] ReadMemory at 0x7ffd1f5c0000 of 64 bytes failed: Only part of a ReadProcessMemory or WriteProcessMemory request was completed. (0x12B)
[0319/172622.045:WARNING:pe_image_reader.cc(340)] could not read dos header from C:\windows\SYSTEM32\WINMM.dll
[0319/172622.045:ERROR:process_memory_win.cc(73)] ReadMemory at 0x7ffd177d0000 of 64 bytes failed: Only part of a ReadProcessMemory or WriteProcessMemory request was completed. (0x12B)
[0319/172622.045:WARNING:pe_image_reader.cc(340)] could not read dos header from C:\windows\SYSTEM32\Secur32.dll
[0319/172622.045:ERROR:process_memory_win.cc(73)] ReadMemory at 0x7ffd21380000 of 64 bytes failed: Only part of a ReadProcessMemory or WriteProcessMemory request was completed. (0x12B)
[0319/172622.045:WARNING:pe_image_reader.cc(340)] could not read dos header from C:\windows\SYSTEM32\USERENV.dll
[0319/172622.045:ERROR:process_memory_win.cc(73)] ReadMemory at 0x7ffd214c0000 of 64 bytes failed: Only part of a ReadProcessMemory or WriteProcessMemory request was completed. (0x12B)
[0319/172622.045:WARNING:pe_image_reader.cc(340)] could not read dos header from C:\windows\System32\profapi.dll
[0319/172622.045:ERROR:process_memory_win.cc(73)] ReadMemory at 0x7ffcf5960000 of 64 bytes failed: Only part of a ReadProcessMemory or WriteProcessMemory request was completed. (0x12B)
[0319/172622.045:WARNING:pe_image_reader.cc(340)] could not read dos header from C:\windows\SYSTEM32\UIAutomationCore.DLL
[0319/172622.045:ERROR:process_memory_win.cc(73)] ReadMemory at 0x7ffd0d5f0000 of 64 bytes failed: Only part of a ReadProcessMemory or WriteProcessMemory request was completed. (0x12B)
[0319/172622.045:WARNING:pe_image_reader.cc(340)] could not read dos header from C:\windows\SYSTEM32\DWrite.dll
[0319/172622.046:ERROR:process_memory_win.cc(73)] ReadMemory at 0x7ffd1aeb0000 of 64 bytes failed: Only part of a ReadProcessMemory or WriteProcessMemory request was completed. (0x12B)
[0319/172622.046:WARNING:pe_image_reader.cc(340)] could not read dos header from C:\windows\SYSTEM32\WINSPOOL.DRV
[0319/172622.046:ERROR:process_memory_win.cc(73)] ReadMemory at 0x7ffd214a0000 of 64 bytes failed: Only part of a ReadProcessMemory or WriteProcessMemory request was completed. (0x12B)
[0319/172622.046:WARNING:pe_image_reader.cc(340)] could not read dos header from C:\windows\System32\kernel.appcore.dll
[0319/172622.046:ERROR:process_memory_win.cc(73)] ReadMemory at 0x7ffd21d70000 of 64 bytes failed: Only part of a ReadProcessMemory or WriteProcessMemory request was completed. (0x12B)
[0319/172622.046:WARNING:pe_image_reader.cc(340)] could not read dos header from C:\windows\System32\bcrypt.dll
[0319/172622.046:ERROR:process_memory_win.cc(73)] ReadMemory at 0x7ffd119a0000 of 64 bytes failed: Only part of a ReadProcessMemory or WriteProcessMemory request was completed. (0x12B)
[0319/172622.046:WARNING:pe_image_reader.cc(340)] could not read dos header from C:\windows\SYSTEM32\dbghelp.dll
[0319/172622.046:ERROR:process_memory_win.cc(73)] ReadMemory at 0x7ffd1b840000 of 64 bytes failed: Only part of a ReadProcessMemory or WriteProcessMemory request was completed. (0x12B)
[0319/172622.046:WARNING:pe_image_reader.cc(340)] could not read dos header from C:\windows\SYSTEM32\WINHTTP.dll
[0319/172622.046:ERROR:process_memory_win.cc(73)] ReadMemory at 0x7ffd1a230000 of 64 bytes failed: Only part of a ReadProcessMemory or WriteProcessMemory request was completed. (0x12B)
[0319/172622.046:WARNING:pe_image_reader.cc(340)] could not read dos header from C:\windows\SYSTEM32\dhcpcsvc.DLL
[0319/172622.046:ERROR:process_memory_win.cc(73)] ReadMemory at 0x7ffd24020000 of 64 bytes failed: Only part of a ReadProcessMemory or WriteProcessMemory request was completed. (0x12B)
[0319/172622.046:WARNING:pe_image_reader.cc(340)] could not read dos header from C:\windows\System32\NSI.dll
[0319/172622.046:ERROR:process_memory_win.cc(73)] ReadMemory at 0x7ffd1f590000 of 64 bytes failed: Only part of a ReadProcessMemory or WriteProcessMemory request was completed. (0x12B)
[0319/172622.046:WARNING:pe_image_reader.cc(340)] could not read dos header from C:\windows\SYSTEM32\WINMMBASE.dll
[0319/172622.046:ERROR:process_memory_win.cc(73)] ReadMemory at 0x7ffd21c10000 of 64 bytes failed: Only part of a ReadProcessMemory or WriteProcessMemory request was completed. (0x12B)
[0319/172622.046:WARNING:pe_image_reader.cc(340)] could not read dos header from C:\windows\System32\cfgmgr32.dll
[0319/172622.046:ERROR:process_memory_win.cc(73)] ReadMemory at 0x7ffd105a0000 of 64 bytes failed: Only part of a ReadProcessMemory or WriteProcessMemory request was completed. (0x12B)
[0319/172622.046:WARNING:pe_image_reader.cc(340)] could not read dos header from C:\windows\SYSTEM32\Bcp47Langs.dll
[0319/172622.046:ERROR:process_memory_win.cc(73)] ReadMemory at 0x7ffd1de70000 of 64 bytes failed: Only part of a ReadProcessMemory or WriteProcessMemory request was completed. (0x12B)
[0319/172622.046:WARNING:pe_image_reader.cc(340)] could not read dos header from C:\windows\SYSTEM32\PROPSYS.dll
[0319/172622.046:ERROR:process_memory_win.cc(73)] ReadMemory at 0x7ffd25340000 of 64 bytes failed: Only part of a ReadProcessMemory or WriteProcessMemory request was completed. (0x12B)
[0319/172622.046:WARNING:pe_image_reader.cc(340)] could not read dos header from C:\windows\System32\shcore.dll
[0319/172622.046:ERROR:process_memory_win.cc(73)] ReadMemory at 0x7ffd213b0000 of 64 bytes failed: Only part of a ReadProcessMemory or WriteProcessMemory request was completed. (0x12B)
[0319/172622.046:WARNING:pe_image_reader.cc(340)] could not read dos header from C:\windows\SYSTEM32\SSPICLI.DLL
[0319/172622.046:ERROR:process_memory_win.cc(73)] ReadMemory at 0x7ffd226b0000 of 64 bytes failed: Only part of a ReadProcessMemory or WriteProcessMemory request was completed. (0x12B)
[0319/172622.046:WARNING:pe_image_reader.cc(340)] could not read dos header from C:\windows\System32\SHELL32.dll
[0319/172622.046:ERROR:process_memory_win.cc(73)] ReadMemory at 0x7ffd21f60000 of 64 bytes failed: Only part of a ReadProcessMemory or WriteProcessMemory request was completed. (0x12B)
[0319/172622.046:WARNING:pe_image_reader.cc(340)] could not read dos header from C:\windows\System32\windows.storage.dll
[0319/172622.046:ERROR:process_memory_win.cc(73)] ReadMemory at 0x7ffd214f0000 of 64 bytes failed: Only part of a ReadProcessMemory or WriteProcessMemory request was completed. (0x12B)
[0319/172622.046:WARNING:pe_image_reader.cc(340)] could not read dos header from C:\windows\System32\powrprof.dll
[0319/172622.046:ERROR:process_memory_win.cc(73)] ReadMemory at 0x7ffd24a70000 of 64 bytes failed: Only part of a ReadProcessMemory or WriteProcessMemory request was completed. (0x12B)
[0319/172622.046:WARNING:pe_image_reader.cc(340)] could not read dos header from C:\windows\System32\shlwapi.dll
[0319/172622.047:ERROR:process_memory_win.cc(73)] ReadMemory at 0x7ffd25260000 of 64 bytes failed: Only part of a ReadProcessMemory or WriteProcessMemory request was completed. (0x12B)
[0319/172622.048:WARNING:pe_image_reader.cc(340)] could not read dos header from C:\windows\System32\GDI32.dll
[0319/172622.048:ERROR:process_memory_win.cc(73)] ReadMemory at 0x7ffd215f0000 of 64 bytes failed: Only part of a ReadProcessMemory or WriteProcessMemory request was completed. (0x12B)
[0319/172622.048:WARNING:pe_image_reader.cc(340)] could not read dos header from C:\windows\System32\gdi32full.dll
[0319/172622.048:ERROR:process_memory_win.cc(73)] ReadMemory at 0x7ffd24860000 of 64 bytes failed: Only part of a ReadProcessMemory or WriteProcessMemory request was completed. (0x12B)
[0319/172622.048:WARNING:pe_image_reader.cc(340)] could not read dos header from C:\windows\System32\USER32.dll
[0319/172622.048:ERROR:process_memory_win.cc(73)] ReadMemory at 0x7ffd21550000 of 64 bytes failed: Only part of a ReadProcessMemory or WriteProcessMemory request was completed. (0x12B)
[0319/172622.048:WARNING:pe_image_reader.cc(340)] could not read dos header from C:\windows\System32\win32u.dll
[0319/172622.048:ERROR:process_memory_win.cc(73)] ReadMemory at 0x7ffd21f40000 of 64 bytes failed: Only part of a ReadProcessMemory or WriteProcessMemory request was completed. (0x12B)
[0319/172622.048:WARNING:pe_image_reader.cc(340)] could not read dos header from C:\windows\System32\cryptsp.dll
[0319/172622.048:ERROR:process_memory_win.cc(73)] ReadMemory at 0x7ffd23c50000 of 64 bytes failed: Only part of a ReadProcessMemory or WriteProcessMemory request was completed. (0x12B)
[0319/172622.048:WARNING:pe_image_reader.cc(340)] could not read dos header from C:\windows\System32\IMM32.DLL
[0319/172622.048:ERROR:process_memory_win.cc(73)] ReadMemory at 0x7ffd20e60000 of 64 bytes failed: Only part of a ReadProcessMemory or WriteProcessMemory request was completed. (0x12B)
[0319/172622.048:WARNING:pe_image_reader.cc(340)] could not read dos header from C:\windows\SYSTEM32\CRYPTBASE.DLL
[0319/172622.061:ERROR:process_memory_win.cc(73)] ReadMemory at 0xd7767e8000 of 98304 bytes failed: Only part of a ReadProcessMemory or WriteProcessMemory request was completed. (0x12B)
[0319/172622.061:ERROR:process_memory_win.cc(73)] ReadMemory at 0xd776ffd000 of 12288 bytes failed: Only part of a ReadProcessMemory or WriteProcessMemory request was completed. (0x12B)
[0319/172622.061:ERROR:process_memory_win.cc(73)] ReadMemory at 0xd7777f7000 of 36864 bytes failed: Only part of a ReadProcessMemory or WriteProcessMemory request was completed. (0x12B)
[0319/172622.061:ERROR:process_memory_win.cc(73)] ReadMemory at 0xd777ffc000 of 16384 bytes failed: Only part of a ReadProcessMemory or WriteProcessMemory request was completed. (0x12B)
[0319/172622.061:ERROR:process_memory_win.cc(73)] ReadMemory at 0xd7787fb000 of 20480 bytes failed: Only part of a ReadProcessMemory or WriteProcessMemory request was completed. (0x12B)
[0319/172622.061:ERROR:process_memory_win.cc(73)] ReadMemory at 0xd778ffe000 of 8192 bytes failed: Only part of a ReadProcessMemory or WriteProcessMemory request was completed. (0x12B)
[0319/172622.061:ERROR:process_memory_win.cc(73)] ReadMemory at 0xd7797fd000 of 12288 bytes failed: Only part of a ReadProcessMemory or WriteProcessMemory request was completed. (0x12B)
[0319/172622.061:ERROR:process_memory_win.cc(73)] ReadMemory at 0xd779ffb000 of 20480 bytes failed: Only part of a ReadProcessMemory or WriteProcessMemory request was completed. (0x12B)
[0319/172622.061:ERROR:process_memory_win.cc(73)] ReadMemory at 0xd77a7fd000 of 12288 bytes failed: Only part of a ReadProcessMemory or WriteProcessMemory request was completed. (0x12B)
[0319/172622.062:ERROR:process_memory_win.cc(73)] ReadMemory at 0xd77aff9000 of 28672 bytes failed: Only part of a ReadProcessMemory or WriteProcessMemory request was completed. (0x12B)
[0319/172622.062:ERROR:process_memory_win.cc(73)] ReadMemory at 0xd77b7fb000 of 20480 bytes failed: Only part of a ReadProcessMemory or WriteProcessMemory request was completed. (0x12B)
[0319/172622.062:ERROR:process_memory_win.cc(73)] ReadMemory at 0xd77c7f7000 of 36864 bytes failed: Only part of a ReadProcessMemory or WriteProcessMemory request was completed. (0x12B)
[0319/172622.062:ERROR:process_memory_win.cc(73)] ReadMemory at 0xd77cff7000 of 36864 bytes failed: Only part of a ReadProcessMemory or WriteProcessMemory request was completed. (0x12B)
[0319/172622.062:ERROR:process_memory_win.cc(73)] ReadMemory at 0xd775fd3000 of 852 bytes failed: Only part of a ReadProcessMemory or WriteProcessMemory request was completed. (0x12B)
[0319/172622.062:ERROR:process_memory_win.cc(73)] ReadMemory at 0xd775fd4000 of 6024 bytes failed: Only part of a ReadProcessMemory or WriteProcessMemory request was completed. (0x12B)
[0319/172622.062:ERROR:process_memory_win.cc(73)] ReadMemory at 0xd775fd6000 of 6024 bytes failed: Only part of a ReadProcessMemory or WriteProcessMemory request was completed. (0x12B)
[0319/172622.062:ERROR:process_memory_win.cc(73)] ReadMemory at 0xd775fd8000 of 6024 bytes failed: Only part of a ReadProcessMemory or WriteProcessMemory request was completed. (0x12B)
[0319/172622.062:ERROR:process_memory_win.cc(73)] ReadMemory at 0xd775fda000 of 6024 bytes failed: Only part of a ReadProcessMemory or WriteProcessMemory request was completed. (0x12B)
[0319/172622.062:ERROR:process_memory_win.cc(73)] ReadMemory at 0xd775fdc000 of 6024 bytes failed: Only part of a ReadProcessMemory or WriteProcessMemory request was completed. (0x12B)
[0319/172622.062:ERROR:process_memory_win.cc(73)] ReadMemory at 0xd775fde000 of 6024 bytes failed: Only part of a ReadProcessMemory or WriteProcessMemory request was completed. (0x12B)
[0319/172622.062:ERROR:process_memory_win.cc(73)] ReadMemory at 0xd775fe0000 of 6024 bytes failed: Only part of a ReadProcessMemory or WriteProcessMemory request was completed. (0x12B)
[0319/172622.062:ERROR:process_memory_win.cc(73)] ReadMemory at 0xd775fe2000 of 6024 bytes failed: Only part of a ReadProcessMemory or WriteProcessMemory request was completed. (0x12B)
[0319/172622.063:ERROR:process_memory_win.cc(73)] ReadMemory at 0xd775fe4000 of 6024 bytes failed: Only part of a ReadProcessMemory or WriteProcessMemory request was completed. (0x12B)
[0319/172622.063:ERROR:process_memory_win.cc(73)] ReadMemory at 0xd775fe6000 of 6024 bytes failed: Only part of a ReadProcessMemory or WriteProcessMemory request was completed. (0x12B)
[0319/172622.063:ERROR:process_memory_win.cc(73)] ReadMemory at 0xd775fe8000 of 6024 bytes failed: Only part of a ReadProcessMemory or WriteProcessMemory request was completed. (0x12B)
[0319/172622.063:ERROR:process_memory_win.cc(73)] ReadMemory at 0xd775fec000 of 6024 bytes failed: Only part of a ReadProcessMemory or WriteProcessMemory request was completed. (0x12B)
[0319/172622.063:ERROR:process_memory_win.cc(73)] ReadMemory at 0xd775fee000 of 6024 bytes failed: Only part of a ReadProcessMemory or WriteProcessMemory request was completed. (0x12B)
[0319/172622.063:ERROR:process_memory_win.cc(73)] ReadMemory at 0x217abf60fe0 of 4890 bytes failed: Only part of a ReadProcessMemory or WriteProcessMemory request was completed. (0x12B)
[0319/172622.063:ERROR:process_memory_win.cc(73)] ReadMemory at 0x217abf62310 of 1012 bytes failed: Only part of a ReadProcessMemory or WriteProcessMemory request was completed. (0x12B)
[0319/172622.063:ERROR:process_memory_win.cc(73)] ReadMemory at 0x217abf62938 of 118 bytes failed: Only part of a ReadProcessMemory or WriteProcessMemory request was completed. (0x12B)
[0319/172622.063:ERROR:process_memory_win.cc(73)] ReadMemory at 0x217abf629b0 of 1232 bytes failed: Only part of a ReadProcessMemory or WriteProcessMemory request was completed. (0x12B)
[0319/172622.063:ERROR:process_memory_win.cc(73)] ReadMemory at 0x217abf62e82 of 118 bytes failed: Only part of a ReadProcessMemory or WriteProcessMemory request was completed. (0x12B)
[0319/172622.063:ERROR:process_memory_win.cc(73)] ReadMemory at 0x217abf62efa of 96 bytes failed: Only part of a ReadProcessMemory or WriteProcessMemory request was completed. (0x12B)
[0319/172622.063:ERROR:process_memory_win.cc(73)] ReadMemory at 0x217abf62f70 of 58 bytes failed: Only part of a ReadProcessMemory or WriteProcessMemory request was completed. (0x12B)
[0319/172622.063:ERROR:process_memory_win.cc(73)] ReadMemory at 0x217abf63070 of 132 bytes failed: Only part of a ReadProcessMemory or WriteProcessMemory request was completed. (0x12B)
[0319/172622.063:ERROR:process_memory_win.cc(73)] ReadMemory at 0x217abf63200 of 132 bytes failed: Only part of a ReadProcessMemory or WriteProcessMemory request was completed. (0x12B)
[0319/172622.063:ERROR:process_memory_win.cc(73)] ReadMemory at 0x217abf633c0 of 126 bytes failed: Only part of a ReadProcessMemory or WriteProcessMemory request was completed. (0x12B)
[0319/172622.064:ERROR:process_memory_win.cc(73)] ReadMemory at 0x217abf637a0 of 132 bytes failed: Only part of a ReadProcessMemory or WriteProcessMemory request was completed. (0x12B)
[0319/172622.064:ERROR:process_memory_win.cc(73)] ReadMemory at 0x217abf63930 of 64 bytes failed: Only part of a ReadProcessMemory or WriteProcessMemory request was completed. (0x12B)
[0319/172622.064:ERROR:process_memory_win.cc(73)] ReadMemory at 0x217abf63980 of 132 bytes failed: Only part of a ReadProcessMemory or WriteProcessMemory request was completed. (0x12B)
[0319/172622.064:ERROR:process_memory_win.cc(73)] ReadMemory at 0x217abf63af0 of 132 bytes failed: Only part of a ReadProcessMemory or WriteProcessMemory request was completed. (0x12B)
[0319/172622.064:ERROR:process_memory_win.cc(73)] ReadMemory at 0x217abf63d90 of 132 bytes failed: Only part of a ReadProcessMemory or WriteProcessMemory request was completed. (0x12B)
[0319/172622.064:ERROR:process_memory_win.cc(73)] ReadMemory at 0x217abf63f20 of 68 bytes failed: Only part of a ReadProcessMemory or WriteProcessMemory request was completed. (0x12B)
[0319/172622.064:ERROR:process_memory_win.cc(73)] ReadMemory at 0x217abf64fd0 of 132 bytes failed: Only part of a ReadProcessMemory or WriteProcessMemory request was completed. (0x12B)
[0319/172622.064:ERROR:process_memory_win.cc(73)] ReadMemory at 0x217abf65160 of 154 bytes failed: Only part of a ReadProcessMemory or WriteProcessMemory request was completed. (0x12B)
[0319/172622.064:ERROR:process_memory_win.cc(73)] ReadMemory at 0x217abf66030 of 62 bytes failed: Only part of a ReadProcessMemory or WriteProcessMemory request was completed. (0x12B)
[0319/172622.064:ERROR:process_memory_win.cc(73)] ReadMemory at 0x217abf660b0 of 146 bytes failed: Only part of a ReadProcessMemory or WriteProcessMemory request was completed. (0x12B)
[0319/172622.064:ERROR:process_memory_win.cc(73)] ReadMemory at 0x217abf66190 of 132 bytes failed: Only part of a ReadProcessMemory or WriteProcessMemory request was completed. (0x12B)
[0319/172622.064:ERROR:process_memory_win.cc(73)] ReadMemory at 0x217abf66320 of 60 bytes failed: Only part of a ReadProcessMemory or WriteProcessMemory request was completed. (0x12B)
[0319/172622.064:ERROR:process_memory_win.cc(73)] ReadMemory at 0x217abf67da0 of 132 bytes failed: Only part of a ReadProcessMemory or WriteProcessMemory request was completed. (0x12B)
[0319/172622.064:ERROR:process_memory_win.cc(73)] ReadMemory at 0x217abf6a5a0 of 132 bytes failed: Only part of a ReadProcessMemory or WriteProcessMemory request was completed. (0x12B)
[0319/172622.064:ERROR:process_memory_win.cc(73)] ReadMemory at 0x217abf6a7b0 of 132 bytes failed: Only part of a ReadProcessMemory or WriteProcessMemory request was completed. (0x12B)
[0319/172622.064:ERROR:process_memory_win.cc(73)] ReadMemory at 0x217abf6aa60 of 132 bytes failed: Only part of a ReadProcessMemory or WriteProcessMemory request was completed. (0x12B)
[0319/172622.065:ERROR:process_memory_win.cc(73)] ReadMemory at 0x217abf6abf0 of 80 bytes failed: Only part of a ReadProcessMemory or WriteProcessMemory request was completed. (0x12B)
[0319/172622.065:ERROR:process_memory_win.cc(73)] ReadMemory at 0x217abf6af40 of 62 bytes failed: Only part of a ReadProcessMemory or WriteProcessMemory request was completed. (0x12B)
[0319/172622.065:ERROR:process_memory_win.cc(73)] ReadMemory at 0x217abf6af90 of 62 bytes failed: Only part of a ReadProcessMemory or WriteProcessMemory request was completed. (0x12B)
[0319/172622.065:ERROR:process_memory_win.cc(73)] ReadMemory at 0x217abf6afe0 of 64 bytes failed: Only part of a ReadProcessMemory or WriteProcessMemory request was completed. (0x12B)
[0319/172622.065:ERROR:process_memory_win.cc(73)] ReadMemory at 0x217abf6b170 of 64 bytes failed: Only part of a ReadProcessMemory or WriteProcessMemory request was completed. (0x12B)
[0319/172622.065:ERROR:process_memory_win.cc(73)] ReadMemory at 0x217abf6b1c0 of 60 bytes failed: Only part of a ReadProcessMemory or WriteProcessMemory request was completed. (0x12B)
[0319/172622.065:ERROR:process_memory_win.cc(73)] ReadMemory at 0x217abf6b350 of 60 bytes failed: Only part of a ReadProcessMemory or WriteProcessMemory request was completed. (0x12B)
[0319/172622.065:ERROR:process_memory_win.cc(73)] ReadMemory at 0x217abf6b3a0 of 64 bytes failed: Only part of a ReadProcessMemory or WriteProcessMemory request was completed. (0x12B)
[0319/172622.065:ERROR:process_memory_win.cc(73)] ReadMemory at 0x217abf6b3f0 of 66 bytes failed: Only part of a ReadProcessMemory or WriteProcessMemory request was completed. (0x12B)
[0319/172622.065:ERROR:process_memory_win.cc(73)] ReadMemory at 0x217abf6b440 of 64 bytes failed: Only part of a ReadProcessMemory or WriteProcessMemory request was completed. (0x12B)
[0319/172622.065:ERROR:process_memory_win.cc(73)] ReadMemory at 0x217abf6b970 of 132 bytes failed: Only part of a ReadProcessMemory or WriteProcessMemory request was completed. (0x12B)
[0319/172622.065:ERROR:process_memory_win.cc(73)] ReadMemory at 0x217abf6bbd0 of 132 bytes failed: Only part of a ReadProcessMemory or WriteProcessMemory request was completed. (0x12B)
[0319/172622.065:ERROR:process_memory_win.cc(73)] ReadMemory at 0x217abf6bd00 of 132 bytes failed: Only part of a ReadProcessMemory or WriteProcessMemory request was completed. (0x12B)
[0319/172622.065:ERROR:process_memory_win.cc(73)] ReadMemory at 0x217abf6be30 of 132 bytes failed: Only part of a ReadProcessMemory or WriteProcessMemory request was completed. (0x12B)
[0319/172622.065:ERROR:process_memory_win.cc(73)] ReadMemory at 0x217abf6bf60 of 132 bytes failed: Only part of a ReadProcessMemory or WriteProcessMemory request was completed. (0x12B)
[0319/172622.065:ERROR:process_memory_win.cc(73)] ReadMemory at 0x217abf6c090 of 132 bytes failed: Only part of a ReadProcessMemory or WriteProcessMemory request was completed. (0x12B)
[0319/172622.065:ERROR:process_memory_win.cc(73)] ReadMemory at 0x217abf6c1c0 of 132 bytes failed: Only part of a ReadProcessMemory or WriteProcessMemory request was completed. (0x12B)
[0319/172622.065:ERROR:process_memory_win.cc(73)] ReadMemory at 0x217abf6c2f0 of 132 bytes failed: Only part of a ReadProcessMemory or WriteProcessMemory request was completed. (0x12B)
[0319/172622.065:ERROR:process_memory_win.cc(73)] ReadMemory at 0x217abf6c420 of 132 bytes failed: Only part of a ReadProcessMemory or WriteProcessMemory request was completed. (0x12B)
[0319/172622.065:ERROR:process_memory_win.cc(73)] ReadMemory at 0x217abf6c550 of 132 bytes failed: Only part of a ReadProcessMemory or WriteProcessMemory request was completed. (0x12B)
[0319/172622.066:ERROR:process_memory_win.cc(73)] ReadMemory at 0x217abf6c680 of 132 bytes failed: Only part of a ReadProcessMemory or WriteProcessMemory request was completed. (0x12B)
[0319/172622.066:ERROR:process_memory_win.cc(73)] ReadMemory at 0x217abf6c7b0 of 132 bytes failed: Only part of a ReadProcessMemory or WriteProcessMemory request was completed. (0x12B)
[0319/172622.066:ERROR:process_memory_win.cc(73)] ReadMemory at 0x217abf6e260 of 54 bytes failed: Only part of a ReadProcessMemory or WriteProcessMemory request was completed. (0x12B)
[0319/172622.066:ERROR:process_memory_win.cc(73)] ReadMemory at 0x217abf6f330 of 132 bytes failed: Only part of a ReadProcessMemory or WriteProcessMemory request was completed. (0x12B)
[0319/172622.066:ERROR:process_memory_win.cc(73)] ReadMemory at 0x217abf6f550 of 132 bytes failed: Only part of a ReadProcessMemory or WriteProcessMemory request was completed. (0x12B)
[0319/172622.066:ERROR:process_memory_win.cc(73)] ReadMemory at 0x217abf6fe20 of 132 bytes failed: Only part of a ReadProcessMemory or WriteProcessMemory request was completed. (0x12B)
[0319/172622.066:ERROR:process_memory_win.cc(73)] ReadMemory at 0x217abf70320 of 132 bytes failed: Only part of a ReadProcessMemory or WriteProcessMemory request was completed. (0x12B)
[0319/172622.066:ERROR:process_memory_win.cc(73)] ReadMemory at 0x217abf70450 of 132 bytes failed: Only part of a ReadProcessMemory or WriteProcessMemory request was completed. (0x12B)
[0319/172622.066:ERROR:process_memory_win.cc(73)] ReadMemory at 0x217abf75870 of 64 bytes failed: Only part of a ReadProcessMemory or WriteProcessMemory request was completed. (0x12B)
[0319/172622.066:ERROR:process_memory_win.cc(73)] ReadMemory at 0x217abf75c30 of 58 bytes failed: Only part of a ReadProcessMemory or WriteProcessMemory request was completed. (0x12B)
[0319/172622.066:ERROR:process_memory_win.cc(73)] ReadMemory at 0x217abf75c80 of 62 bytes failed: Only part of a ReadProcessMemory or WriteProcessMemory request was completed. (0x12B)
[0319/172622.066:ERROR:process_memory_win.cc(73)] ReadMemory at 0x217abf75d20 of 60 bytes failed: Only part of a ReadProcessMemory or WriteProcessMemory request was completed. (0x12B)
[0319/172622.066:ERROR:process_memory_win.cc(73)] ReadMemory at 0x217abf75d70 of 62 bytes failed: Only part of a ReadProcessMemory or WriteProcessMemory request was completed. (0x12B)
[0319/172622.066:ERROR:process_memory_win.cc(73)] ReadMemory at 0x217abf75dc0 of 60 bytes failed: Only part of a ReadProcessMemory or WriteProcessMemory request was completed. (0x12B)
[0319/172622.066:ERROR:process_memory_win.cc(73)] ReadMemory at 0x217abf75e10 of 60 bytes failed: Only part of a ReadProcessMemory or WriteProcessMemory request was completed. (0x12B)
[0319/172622.066:ERROR:process_memory_win.cc(73)] ReadMemory at 0x217abf75e60 of 60 bytes failed: Only part of a ReadProcessMemory or WriteProcessMemory request was completed. (0x12B)
[0319/172622.067:ERROR:process_memory_win.cc(73)] ReadMemory at 0x217abf75eb0 of 64 bytes failed: Only part of a ReadProcessMemory or WriteProcessMemory request was completed. (0x12B)
[0319/172622.067:ERROR:process_memory_win.cc(73)] ReadMemory at 0x217abf75fa0 of 62 bytes failed: Only part of a ReadProcessMemory or WriteProcessMemory request was completed. (0x12B)
[0319/172622.067:ERROR:process_memory_win.cc(73)] ReadMemory at 0x217abf75ff0 of 62 bytes failed: Only part of a ReadProcessMemory or WriteProcessMemory request was completed. (0x12B)
[0319/172622.067:ERROR:process_memory_win.cc(73)] ReadMemory at 0x217abf76040 of 68 bytes failed: Only part of a ReadProcessMemory or WriteProcessMemory request was completed. (0x12B)
[0319/172622.067:ERROR:process_memory_win.cc(73)] ReadMemory at 0x217abf76090 of 62 bytes failed: Only part of a ReadProcessMemory or WriteProcessMemory request was completed. (0x12B)
[0319/172622.067:ERROR:process_memory_win.cc(73)] ReadMemory at 0x217abf76270 of 62 bytes failed: Only part of a ReadProcessMemory or WriteProcessMemory request was completed. (0x12B)
[0319/172622.067:ERROR:process_memory_win.cc(73)] ReadMemory at 0x217abf763b0 of 62 bytes failed: Only part of a ReadProcessMemory or WriteProcessMemory request was completed. (0x12B)
[0319/172622.067:ERROR:process_memory_win.cc(73)] ReadMemory at 0x217abf765e0 of 64 bytes failed: Only part of a ReadProcessMemory or WriteProcessMemory request was completed. (0x12B)
[0319/172622.067:ERROR:process_memory_win.cc(73)] ReadMemory at 0x217abf76680 of 64 bytes failed: Only part of a ReadProcessMemory or WriteProcessMemory request was completed. (0x12B)
[0319/172622.067:ERROR:process_memory_win.cc(73)] ReadMemory at 0x217abf76720 of 62 bytes failed: Only part of a ReadProcessMemory or WriteProcessMemory request was completed. (0x12B)
[0319/172622.067:ERROR:process_memory_win.cc(73)] ReadMemory at 0x217abf76770 of 66 bytes failed: Only part of a ReadProcessMemory or WriteProcessMemory request was completed. (0x12B)
[0319/172622.067:ERROR:process_memory_win.cc(73)] ReadMemory at 0x217abf77250 of 80 bytes failed: Only part of a ReadProcessMemory or WriteProcessMemory request was completed. (0x12B)
[0319/172622.067:ERROR:process_memory_win.cc(73)] ReadMemory at 0x217abf77370 of 76 bytes failed: Only part of a ReadProcessMemory or WriteProcessMemory request was completed. (0x12B)
[0319/172622.067:ERROR:process_memory_win.cc(73)] ReadMemory at 0x217abf773d0 of 78 bytes failed: Only part of a ReadProcessMemory or WriteProcessMemory request was completed. (0x12B)
[0319/172622.067:ERROR:process_memory_win.cc(73)] ReadMemory at 0x217abf77f10 of 132 bytes failed: Only part of a ReadProcessMemory or WriteProcessMemory request was completed. (0x12B)
[0319/172622.069:ERROR:process_memory_win.cc(73)] ReadMemory at 0x217abf78170 of 132 bytes failed: Only part of a ReadProcessMemory or WriteProcessMemory request was completed. (0x12B)
[0319/172622.069:ERROR:process_memory_win.cc(73)] ReadMemory at 0x217abf782a0 of 132 bytes failed: Only part of a ReadProcessMemory or WriteProcessMemory request was completed. (0x12B)
[0319/172622.069:ERROR:process_memory_win.cc(73)] ReadMemory at 0x217abf783d0 of 132 bytes failed: Only part of a ReadProcessMemory or WriteProcessMemory request was completed. (0x12B)
[0319/172622.069:ERROR:process_memory_win.cc(73)] ReadMemory at 0x217abf78500 of 132 bytes failed: Only part of a ReadProcessMemory or WriteProcessMemory request was completed. (0x12B)
[0319/172622.069:ERROR:process_memory_win.cc(73)] ReadMemory at 0x217abf78630 of 132 bytes failed: Only part of a ReadProcessMemory or WriteProcessMemory request was completed. (0x12B)
[0319/172622.069:ERROR:process_memory_win.cc(73)] ReadMemory at 0x217abf78760 of 132 bytes failed: Only part of a ReadProcessMemory or WriteProcessMemory request was completed. (0x12B)
[0319/172622.069:ERROR:process_memory_win.cc(73)] ReadMemory at 0x217abf78890 of 132 bytes failed: Only part of a ReadProcessMemory or WriteProcessMemory request was completed. (0x12B)
[0319/172622.069:ERROR:process_memory_win.cc(73)] ReadMemory at 0x217abf789c0 of 132 bytes failed: Only part of a ReadProcessMemory or WriteProcessMemory request was completed. (0x12B)
[0319/172622.069:ERROR:process_memory_win.cc(73)] ReadMemory at 0x217abf78af0 of 132 bytes failed: Only part of a ReadProcessMemory or WriteProcessMemory request was completed. (0x12B)
[0319/172622.069:ERROR:process_memory_win.cc(73)] ReadMemory at 0x217abf78c20 of 132 bytes failed: Only part of a ReadProcessMemory or WriteProcessMemory request was completed. (0x12B)
[0319/172622.069:ERROR:process_memory_win.cc(73)] ReadMemory at 0x217abf78d50 of 132 bytes failed: Only part of a ReadProcessMemory or WriteProcessMemory request was completed. (0x12B)
[0319/172622.069:ERROR:process_memory_win.cc(73)] ReadMemory at 0x217abf78e80 of 132 bytes failed: Only part of a ReadProcessMemory or WriteProcessMemory request was completed. (0x12B)
[0319/172622.069:ERROR:process_memory_win.cc(73)] ReadMemory at 0x217abf78fb0 of 132 bytes failed: Only part of a ReadProcessMemory or WriteProcessMemory request was completed. (0x12B)
[0319/172622.069:ERROR:process_memory_win.cc(73)] ReadMemory at 0x217abf790e0 of 132 bytes failed: Only part of a ReadProcessMemory or WriteProcessMemory request was completed. (0x12B)
[0319/172622.069:ERROR:process_memory_win.cc(73)] ReadMemory at 0x217abf79210 of 132 bytes failed: Only part of a ReadProcessMemory or WriteProcessMemory request was completed. (0x12B)
[0319/172622.069:ERROR:process_memory_win.cc(73)] ReadMemory at 0x217abf79340 of 132 bytes failed: Only part of a ReadProcessMemory or WriteProcessMemory request was completed. (0x12B)
[0319/172622.069:ERROR:process_memory_win.cc(73)] ReadMemory at 0x217abf79800 of 132 bytes failed: Only part of a ReadProcessMemory or WriteProcessMemory request was completed. (0x12B)
[0319/172622.070:ERROR:process_memory_win.cc(73)] ReadMemory at 0x217abf79930 of 132 bytes failed: Only part of a ReadProcessMemory or WriteProcessMemory request was completed. (0x12B)
[0319/172622.070:ERROR:process_memory_win.cc(73)] ReadMemory at 0x217abf79a60 of 132 bytes failed: Only part of a ReadProcessMemory or WriteProcessMemory request was completed. (0x12B)
[0319/172622.070:ERROR:process_memory_win.cc(73)] ReadMemory at 0x217abf79b90 of 132 bytes failed: Only part of a ReadProcessMemory or WriteProcessMemory request was completed. (0x12B)
[0319/172622.070:ERROR:process_memory_win.cc(73)] ReadMemory at 0x217abf79ff0 of 512 bytes failed: Only part of a ReadProcessMemory or WriteProcessMemory request was completed. (0x12B)
[0319/172622.070:ERROR:process_memory_win.cc(73)] ReadMemory at 0x217abf84aa0 of 60 bytes failed: Only part of a ReadProcessMemory or WriteProcessMemory request was completed. (0x12B)
[0319/172622.070:ERROR:process_memory_win.cc(73)] ReadMemory at 0x217abf84b90 of 58 bytes failed: Only part of a ReadProcessMemory or WriteProcessMemory request was completed. (0x12B)
[0319/172622.070:ERROR:process_memory_win.cc(73)] ReadMemory at 0x217abf84dc0 of 66 bytes failed: Only part of a ReadProcessMemory or WriteProcessMemory request was completed. (0x12B)
[0319/172622.070:ERROR:process_memory_win.cc(73)] ReadMemory at 0x217abf84f00 of 62 bytes failed: Only part of a ReadProcessMemory or WriteProcessMemory request was completed. (0x12B)
[0319/172622.070:ERROR:process_memory_win.cc(73)] ReadMemory at 0x217abf85180 of 62 bytes failed: Only part of a ReadProcessMemory or WriteProcessMemory request was completed. (0x12B)
[0319/172622.070:ERROR:process_memory_win.cc(73)] ReadMemory at 0x217abf85310 of 64 bytes failed: Only part of a ReadProcessMemory or WriteProcessMemory request was completed. (0x12B)
[0319/172622.070:ERROR:process_memory_win.cc(73)] ReadMemory at 0x217abf85590 of 62 bytes failed: Only part of a ReadProcessMemory or WriteProcessMemory request was completed. (0x12B)
[0319/172622.070:ERROR:process_memory_win.cc(73)] ReadMemory at 0x217abf85900 of 58 bytes failed: Only part of a ReadProcessMemory or WriteProcessMemory request was completed. (0x12B)
[0319/172622.070:ERROR:process_memory_win.cc(73)] ReadMemory at 0x217abf859a0 of 60 bytes failed: Only part of a ReadProcessMemory or WriteProcessMemory request was completed. (0x12B)
[0319/172622.070:ERROR:process_memory_win.cc(73)] ReadMemory at 0x217abf99c60 of 512 bytes failed: Only part of a ReadProcessMemory or WriteProcessMemory request was completed. (0x12B)
[0319/172622.070:ERROR:process_memory_win.cc(73)] ReadMemory at 0x217abf9af50 of 512 bytes failed: Only part of a ReadProcessMemory or WriteProcessMemory request was completed. (0x12B)
[0319/172622.070:ERROR:process_memory_win.cc(73)] ReadMemory at 0x217ac1a0d60 of 512 bytes failed: Only part of a ReadProcessMemory or WriteProcessMemory request was completed. (0x12B)
[0319/172622.071:ERROR:process_memory_win.cc(73)] ReadMemory at 0x217ac2f5050 of 800 bytes failed: Only part of a ReadProcessMemory or WriteProcessMemory request was completed. (0x12B)
[0319/172622.071:ERROR:process_memory_win.cc(73)] ReadMemory at 0x217ac306ee0 of 512 bytes failed: Only part of a ReadProcessMemory or WriteProcessMemory request was completed. (0x12B)
[0319/172622.071:ERROR:process_memory_win.cc(73)] ReadMemory at 0x217ac30fe80 of 1024 bytes failed: Only part of a ReadProcessMemory or WriteProcessMemory request was completed. (0x12B)
[0319/172622.071:ERROR:process_memory_win.cc(73)] ReadMemory at 0x217ac31ccd0 of 512 bytes failed: Only part of a ReadProcessMemory or WriteProcessMemory request was completed. (0x12B)
[0319/172622.071:ERROR:process_memory_win.cc(73)] ReadMemory at 0x217ac32a6d0 of 512 bytes failed: Only part of a ReadProcessMemory or WriteProcessMemory request was completed. (0x12B)
[0319/172622.071:ERROR:process_memory_win.cc(73)] ReadMemory at 0x217ac32f748 of 656 bytes failed: Only part of a ReadProcessMemory or WriteProcessMemory request was completed. (0x12B)
[0319/172622.071:ERROR:process_memory_win.cc(73)] ReadMemory at 0x217ac3caee0 of 512 bytes failed: Only part of a ReadProcessMemory or WriteProcessMemory request was completed. (0x12B)
[0319/172622.071:ERROR:process_memory_win.cc(73)] ReadMemory at 0x217ae400000 of 384 bytes failed: Only part of a ReadProcessMemory or WriteProcessMemory request was completed. (0x12B)
[0319/172622.071:ERROR:process_memory_win.cc(73)] ReadMemory at 0x217ae4b7090 of 512 bytes failed: Only part of a ReadProcessMemory or WriteProcessMemory request was completed. (0x12B)
[0319/172622.071:ERROR:process_memory_win.cc(73)] ReadMemory at 0x217ae4c8bd0 of 512 bytes failed: Only part of a ReadProcessMemory or WriteProcessMemory request was completed. (0x12B)
[0319/172622.071:ERROR:process_memory_win.cc(73)] ReadMemory at 0x217ae4fd090 of 512 bytes failed: Only part of a ReadProcessMemory or WriteProcessMemory request was completed. (0x12B)
[0319/172622.071:ERROR:process_memory_win.cc(73)] ReadMemory at 0x217afa74bc0 of 512 bytes failed: Only part of a ReadProcessMemory or WriteProcessMemory request was completed. (0x12B)
[0319/172622.071:ERROR:process_memory_win.cc(73)] ReadMemory at 0x217afa77660 of 512 bytes failed: Only part of a ReadProcessMemory or WriteProcessMemory request was completed. (0x12B)
[0319/172622.071:ERROR:process_memory_win.cc(73)] ReadMemory at 0x217b1351750 of 520 bytes failed: Only part of a ReadProcessMemory or WriteProcessMemory request was completed. (0x12B)
[0319/172622.071:ERROR:process_memory_win.cc(73)] ReadMemory at 0x217b1634a48 of 512 bytes failed: Only part of a ReadProcessMemory or WriteProcessMemory request was completed. (0x12B)
[0319/172622.071:ERROR:process_memory_win.cc(73)] ReadMemory at 0x217b17a8f88 of 512 bytes failed: Only part of a ReadProcessMemory or WriteProcessMemory request was completed. (0x12B)
[0319/172622.071:ERROR:process_memory_win.cc(73)] ReadMemory at 0x217b17d5ab0 of 512 bytes failed: Only part of a ReadProcessMemory or WriteProcessMemory request was completed. (0x12B)
[0319/172622.071:ERROR:process_memory_win.cc(73)] ReadMemory at 0x217b5aa9c00 of 512 bytes failed: Only part of a ReadProcessMemory or WriteProcessMemory request was completed. (0x12B)
[0319/172622.071:ERROR:process_memory_win.cc(73)] ReadMemory at 0x217b5b463e0 of 512 bytes failed: Only part of a ReadProcessMemory or WriteProcessMemory request was completed. (0x12B)
[0319/172622.071:ERROR:process_memory_win.cc(73)] ReadMemory at 0x217b5b506c0 of 512 bytes failed: Only part of a ReadProcessMemory or WriteProcessMemory request was completed. (0x12B)
[0319/172622.071:ERROR:process_memory_win.cc(73)] ReadMemory at 0x217b5b58f10 of 624 bytes failed: Only part of a ReadProcessMemory or WriteProcessMemory request was completed. (0x12B)
[0319/172622.071:ERROR:process_memory_win.cc(73)] ReadMemory at 0x217b5b64260 of 512 bytes failed: Only part of a ReadProcessMemory or WriteProcessMemory request was completed. (0x12B)
[0319/172622.071:ERROR:process_memory_win.cc(73)] ReadMemory at 0x4cff5e30d903 of 512 bytes failed: Only part of a ReadProcessMemory or WriteProcessMemory request was completed. (0x12B)
[0319/172622.071:ERROR:process_memory_win.cc(73)] ReadMemory at 0x7ffccfd9c948 of 512 bytes failed: Only part of a ReadProcessMemory or WriteProcessMemory request was completed. (0x12B)
[0319/172622.071:ERROR:process_memory_win.cc(73)] ReadMemory at 0x7ffd217c90f9 of 512 bytes failed: Only part of a ReadProcessMemory or WriteProcessMemory request was completed. (0x12B)
[0319/172622.071:ERROR:process_memory_win.cc(73)] ReadMemory at 0x7ffd254a25fd of 512 bytes failed: Only part of a ReadProcessMemory or WriteProcessMemory request was completed. (0x12B)
[0319/172622.071:ERROR:process_memory_win.cc(73)] ReadMemory at 0x7ffd2552f754 of 672 bytes failed: Only part of a ReadProcessMemory or WriteProcessMemory request was completed. (0x12B)
[0319/172622.071:ERROR:process_memory_win.cc(73)] ReadMemory at 0x7ffd2552fd54 of 512 bytes failed: Only part of a ReadProcessMemory or WriteProcessMemory request was completed. (0x12B)
[0319/172622.071:ERROR:process_memory_win.cc(73)] ReadMemory at 0x7ffd25532fe4 of 608 bytes failed: Only part of a ReadProcessMemory or WriteProcessMemory request was completed. (0x12B)
[0319/172622.071:ERROR:process_memory_win.cc(73)] ReadMemory at 0x7ffd255bc0c8 of 18 bytes failed: Only part of a ReadProcessMemory or WriteProcessMemory request was completed. (0x12B)
[0319/172622.071:ERROR:process_memory_win.cc(73)] ReadMemory at 0x7ffd255ef4f8 of 40 bytes failed: Only part of a ReadProcessMemory or WriteProcessMemory request was completed. (0x12B)
[0319/172622.071:ERROR:process_memory_win.cc(73)] ReadMemory at 0x7ffd255ef978 of 48 bytes failed: Only part of a ReadProcessMemory or WriteProcessMemory request was completed. (0x12B)
[0319/172622.071:ERROR:process_memory_win.cc(73)] ReadMemory at 0x7ffd255f53c0 of 64 bytes failed: Only part of a ReadProcessMemory or WriteProcessMemory request was completed. (0x12B)
[0319/172622.082:ERROR:file_io_win.cc(161)] CreateFile C:\Users\AUTOTE~1\AppData\Local\Temp\scoped_dir13228_829000773\Crashpad\settings.dat: The system cannot find the file specified. (0x2)
[0319/172622.084:ERROR:scoped_process_suspend.cc(40)] NtResumeProcess: An attempt was made to access an exiting process. (0xc000010a)
[0320/131422.942:ERROR:process_reader_win.cc(151)] SuspendThread: Access is denied. (0x5)
[0320/131422.944:ERROR:process_reader_win.cc(151)] SuspendThread: Access is denied. (0x5)
[0320/131422.944:ERROR:exception_snapshot_win.cc(98)] thread ID 13068 not found in process
[0320/132447.883:ERROR:process_reader_win.cc(151)] SuspendThread: Access is denied. (0x5)
[0320/132447.884:ERROR:process_reader_win.cc(151)] SuspendThread: Access is denied. (0x5)
[0320/132447.884:ERROR:process_reader_win.cc(151)] SuspendThread: Access is denied. (0x5)
[0320/132447.884:ERROR:process_reader_win.cc(151)] SuspendThread: Access is denied. (0x5)
[0320/132447.884:ERROR:process_reader_win.cc(151)] SuspendThread: Access is denied. (0x5)
[0320/132447.884:ERROR:process_reader_win.cc(151)] SuspendThread: Access is denied. (0x5)
[0320/132447.884:ERROR:process_reader_win.cc(151)] SuspendThread: Access is denied. (0x5)
[0320/132447.884:ERROR:process_reader_win.cc(151)] SuspendThread: Access is denied. (0x5)
[0320/132447.884:ERROR:process_reader_win.cc(151)] SuspendThread: Access is denied. (0x5)
[0320/132447.884:ERROR:process_reader_win.cc(151)] SuspendThread: Access is denied. (0x5)
[0320/132447.884:ERROR:process_reader_win.cc(151)] SuspendThread: Access is denied. (0x5)
[0320/132447.884:ERROR:exception_snapshot_win.cc(98)] thread ID 4664 not found in process
[0320/133446.870:ERROR:process_reader_win.cc(151)] SuspendThread: Access is denied. (0x5)
[0320/133446.871:ERROR:exception_snapshot_win.cc(98)] thread ID 6800 not found in process
[0320/134357.831:ERROR:process_reader_win.cc(151)] SuspendThread: Access is denied. (0x5)
[0320/134357.832:ERROR:exception_snapshot_win.cc(98)] thread ID 12548 not found in process
[0320/142001.259:ERROR:process_reader_win.cc(151)] SuspendThread: Access is denied. (0x5)
[0320/142001.260:ERROR:exception_snapshot_win.cc(98)] thread ID 9664 not found in process
[0320/160809.602:ERROR:process_reader_win.cc(151)] SuspendThread: Access is denied. (0x5)
[0320/160809.604:ERROR:process_reader_win.cc(151)] SuspendThread: Access is denied. (0x5)
[0320/160809.604:ERROR:exception_snapshot_win.cc(98)] thread ID 164 not found in process
[0320/160849.033:ERROR:process_reader_win.cc(182)] ResumeThread: The parameter is incorrect. (0x57)
[0320/160849.034:ERROR:process_reader_win.cc(151)] SuspendThread: Access is denied. (0x5)
[0320/160849.034:ERROR:process_reader_win.cc(151)] SuspendThread: Access is denied. (0x5)
[0320/160849.034:ERROR:process_reader_win.cc(151)] SuspendThread: Access is denied. (0x5)
[0320/160849.034:ERROR:process_reader_win.cc(151)] SuspendThread: Access is denied. (0x5)
[0320/160849.034:ERROR:process_reader_win.cc(151)] SuspendThread: Access is denied. (0x5)
[0320/160849.034:ERROR:process_reader_win.cc(151)] SuspendThread: Access is denied. (0x5)
[0320/160849.034:ERROR:process_reader_win.cc(151)] SuspendThread: Access is denied. (0x5)
[0320/160849.034:ERROR:process_reader_win.cc(151)] SuspendThread: Access is denied. (0x5)
[0320/160849.034:ERROR:process_reader_win.cc(151)] SuspendThread: Access is denied. (0x5)
[0320/160849.034:ERROR:process_reader_win.cc(151)] SuspendThread: Access is denied. (0x5)
[0320/160849.034:ERROR:exception_snapshot_win.cc(98)] thread ID 14516 not found in process
[0408/123815.595:ERROR:process_reader_win.cc(151)] SuspendThread: Access is denied. (0x5)
[0408/123815.596:ERROR:process_reader_win.cc(151)] SuspendThread: Access is denied. (0x5)
[0408/123815.596:ERROR:process_reader_win.cc(151)] SuspendThread: Access is denied. (0x5)
[0408/123815.596:ERROR:process_reader_win.cc(151)] SuspendThread: Access is denied. (0x5)
[0408/123815.596:ERROR:process_reader_win.cc(151)] SuspendThread: Access is denied. (0x5)
[0408/123815.596:ERROR:process_reader_win.cc(151)] SuspendThread: Access is denied. (0x5)
[0408/123815.596:ERROR:process_reader_win.cc(151)] SuspendThread: Access is denied. (0x5)
[0408/123815.596:ERROR:process_reader_win.cc(151)] SuspendThread: Access is denied. (0x5)
[0408/123815.596:ERROR:process_reader_win.cc(151)] SuspendThread: Access is denied. (0x5)
[0408/123815.596:ERROR:process_reader_win.cc(151)] SuspendThread: Access is denied. (0x5)
[0408/123815.597:ERROR:process_reader_win.cc(151)] SuspendThread: Access is denied. (0x5)
[0408/123815.597:ERROR:exception_snapshot_win.cc(98)] thread ID 10412 not found in process
[0408/151918.385:ERROR:process_reader_win.cc(151)] SuspendThread: Access is denied. (0x5)
[0408/151918.387:ERROR:process_reader_win.cc(151)] SuspendThread: Access is denied. (0x5)
[0408/151918.387:ERROR:exception_snapshot_win.cc(98)] thread ID 9564 not found in process
[0408/155504.956:ERROR:process_reader_win.cc(151)] SuspendThread: Access is denied. (0x5)
[0408/155504.961:ERROR:process_reader_win.cc(151)] SuspendThread: Access is denied. (0x5)
[0408/155504.961:ERROR:process_reader_win.cc(151)] SuspendThread: Access is denied. (0x5)
[0408/155504.961:ERROR:process_reader_win.cc(151)] SuspendThread: Access is denied. (0x5)
[0408/155504.961:ERROR:process_reader_win.cc(151)] SuspendThread: Access is denied. (0x5)
[0408/155504.961:ERROR:process_reader_win.cc(151)] SuspendThread: Access is denied. (0x5)
[0408/155504.961:ERROR:process_reader_win.cc(151)] SuspendThread: Access is denied. (0x5)
[0408/155504.961:ERROR:process_reader_win.cc(151)] SuspendThread: Access is denied. (0x5)
[0408/155504.961:ERROR:process_reader_win.cc(151)] SuspendThread: Access is denied. (0x5)
[0408/155504.961:ERROR:process_reader_win.cc(151)] SuspendThread: Access is denied. (0x5)
[0408/155504.961:ERROR:process_reader_win.cc(151)] SuspendThread: Access is denied. (0x5)
[0408/155504.961:ERROR:exception_snapshot_win.cc(98)] thread ID 7712 not found in process
[0408/161429.189:ERROR:process_reader_win.cc(151)] SuspendThread: Access is denied. (0x5)
[0408/161429.190:ERROR:process_reader_win.cc(151)] SuspendThread: Access is denied. (0x5)
[0408/161429.190:ERROR:exception_snapshot_win.cc(98)] thread ID 8296 not found in process
[0409/095941.527:ERROR:process_reader_win.cc(151)] SuspendThread: Access is denied. (0x5)
[0409/095941.528:ERROR:process_reader_win.cc(151)] SuspendThread: Access is denied. (0x5)
[0409/095941.528:ERROR:process_reader_win.cc(151)] SuspendThread: Access is denied. (0x5)
[0409/095941.528:ERROR:process_reader_win.cc(151)] SuspendThread: Access is denied. (0x5)
[0409/095941.528:ERROR:process_reader_win.cc(151)] SuspendThread: Access is denied. (0x5)
[0409/095941.528:ERROR:process_reader_win.cc(151)] SuspendThread: Access is denied. (0x5)
[0409/095941.528:ERROR:process_reader_win.cc(151)] SuspendThread: Access is denied. (0x5)
[0409/095941.528:ERROR:process_reader_win.cc(151)] SuspendThread: Access is denied. (0x5)
[0409/095941.528:ERROR:process_reader_win.cc(151)] SuspendThread: Access is denied. (0x5)
[0409/095941.528:ERROR:process_reader_win.cc(151)] SuspendThread: Access is denied. (0x5)
[0409/095941.528:ERROR:process_reader_win.cc(151)] SuspendThread: Access is denied. (0x5)
[0409/095941.529:ERROR:exception_snapshot_win.cc(98)] thread ID 5116 not found in process
[0409/150829.495:ERROR:process_reader_win.cc(151)] SuspendThread: Access is denied. (0x5)
[0409/150829.496:ERROR:process_reader_win.cc(151)] SuspendThread: Access is denied. (0x5)
[0409/150829.496:ERROR:process_reader_win.cc(151)] SuspendThread: Access is denied. (0x5)
[0409/150829.496:ERROR:process_reader_win.cc(151)] SuspendThread: Access is denied. (0x5)
[0409/150829.496:ERROR:process_reader_win.cc(151)] SuspendThread: Access is denied. (0x5)
[0409/150829.496:ERROR:process_reader_win.cc(151)] SuspendThread: Access is denied. (0x5)
[0409/150829.496:ERROR:process_reader_win.cc(151)] SuspendThread: Access is denied. (0x5)
[0409/150829.496:ERROR:process_reader_win.cc(151)] SuspendThread: Access is denied. (0x5)
[0409/150829.496:ERROR:process_reader_win.cc(151)] SuspendThread: Access is denied. (0x5)
[0409/150829.496:ERROR:process_reader_win.cc(151)] SuspendThread: Access is denied. (0x5)
[0409/150829.496:ERROR:process_reader_win.cc(151)] SuspendThread: Access is denied. (0x5)
[0409/150829.496:ERROR:exception_snapshot_win.cc(98)] thread ID 4420 not found in process
[0417/114815.012:ERROR:process_reader_win.cc(151)] SuspendThread: Access is denied. (0x5)
[0417/114815.014:ERROR:exception_snapshot_win.cc(98)] thread ID 15812 not found in process
[0417/120223.007:ERROR:process_reader_win.cc(151)] SuspendThread: Access is denied. (0x5)
[0417/120223.007:ERROR:process_reader_win.cc(151)] SuspendThread: Access is denied. (0x5)
[0417/120223.008:ERROR:exception_snapshot_win.cc(98)] thread ID 16708 not found in process
[0417/121623.271:ERROR:process_reader_win.cc(151)] SuspendThread: Access is denied. (0x5)
[0417/121623.272:ERROR:process_reader_win.cc(151)] SuspendThread: Access is denied. (0x5)
[0417/121623.272:ERROR:exception_snapshot_win.cc(98)] thread ID 16440 not found in process
[0417/121734.167:ERROR:process_reader_win.cc(182)] ResumeThread: The parameter is incorrect. (0x57)
[0417/121734.168:ERROR:process_reader_win.cc(151)] SuspendThread: Access is denied. (0x5)
[0417/121734.168:ERROR:process_reader_win.cc(151)] SuspendThread: Access is denied. (0x5)
[0417/121734.168:ERROR:process_reader_win.cc(151)] SuspendThread: Access is denied. (0x5)
[0417/121734.168:ERROR:process_reader_win.cc(151)] SuspendThread: Access is denied. (0x5)
[0417/121734.168:ERROR:process_reader_win.cc(151)] SuspendThread: Access is denied. (0x5)
[0417/121734.168:ERROR:process_reader_win.cc(151)] SuspendThread: Access is denied. (0x5)
[0417/121734.168:ERROR:process_reader_win.cc(151)] SuspendThread: Access is denied. (0x5)
[0417/121734.168:ERROR:process_reader_win.cc(151)] SuspendThread: Access is denied. (0x5)
[0417/121734.168:ERROR:process_reader_win.cc(151)] SuspendThread: Access is denied. (0x5)
[0417/121734.168:ERROR:process_reader_win.cc(151)] SuspendThread: Access is denied. (0x5)
[0417/121734.168:ERROR:process_reader_win.cc(151)] SuspendThread: Access is denied. (0x5)
[0417/121734.168:ERROR:process_reader_win.cc(151)] SuspendThread: Access is denied. (0x5)
[0417/121734.168:ERROR:process_reader_win.cc(151)] SuspendThread: Access is denied. (0x5)
[0417/121734.168:ERROR:exception_snapshot_win.cc(98)] thread ID 12336 not found in process
