#
# There is insufficient memory for the Java Runtime Environment to continue.
# Native memory allocation (malloc) failed to allocate 1653584 bytes for Chunk::new
# Possible reasons:
#   The system is out of physical RAM or swap space
#   In 32 bit mode, the process size limit was hit
# Possible solutions:
#   Reduce memory load on the system
#   Increase physical memory or swap space
#   Check if swap backing store is full
#   Use 64 bit Java on a 64 bit OS
#   Decrease Java heap size (-Xmx/-Xms)
#   Decrease number of Java threads
#   Decrease Java thread stack sizes (-Xss)
#   Set larger code cache with -XX:ReservedCodeCacheSize=
# This output file may be truncated or incomplete.
#
#  Out of Memory Error (allocation.cpp:390), pid=15420, tid=0x0000000000003c7c
#
# JRE version: Java(TM) SE Runtime Environment (8.0_181-b13) (build 1.8.0_181-b13)
# Java VM: Java HotSpot(TM) 64-Bit Server VM (25.181-b13 mixed mode windows-amd64 compressed oops)
# Failed to write core dump. Minidumps are not enabled by default on client versions of Windows
#

---------------  T H R E A D  ---------------

Current thread (0x0000000016e8b000):  JavaThread "C2 CompilerThread0" daemon [_thread_in_native, id=15484, stack(0x0000000017eb0000,0x0000000017fb0000)]

Stack: [0x0000000017eb0000,0x0000000017fb0000]
[error occurred during error reporting (printing stack bounds), id 0xc0000005]

Native frames: (J=compiled Java code, j=interpreted, Vv=VM code, C=native code)


Current CompileTask:
C2:   7334 3258       4       java.net.URLClassLoader$1::run (5 bytes)


---------------  P R O C E S S  ---------------

Java Threads: ( => current thread )
  0x000000001bce6800 JavaThread "Okio Watchdog" daemon [_thread_blocked, id=15672, stack(0x000000001e0d0000,0x000000001e1d0000)]
  0x000000001b92d800 JavaThread "OkHttp ConnectionPool" daemon [_thread_blocked, id=15668, stack(0x000000001dfd0000,0x000000001e0d0000)]
  0x000000001bc76000 JavaThread "ForkJoinPool.commonPool-worker-1" daemon [_thread_blocked, id=15652, stack(0x000000001dcd0000,0x000000001ddd0000)]
  0x000000001b857000 JavaThread "Keep-Alive-Timer" daemon [_thread_blocked, id=15648, stack(0x000000001dbd0000,0x000000001dcd0000)]
  0x000000001b850800 JavaThread "Exec Stream Pumper" daemon [_thread_in_native, id=15580, stack(0x000000001dad0000,0x000000001dbd0000)]
  0x000000001bbdf800 JavaThread "Exec Stream Pumper" daemon [_thread_in_native, id=15576, stack(0x000000001d9d0000,0x000000001dad0000)]
  0x000000001b6db800 JavaThread "UrlChecker-2" daemon [_thread_blocked, id=15556, stack(0x000000001d7d0000,0x000000001d8d0000)]
  0x000000001ab9e000 JavaThread "Exec Default Executor" daemon [_thread_in_native, id=15552, stack(0x000000001cb60000,0x000000001cc60000)]
  0x0000000016ee4800 JavaThread "Service Thread" daemon [_thread_blocked, id=15492, stack(0x00000000180b0000,0x00000000181b0000)]
  0x0000000016ede000 JavaThread "C1 CompilerThread1" daemon [_thread_blocked, id=15488, stack(0x0000000017fb0000,0x00000000180b0000)]
=>0x0000000016e8b000 JavaThread "C2 CompilerThread0" daemon [_thread_in_native, id=15484, stack(0x0000000017eb0000,0x0000000017fb0000)]
  0x0000000016e89800 JavaThread "Attach Listener" daemon [_thread_blocked, id=15480, stack(0x0000000017db0000,0x0000000017eb0000)]
  0x0000000016e86000 JavaThread "Signal Dispatcher" daemon [_thread_blocked, id=15476, stack(0x0000000017cb0000,0x0000000017db0000)]
  0x0000000002cfb000 JavaThread "Finalizer" daemon [_thread_blocked, id=15472, stack(0x0000000017ab0000,0x0000000017bb0000)]
  0x0000000002cf7000 JavaThread "Reference Handler" daemon [_thread_blocked, id=15468, stack(0x00000000179b0000,0x0000000017ab0000)]
  0x0000000002c09800 JavaThread "Forwarding newSession on session null to remote" [_thread_in_native, id=15452, stack(0x0000000002ae0000,0x0000000002be0000)]

Other Threads:
  0x0000000016e45000 VMThread [stack: 0x00000000178b0000,0x00000000179b0000] [id=15464]
  0x0000000016f04800 WatcherThread [stack: 0x00000000181b0000,0x00000000182b0000] [id=15496]

VM state:not at safepoint (normal execution)

VM Mutex/Monitor currently owned by a thread: None

Heap:
 PSYoungGen      total 143872K, used 92851K [0x00000000da180000, 0x00000000e9900000, 0x0000000100000000)
  eden space 133120K, 61% used [0x00000000da180000,0x00000000df1b3388,0x00000000e2380000)
  from space 10752K, 99% used [0x00000000e2380000,0x00000000e2df9a70,0x00000000e2e00000)
  to   space 15872K, 0% used [0x00000000e8980000,0x00000000e8980000,0x00000000e9900000)
 ParOldGen       total 60928K, used 18869K [0x000000008e400000, 0x0000000091f80000, 0x00000000da180000)
  object space 60928K, 30% used [0x000000008e400000,0x000000008f66d608,0x0000000091f80000)
 Metaspace       used 32761K, capacity 33650K, committed 33920K, reserved 1079296K
  class space    used 3924K, capacity 4161K, committed 4224K, reserved 1048576K

Card table byte_map: [0x00000000120c0000,0x0000000012450000] byte_map_base: 0x0000000011c4e000

Marking Bits: (ParMarkBitMap*) 0x0000000072612d00
 Begin Bits: [0x00000000128b0000, 0x0000000014520000)
 End Bits:   [0x0000000014520000, 0x0000000016190000)

Polling page: 0x0000000001190000

CodeCache: size=245760Kb used=14262Kb max_used=14262Kb free=231497Kb
 bounds [0x0000000002d00000, 0x0000000003b00000, 0x0000000011d00000]
 total_blobs=4109 nmethods=3420 adapters=601
 compilation: enabled

Compilation events (10 events):
Event: 7.153 Thread 0x0000000016ede000 3442 %     3       java.util.regex.Pattern$Curly::match0 @ 61 (174 bytes)
Event: 7.153 Thread 0x0000000016ede000 nmethod 3442% 0x0000000003aee310 code [0x0000000003aee500, 0x0000000003aef0b8]
Event: 7.153 Thread 0x0000000016ede000 3443       3       java.util.regex.Pattern$Curly::match0 (174 bytes)
Event: 7.154 Thread 0x0000000016ede000 nmethod 3443 0x0000000003aef450 code [0x0000000003aef640, 0x0000000003af0078]
Event: 7.167 Thread 0x0000000016ede000 3444       3       java.net.URI::access$2800 (4 bytes)
Event: 7.168 Thread 0x0000000016ede000 nmethod 3444 0x0000000003af0b10 code [0x0000000003af0c60, 0x0000000003af0d90]
Event: 7.168 Thread 0x0000000016ede000 3445       3       java.net.URI::access$2900 (4 bytes)
Event: 7.168 Thread 0x0000000016ede000 nmethod 3445 0x0000000003af0e10 code [0x0000000003af0f60, 0x0000000003af1090]
Event: 7.196 Thread 0x0000000016ede000 3446       3       java.util.logging.LogManager::getProperty (9 bytes)
Event: 7.196 Thread 0x0000000016ede000 nmethod 3446 0x0000000003af1810 code [0x0000000003af1980, 0x0000000003af1ba8]

GC Heap History (10 events):
Event: 2.406 GC heap before
{Heap before GC invocations=4 (full 0):
 PSYoungGen      total 38400K, used 38385K [0x00000000da180000, 0x00000000dec80000, 0x0000000100000000)
  eden space 33280K, 100% used [0x00000000da180000,0x00000000dc200000,0x00000000dc200000)
  from space 5120K, 99% used [0x00000000dc200000,0x00000000dc6fc488,0x00000000dc700000)
  to   space 5120K, 0% used [0x00000000de780000,0x00000000de780000,0x00000000dec80000)
 ParOldGen       total 87552K, used 300K [0x000000008e400000, 0x0000000093980000, 0x00000000da180000)
  object space 87552K, 0% used [0x000000008e400000,0x000000008e44b3a8,0x0000000093980000)
 Metaspace       used 16990K, capacity 17168K, committed 17408K, reserved 1064960K
  class space    used 1865K, capacity 1933K, committed 2048K, reserved 1048576K
Event: 2.419 GC heap after
Heap after GC invocations=4 (full 0):
 PSYoungGen      total 71680K, used 5110K [0x00000000da180000, 0x00000000dec80000, 0x0000000100000000)
  eden space 66560K, 0% used [0x00000000da180000,0x00000000da180000,0x00000000de280000)
  from space 5120K, 99% used [0x00000000de780000,0x00000000dec7daa0,0x00000000dec80000)
  to   space 5120K, 0% used [0x00000000de280000,0x00000000de280000,0x00000000de780000)
 ParOldGen       total 87552K, used 3348K [0x000000008e400000, 0x0000000093980000, 0x00000000da180000)
  object space 87552K, 3% used [0x000000008e400000,0x000000008e745160,0x0000000093980000)
 Metaspace       used 16990K, capacity 17168K, committed 17408K, reserved 1064960K
  class space    used 1865K, capacity 1933K, committed 2048K, reserved 1048576K
}
Event: 3.462 GC heap before
{Heap before GC invocations=5 (full 0):
 PSYoungGen      total 71680K, used 71670K [0x00000000da180000, 0x00000000dec80000, 0x0000000100000000)
  eden space 66560K, 100% used [0x00000000da180000,0x00000000de280000,0x00000000de280000)
  from space 5120K, 99% used [0x00000000de780000,0x00000000dec7daa0,0x00000000dec80000)
  to   space 5120K, 0% used [0x00000000de280000,0x00000000de280000,0x00000000de780000)
 ParOldGen       total 87552K, used 3348K [0x000000008e400000, 0x0000000093980000, 0x00000000da180000)
  object space 87552K, 3% used [0x000000008e400000,0x000000008e745160,0x0000000093980000)
 Metaspace       used 20795K, capacity 21088K, committed 21296K, reserved 1069056K
  class space    used 2297K, capacity 2406K, committed 2432K, reserved 1048576K
Event: 3.489 GC heap after
Heap after GC invocations=5 (full 0):
 PSYoungGen      total 71680K, used 5104K [0x00000000da180000, 0x00000000e3980000, 0x0000000100000000)
  eden space 66560K, 0% used [0x00000000da180000,0x00000000da180000,0x00000000de280000)
  from space 5120K, 99% used [0x00000000de280000,0x00000000de77c010,0x00000000de780000)
  to   space 11264K, 0% used [0x00000000e2e80000,0x00000000e2e80000,0x00000000e3980000)
 ParOldGen       total 87552K, used 8722K [0x000000008e400000, 0x0000000093980000, 0x00000000da180000)
  object space 87552K, 9% used [0x000000008e400000,0x000000008ec84ae8,0x0000000093980000)
 Metaspace       used 20795K, capacity 21088K, committed 21296K, reserved 1069056K
  class space    used 2297K, capacity 2406K, committed 2432K, reserved 1048576K
}
Event: 3.603 GC heap before
{Heap before GC invocations=6 (full 0):
 PSYoungGen      total 71680K, used 26288K [0x00000000da180000, 0x00000000e3980000, 0x0000000100000000)
  eden space 66560K, 31% used [0x00000000da180000,0x00000000db630128,0x00000000de280000)
  from space 5120K, 99% used [0x00000000de280000,0x00000000de77c010,0x00000000de780000)
  to   space 11264K, 0% used [0x00000000e2e80000,0x00000000e2e80000,0x00000000e3980000)
 ParOldGen       total 87552K, used 8722K [0x000000008e400000, 0x0000000093980000, 0x00000000da180000)
  object space 87552K, 9% used [0x000000008e400000,0x000000008ec84ae8,0x0000000093980000)
 Metaspace       used 20909K, capacity 21152K, committed 21296K, reserved 1069056K
  class space    used 2300K, capacity 2406K, committed 2432K, reserved 1048576K
Event: 3.624 GC heap after
Heap after GC invocations=6 (full 0):
 PSYoungGen      total 143360K, used 5269K [0x00000000da180000, 0x00000000e3880000, 0x0000000100000000)
  eden space 133120K, 0% used [0x00000000da180000,0x00000000da180000,0x00000000e2380000)
  from space 10240K, 51% used [0x00000000e2e80000,0x00000000e33a5608,0x00000000e3880000)
  to   space 10752K, 0% used [0x00000000e2380000,0x00000000e2380000,0x00000000e2e00000)
 ParOldGen       total 87552K, used 8722K [0x000000008e400000, 0x0000000093980000, 0x00000000da180000)
  object space 87552K, 9% used [0x000000008e400000,0x000000008ec84ae8,0x0000000093980000)
 Metaspace       used 20909K, capacity 21152K, committed 21296K, reserved 1069056K
  class space    used 2300K, capacity 2406K, committed 2432K, reserved 1048576K
}
Event: 3.624 GC heap before
{Heap before GC invocations=7 (full 1):
 PSYoungGen      total 143360K, used 5269K [0x00000000da180000, 0x00000000e3880000, 0x0000000100000000)
  eden space 133120K, 0% used [0x00000000da180000,0x00000000da180000,0x00000000e2380000)
  from space 10240K, 51% used [0x00000000e2e80000,0x00000000e33a5608,0x00000000e3880000)
  to   space 10752K, 0% used [0x00000000e2380000,0x00000000e2380000,0x00000000e2e00000)
 ParOldGen       total 87552K, used 8722K [0x000000008e400000, 0x0000000093980000, 0x00000000da180000)
  object space 87552K, 9% used [0x000000008e400000,0x000000008ec84ae8,0x0000000093980000)
 Metaspace       used 20909K, capacity 21152K, committed 21296K, reserved 1069056K
  class space    used 2300K, capacity 2406K, committed 2432K, reserved 1048576K
Event: 3.716 GC heap after
Heap after GC invocations=7 (full 1):
 PSYoungGen      total 143360K, used 0K [0x00000000da180000, 0x00000000e3880000, 0x0000000100000000)
  eden space 133120K, 0% used [0x00000000da180000,0x00000000da180000,0x00000000e2380000)
  from space 10240K, 0% used [0x00000000e2e80000,0x00000000e2e80000,0x00000000e3880000)
  to   space 10752K, 0% used [0x00000000e2380000,0x00000000e2380000,0x00000000e2e00000)
 ParOldGen       total 60928K, used 11379K [0x000000008e400000, 0x0000000091f80000, 0x00000000da180000)
  object space 60928K, 18% used [0x000000008e400000,0x000000008ef1cd70,0x0000000091f80000)
 Metaspace       used 20909K, capacity 21152K, committed 21296K, reserved 1069056K
  class space    used 2300K, capacity 2406K, committed 2432K, reserved 1048576K
}
Event: 5.227 GC heap before
{Heap before GC invocations=8 (full 1):
 PSYoungGen      total 143360K, used 133120K [0x00000000da180000, 0x00000000e3880000, 0x0000000100000000)
  eden space 133120K, 100% used [0x00000000da180000,0x00000000e2380000,0x00000000e2380000)
  from space 10240K, 0% used [0x00000000e2e80000,0x00000000e2e80000,0x00000000e3880000)
  to   space 10752K, 0% used [0x00000000e2380000,0x00000000e2380000,0x00000000e2e00000)
 ParOldGen       total 60928K, used 11379K [0x000000008e400000, 0x0000000091f80000, 0x00000000da180000)
  object space 60928K, 18% used [0x000000008e400000,0x000000008ef1cd70,0x0000000091f80000)
 Metaspace       used 25813K, capacity 26196K, committed 26368K, reserved 1073152K
  class space    used 2905K, capacity 3034K, committed 3072K, reserved 1048576K
Event: 5.276 GC heap after
Heap after GC invocations=8 (full 1):
 PSYoungGen      total 143872K, used 10726K [0x00000000da180000, 0x00000000e9900000, 0x0000000100000000)
  eden space 133120K, 0% used [0x00000000da180000,0x00000000da180000,0x00000000e2380000)
  from space 10752K, 99% used [0x00000000e2380000,0x00000000e2df9a70,0x00000000e2e00000)
  to   space 15872K, 0% used [0x00000000e8980000,0x00000000e8980000,0x00000000e9900000)
 ParOldGen       total 60928K, used 18869K [0x000000008e400000, 0x0000000091f80000, 0x00000000da180000)
  object space 60928K, 30% used [0x000000008e400000,0x000000008f66d608,0x0000000091f80000)
 Metaspace       used 25813K, capacity 26196K, committed 26368K, reserved 1073152K
  class space    used 2905K, capacity 3034K, committed 3072K, reserved 1048576K
}

Deoptimization events (10 events):
Event: 6.177 Thread 0x0000000002c09800 Uncommon trap: reason=unstable_if action=reinterpret pc=0x00000000039fc790 method=sun.security.provider.DigestBase.engineUpdate([BII)V @ 35
Event: 6.199 Thread 0x0000000002c09800 Uncommon trap: reason=unstable_if action=reinterpret pc=0x000000000387ce64 method=java.util.ArrayList.indexOf(Ljava/lang/Object;)I @ 1
Event: 6.243 Thread 0x0000000002c09800 Uncommon trap: reason=unstable_if action=reinterpret pc=0x0000000002f2f740 method=java.lang.String.replace(CC)Ljava/lang/String; @ 2
Event: 7.025 Thread 0x0000000002c09800 Uncommon trap: reason=bimorphic action=maybe_recompile pc=0x0000000003a1250c method=java.util.regex.Matcher.search(I)Z @ 86
Event: 7.025 Thread 0x0000000002c09800 Uncommon trap: reason=bimorphic action=maybe_recompile pc=0x0000000003a1250c method=java.util.regex.Matcher.search(I)Z @ 86
Event: 7.026 Thread 0x0000000002c09800 Uncommon trap: reason=bimorphic action=maybe_recompile pc=0x0000000003a1250c method=java.util.regex.Matcher.search(I)Z @ 86
Event: 7.026 Thread 0x0000000002c09800 Uncommon trap: reason=bimorphic action=maybe_recompile pc=0x0000000003a1250c method=java.util.regex.Matcher.search(I)Z @ 86
Event: 7.123 Thread 0x0000000002c09800 Uncommon trap: reason=unstable_if action=reinterpret pc=0x00000000039c8c68 method=java.util.regex.Pattern$BmpCharProperty.match(Ljava/util/regex/Matcher;ILjava/lang/CharSequence;)Z @ 34
Event: 7.173 Thread 0x0000000002c09800 Uncommon trap: reason=class_check action=maybe_recompile pc=0x0000000003a211f8 method=java.util.HashSet.contains(Ljava/lang/Object;)Z @ 5
Event: 7.173 Thread 0x0000000002c09800 Uncommon trap: reason=class_check action=maybe_recompile pc=0x0000000003a211f8 method=java.util.HashSet.contains(Ljava/lang/Object;)Z @ 5

Classes redefined (0 events):
No events

Internal exceptions (10 events):
Event: 5.357 Thread 0x0000000002c09800 Exception <a 'java/lang/ClassNotFoundException': Script1576496071813Customizer> (0x00000000da9a0398) thrown at [C:\re\workspace\8-2-build-windows-amd64-cygwin\jdk8u181\11358\hotspot\src\share\vm\classfile\systemDictionary.cpp, line 210]
Event: 5.545 Thread 0x0000000002c09800 Exception <a 'java/lang/ClassNotFoundException': com/kms/katalon/core/webui/keyword/builtin/OpenBrowserKeywordBeanInfo> (0x00000000dbf18e88) thrown at [C:\re\workspace\8-2-build-windows-amd64-cygwin\jdk8u181\11358\hotspot\src\share\vm\classfile\systemDict
Event: 5.546 Thread 0x0000000002c09800 Exception <a 'java/lang/ClassNotFoundException': com/kms/katalon/core/webui/keyword/internal/WebUIAbstractKeywordBeanInfo> (0x00000000dbf5f680) thrown at [C:\re\workspace\8-2-build-windows-amd64-cygwin\jdk8u181\11358\hotspot\src\share\vm\classfile\systemD
Event: 5.547 Thread 0x0000000002c09800 Exception <a 'java/lang/ClassNotFoundException': com/kms/katalon/core/webui/keyword/internal/WebUIAbstractKeywordCustomizer> (0x00000000dbfa7170) thrown at [C:\re\workspace\8-2-build-windows-amd64-cygwin\jdk8u181\11358\hotspot\src\share\vm\classfile\syste
Event: 5.549 Thread 0x0000000002c09800 Exception <a 'java/lang/ClassNotFoundException': com/kms/katalon/core/webui/keyword/builtin/OpenBrowserKeywordCustomizer> (0x00000000dbff3d80) thrown at [C:\re\workspace\8-2-build-windows-amd64-cygwin\jdk8u181\11358\hotspot\src\share\vm\classfile\systemDi
Event: 6.199 Thread 0x0000000002c09800 Implicit null exception at 0x000000000387cc56 to 0x000000000387ce4e
Event: 6.771 Thread 0x000000001b6db800 Exception <a 'java/net/SocketTimeoutException': connect timed out> (0x00000000ddbbbbe0) thrown at [C:\re\workspace\8-2-build-windows-amd64-cygwin\jdk8u181\11358\hotspot\src\share\vm\prims\jni.cpp, line 735]
Event: 6.804 Thread 0x0000000002c09800 Exception <a 'java/lang/IncompatibleClassChangeError': Found class java.lang.Object, but interface was expected> (0x00000000dd9ecef0) thrown at [C:\re\workspace\8-2-build-windows-amd64-cygwin\jdk8u181\11358\hotspot\src\share\vm\interpreter\linkResolver.cp
Event: 6.811 Thread 0x0000000002c09800 Exception <a 'java/lang/NoSuchMethodError': java.lang.Object.lambda$or$2(Ljava/util/function/Predicate;Ljava/lang/Object;)Z> (0x00000000dd9fb360) thrown at [C:\re\workspace\8-2-build-windows-amd64-cygwin\jdk8u181\11358\hotspot\src\share\vm\interpreter\lin
Event: 6.894 Thread 0x0000000002c09800 Exception <a 'java/lang/NoSuchMethodError': java.lang.Object.lambda$chars$0()Ljava/util/Spliterator$OfInt;> (0x00000000de1def28) thrown at [C:\re\workspace\8-2-build-windows-amd64-cygwin\jdk8u181\11358\hotspot\src\share\vm\interpreter\linkResolver.cpp, li

Events (10 events):
Event: 7.205 loading class okio/ForwardingSink done
Event: 7.206 loading class okhttp3/internal/http1/Http1Codec$FixedLengthSink
Event: 7.206 loading class okhttp3/internal/http1/Http1Codec$FixedLengthSink done
Event: 7.207 loading class okio/ForwardingTimeout
Event: 7.207 loading class okio/ForwardingTimeout done
Event: 7.208 loading class okio/AsyncTimeout$Watchdog
Event: 7.208 loading class okio/AsyncTimeout$Watchdog done
Event: 7.208 Thread 0x000000001bce6800 Thread added: 0x000000001bce6800
Event: 7.209 Executing VM operation: RevokeBias
Event: 7.210 Executing VM operation: RevokeBias done


Dynamic libraries:
0x00007ff62bc90000 - 0x00007ff62bcc7000 	C:\Katalon\Katalon_Studio_Windows_64-6.3.3\jre\bin\javaw.exe
0x00007ffa91f20000 - 0x00007ffa9210d000 	C:\windows\SYSTEM32\ntdll.dll
0x00007ffa91a90000 - 0x00007ffa91b43000 	C:\windows\System32\KERNEL32.DLL
0x00007ffa8eea0000 - 0x00007ffa8f133000 	C:\windows\System32\KERNELBASE.dll
0x00007ffa91810000 - 0x00007ffa918b3000 	C:\windows\System32\ADVAPI32.dll
0x00007ffa919f0000 - 0x00007ffa91a8e000 	C:\windows\System32\msvcrt.dll
0x00007ffa8f600000 - 0x00007ffa8f69e000 	C:\windows\System32\sechost.dll
0x00007ffa918c0000 - 0x00007ffa919e2000 	C:\windows\System32\RPCRT4.dll
0x00007ffa8f140000 - 0x00007ffa8f2d7000 	C:\windows\System32\USER32.dll
0x00007ffa8dfe0000 - 0x00007ffa8e000000 	C:\windows\System32\win32u.dll
0x00007ffa8f4e0000 - 0x00007ffa8f509000 	C:\windows\System32\GDI32.dll
0x00007ffa8eb00000 - 0x00007ffa8ec99000 	C:\windows\System32\gdi32full.dll
0x00007ffa8e000000 - 0x00007ffa8e0a0000 	C:\windows\System32\msvcp_win.dll
0x00007ffa8ed40000 - 0x00007ffa8ee3a000 	C:\windows\System32\ucrtbase.dll
0x00007ffa7a8b0000 - 0x00007ffa7ab29000 	C:\windows\WinSxS\amd64_microsoft.windows.common-controls_6595b64144ccf1df_6.0.17763.973_none_05b245900721eb81\COMCTL32.dll
0x00007ffa8fc80000 - 0x00007ffa8ffac000 	C:\windows\System32\combase.dll
0x00007ffa8e0a0000 - 0x00007ffa8e11e000 	C:\windows\System32\bcryptPrimitives.dll
0x00007ffa91b50000 - 0x00007ffa91b7e000 	C:\windows\System32\IMM32.DLL
0x0000000071b40000 - 0x0000000071c12000 	C:\Katalon\Katalon_Studio_Windows_64-6.3.3\jre\bin\msvcr100.dll
0x0000000071df0000 - 0x0000000072692000 	C:\Katalon\Katalon_Studio_Windows_64-6.3.3\jre\bin\server\jvm.dll
0x00007ffa8f390000 - 0x00007ffa8f398000 	C:\windows\System32\PSAPI.DLL
0x00007ffa8a5f0000 - 0x00007ffa8a5f9000 	C:\windows\SYSTEM32\WSOCK32.dll
0x00007ffa8f590000 - 0x00007ffa8f5fd000 	C:\windows\System32\WS2_32.dll
0x00007ffa8c060000 - 0x00007ffa8c084000 	C:\windows\SYSTEM32\WINMM.dll
0x00007ffa83270000 - 0x00007ffa8327a000 	C:\windows\SYSTEM32\VERSION.dll
0x00007ffa8c030000 - 0x00007ffa8c05d000 	C:\windows\SYSTEM32\WINMMBASE.dll
0x00007ffa8eca0000 - 0x00007ffa8ecea000 	C:\windows\System32\cfgmgr32.dll
0x0000000071d00000 - 0x0000000071d0f000 	C:\Katalon\Katalon_Studio_Windows_64-6.3.3\jre\bin\verify.dll
0x0000000071cd0000 - 0x0000000071cf9000 	C:\Katalon\Katalon_Studio_Windows_64-6.3.3\jre\bin\java.dll
0x0000000071cb0000 - 0x0000000071cc6000 	C:\Katalon\Katalon_Studio_Windows_64-6.3.3\jre\bin\zip.dll
0x00007ffa900e0000 - 0x00007ffa915d4000 	C:\windows\System32\SHELL32.dll
0x00007ffa8f2e0000 - 0x00007ffa8f388000 	C:\windows\System32\shcore.dll
0x00007ffa8e120000 - 0x00007ffa8e86d000 	C:\windows\System32\windows.storage.dll
0x00007ffa8dfb0000 - 0x00007ffa8dfd4000 	C:\windows\System32\profapi.dll
0x00007ffa8df30000 - 0x00007ffa8df8d000 	C:\windows\System32\powrprof.dll
0x00007ffa91e90000 - 0x00007ffa91ee2000 	C:\windows\System32\shlwapi.dll
0x00007ffa8df10000 - 0x00007ffa8df21000 	C:\windows\System32\kernel.appcore.dll
0x00007ffa8ed20000 - 0x00007ffa8ed37000 	C:\windows\System32\cryptsp.dll
0x0000000071c90000 - 0x0000000071caa000 	C:\Katalon\Katalon_Studio_Windows_64-6.3.3\jre\bin\net.dll
0x00007ffa8d720000 - 0x00007ffa8d787000 	C:\windows\system32\mswsock.dll
0x0000000071c70000 - 0x0000000071c81000 	C:\Katalon\Katalon_Studio_Windows_64-6.3.3\jre\bin\nio.dll
0x00007ffa8d480000 - 0x00007ffa8d546000 	C:\windows\SYSTEM32\DNSAPI.dll
0x00007ffa8f3a0000 - 0x00007ffa8f3a8000 	C:\windows\System32\NSI.dll
0x00007ffa8d440000 - 0x00007ffa8d47d000 	C:\windows\SYSTEM32\IPHLPAPI.DLL
0x00007ffa82350000 - 0x00007ffa8235a000 	C:\Windows\System32\rasadhlp.dll
0x00007ffa84a20000 - 0x00007ffa84a99000 	C:\windows\System32\fwpuclnt.dll
0x00007ffa8ecf0000 - 0x00007ffa8ed16000 	C:\windows\System32\bcrypt.dll
0x0000000071c40000 - 0x0000000071c64000 	C:\Katalon\Katalon_Studio_Windows_64-6.3.3\jre\bin\sunec.dll
0x0000000071c30000 - 0x0000000071c3b000 	C:\Katalon\Katalon_Studio_Windows_64-6.3.3\jre\bin\sunmscapi.dll
0x00007ffa8e920000 - 0x00007ffa8eafc000 	C:\windows\System32\CRYPT32.dll
0x00007ffa8df90000 - 0x00007ffa8dfa2000 	C:\windows\System32\MSASN1.dll
0x00007ffa84fd0000 - 0x00007ffa84fe6000 	C:\windows\SYSTEM32\dhcpcsvc6.DLL
0x00007ffa84dd0000 - 0x00007ffa84dec000 	C:\windows\SYSTEM32\dhcpcsvc.DLL
0x00007ffa8d2a0000 - 0x00007ffa8d2d3000 	C:\windows\system32\rsaenh.dll
0x00007ffa8de10000 - 0x00007ffa8de38000 	C:\windows\SYSTEM32\USERENV.dll
0x00007ffa8d8f0000 - 0x00007ffa8d8fc000 	C:\windows\SYSTEM32\CRYPTBASE.dll

VM Arguments:
jvm_args: -Dgroovy.home=/C:/Katalon/Katalon_Studio_Windows_64-6.3.3/plugins/org.codehaus.groovy_2.4.7.xx-201611170128-e46/ -Xmx1820m -Dfile.encoding=UTF-8 
java_command: org.codehaus.groovy.tools.GroovyStarter --classpath C:\Users\AutoTest_1\git\PINS_ODT_TEST\Include\scripts\groovy;C:\Users\AutoTest_1\git\PINS_ODT_TEST\Keywords;C:\Users\AutoTest_1\git\PINS_ODT_TEST\Libs;C:\Users\AutoTest_1\git\PINS_ODT_TEST\Test Listeners;C:\Katalon\Katalon_Studio_Windows_64-6.3.3\configuration\resources\lib\aspectjweaver-1.9.1.jar;C:\Katalon\Katalon_Studio_Windows_64-6.3.3\configuration\resources\lib\bcpkix-jdk15on-1.58.jar;C:\Katalon\Katalon_Studio_Windows_64-6.3.3\configuration\resources\lib\bcprov-jdk15on-1.58.jar;C:\Katalon\Katalon_Studio_Windows_64-6.3.3\configuration\resources\lib\browsermob-core-2.1.5.jar;C:\Katalon\Katalon_Studio_Windows_64-6.3.3\configuration\resources\lib\cglib-3.2.10.jar;C:\Katalon\Katalon_Studio_Windows_64-6.3.3\configuration\resources\lib\commons-validator-1.6.jar;C:\Katalon\Katalon_Studio_Windows_64-6.3.3\configuration\resources\lib\dnsjava-2.1.8.jar;C:\Katalon\Katalon_Studio_Windows_64-6.3.3\configuration\resources\lib\java-client-7.0.0.jar;C:\Katalon\Katalon_Studio_Windows_64-6.3.3\configuration\resources\lib\jna-4.1.0.jar;C:\Katalon\Katalon_Studio_Windows_64-6.3.3\configuration\resources\lib\jna-platform-4.1.0.jar;C:\Katalon\Katalon_Studio_Windows_64-6.3.3\configuration\resources\lib\jzlib-1.1.3.jar;C:\Katalon\Katalon_Studio_Windows_64-6.3.3\configuration\resources\lib\kat-server.jar;C:\Katalon\Katalon_Studio_Windows_64-6.3.3\configuration\resources\lib\littleproxy-1.1.0-beta-bmp-17.jar;C:\Katalon\Katalon_Studio_Windows_64-6.3.3\configuration\resources\lib\mitm-2.1.5.jar;C:\Katalon\Katalon_Studio_Windows_64-6.3.3\configuration\resources\lib\netty-all-4.0.51.Final.jar;C:\Katalon\Katalon_Studio_Windows_64-6.3.3\configuration\resources\lib\repackaged-sikuli-api-1.0.2-standalone.jar;C:\Katalon\Katalon_Studio_Windows_64-6.3.3\configuration\resources\lib\selenium-leg-rc-3.141.59.jar;C:\Katalon\Katalon_Studio_Windows_64-6.3.3\configuration\resources\lib\selenium-server-standalone-3.141.59.jar;C:\Katalon\Ka
java_class_path (initial): C:\Users\AutoTest_1\git\PINS_ODT_TEST\bin\keyword;C:\Users\AutoTest_1\git\PINS_ODT_TEST\bin\listener;C:\Users\AutoTest_1\git\PINS_ODT_TEST\bin\lib;C:\Users\AutoTest_1\git\PINS_ODT_TEST\bin\groovy;C:\Users\AutoTest_1\git\PINS_ODT_TEST\bin;C:\Katalon\Katalon_Studio_Windows_64-6.3.3\plugins\com.kms.katalon.core_1.0.0.201908270734.jar;C:\Katalon\Katalon_Studio_Windows_64-6.3.3\configuration\resources\lib\aspectjweaver-1.9.1.jar;C:\Katalon\Katalon_Studio_Windows_64-6.3.3\configuration\resources\lib\bcpkix-jdk15on-1.58.jar;C:\Katalon\Katalon_Studio_Windows_64-6.3.3\configuration\resources\lib\bcprov-jdk15on-1.58.jar;C:\Katalon\Katalon_Studio_Windows_64-6.3.3\configuration\resources\lib\browsermob-core-2.1.5.jar;C:\Katalon\Katalon_Studio_Windows_64-6.3.3\configuration\resources\lib\cglib-3.2.10.jar;C:\Katalon\Katalon_Studio_Windows_64-6.3.3\configuration\resources\lib\commons-validator-1.6.jar;C:\Katalon\Katalon_Studio_Windows_64-6.3.3\configuration\resources\lib\dnsjava-2.1.8.jar;C:\Katalon\Katalon_Studio_Windows_64-6.3.3\configuration\resources\lib\java-client-7.0.0.jar;C:\Katalon\Katalon_Studio_Windows_64-6.3.3\configuration\resources\lib\jna-4.1.0.jar;C:\Katalon\Katalon_Studio_Windows_64-6.3.3\configuration\resources\lib\jna-platform-4.1.0.jar;C:\Katalon\Katalon_Studio_Windows_64-6.3.3\configuration\resources\lib\jzlib-1.1.3.jar;C:\Katalon\Katalon_Studio_Windows_64-6.3.3\configuration\resources\lib\kat-server.jar;C:\Katalon\Katalon_Studio_Windows_64-6.3.3\configuration\resources\lib\littleproxy-1.1.0-beta-bmp-17.jar;C:\Katalon\Katalon_Studio_Windows_64-6.3.3\configuration\resources\lib\mitm-2.1.5.jar;C:\Katalon\Katalon_Studio_Windows_64-6.3.3\configuration\resources\lib\netty-all-4.0.51.Final.jar;C:\Katalon\Katalon_Studio_Windows_64-6.3.3\configuration\resources\lib\repackaged-sikuli-api-1.0.2-standalone.jar;C:\Katalon\Katalon_Studio_Windows_64-6.3.3\configuration\resources\lib\selenium-leg-rc-3.141.59.jar;C:\Katalon\Katalon_Studio_Windows_
Launcher Type: SUN_STANDARD

Environment Variables:
PATH=C:/Katalon/Katalon_Studio_Windows_64-6.3.3/jre/bin/server;C:/Katalon/Katalon_Studio_Windows_64-6.3.3/jre/bin;C:/Katalon/Katalon_Studio_Windows_64-6.3.3/jre/lib/amd64;C:\Program Files (x86)\Common Files\Oracle\Java\javapath;C:\windows\system32;C:\windows;C:\windows\System32\Wbem;C:\windows\System32\WindowsPowerShell\v1.0\;C:\windows\System32\OpenSSH\;C:\Users\AutoTest_1\AppData\Local\Microsoft\WindowsApps;C:\Users\AutoTest_1\AppData\Local\GitHubDesktop\bin;C:\Katalon\Katalon_Studio_Windows_64-6.3.3;
USERNAME=AutoTest_1
OS=Windows_NT
PROCESSOR_IDENTIFIER=Intel64 Family 6 Model 79 Stepping 1, GenuineIntel



---------------  S Y S T E M  ---------------

OS: Windows 10.0 , 64 bit Build 17763 (10.0.17763.475)

CPU:total 2 (initial active 2) (2 cores per cpu, 1 threads per core) family 6 model 79 stepping 1, cmov, cx8, fxsr, mmx, sse, sse2, sse3, ssse3, sse4.1, sse4.2, popcnt, avx, avx2, aes, clmul, erms, rtm, 3dnowpref, lzcnt, tsc, bmi1, bmi2, adx

Memory: 4k page, physical 8388148k(640872k free), swap 10485160k(5132k free)

vm_info: Java HotSpot(TM) 64-Bit Server VM (25.181-b13) for windows-amd64 JRE (1.8.0_181-b13), built on Jul  7 2018 04:01:33 by "java_re" with MS VC++ 10.0 (VS2010)

time: Thu Feb 13 18:16:13 2020
elapsed time: 7 seconds (0d 0h 0m 7s)

