#
# There is insufficient memory for the Java Runtime Environment to continue.
# Native memory allocation (malloc) failed to allocate 65552 bytes for Chunk::new
# Possible reasons:
#   The system is out of physical RAM or swap space
#   In 32 bit mode, the process size limit was hit
# Possible solutions:
#   Reduce memory load on the system
#   Increase physical memory or swap space
#   Check if swap backing store is full
#   Use 64 bit Java on a 64 bit OS
#   Decrease Java heap size (-Xmx/-Xms)
#   Decrease number of Java threads
#   Decrease Java thread stack sizes (-Xss)
#   Set larger code cache with -XX:ReservedCodeCacheSize=
# This output file may be truncated or incomplete.
#
#  Out of Memory Error (allocation.cpp:390), pid=14580, tid=0x000000000000392c
#
# JRE version: Java(TM) SE Runtime Environment (8.0_181-b13) (build 1.8.0_181-b13)
# Java VM: Java HotSpot(TM) 64-Bit Server VM (25.181-b13 mixed mode windows-amd64 compressed oops)
# Failed to write core dump. Minidumps are not enabled by default on client versions of Windows
#

---------------  T H R E A D  ---------------

Current thread (0x000000001722b000):  JavaThread "C2 CompilerThread0" daemon [_thread_in_native, id=14636, stack(0x0000000018250000,0x0000000018350000)]

Stack: [0x0000000018250000,0x0000000018350000]
[error occurred during error reporting (printing stack bounds), id 0xc0000005]

Native frames: (J=compiled Java code, j=interpreted, Vv=VM code, C=native code)


Current CompileTask:
C2:   6261 2904   !   4       com.sun.beans.TypeResolver::resolve (274 bytes)


---------------  P R O C E S S  ---------------

Java Threads: ( => current thread )
  0x0000000017284800 JavaThread "Service Thread" daemon [_thread_blocked, id=4732, stack(0x0000000018450000,0x0000000018550000)]
  0x000000001727e000 JavaThread "C1 CompilerThread1" daemon [_thread_blocked, id=14800, stack(0x0000000018350000,0x0000000018450000)]
=>0x000000001722b000 JavaThread "C2 CompilerThread0" daemon [_thread_in_native, id=14636, stack(0x0000000018250000,0x0000000018350000)]
  0x0000000017229800 JavaThread "Attach Listener" daemon [_thread_blocked, id=9416, stack(0x0000000018150000,0x0000000018250000)]
  0x0000000017226000 JavaThread "Signal Dispatcher" daemon [_thread_blocked, id=8624, stack(0x0000000018050000,0x0000000018150000)]
  0x000000000309b000 JavaThread "Finalizer" daemon [_thread_blocked, id=13060, stack(0x0000000017e50000,0x0000000017f50000)]
  0x0000000003097000 JavaThread "Reference Handler" daemon [_thread_blocked, id=14944, stack(0x0000000017d50000,0x0000000017e50000)]
  0x0000000002fa9800 JavaThread "main" [_thread_in_vm, id=13132, stack(0x0000000002ea0000,0x0000000002fa0000)]

Other Threads:
  0x00000000171e5800 VMThread [stack: 0x0000000017c50000,0x0000000017d50000] [id=15348]
  0x00000000172bc000 WatcherThread [stack: 0x0000000018950000,0x0000000018a50000] [id=15280]

VM state:not at safepoint (normal execution)

VM Mutex/Monitor currently owned by a thread: None

Heap:
 PSYoungGen      total 143872K, used 53047K [0x00000000da180000, 0x00000000e9b80000, 0x0000000100000000)
  eden space 133120K, 31% used [0x00000000da180000,0x00000000dcad32d8,0x00000000e2380000)
  from space 10752K, 99% used [0x00000000e2380000,0x00000000e2dfaa68,0x00000000e2e00000)
  to   space 15872K, 0% used [0x00000000e8c00000,0x00000000e8c00000,0x00000000e9b80000)
 ParOldGen       total 59904K, used 18878K [0x000000008e400000, 0x0000000091e80000, 0x00000000da180000)
  object space 59904K, 31% used [0x000000008e400000,0x000000008f66fad8,0x0000000091e80000)
 Metaspace       used 28374K, capacity 28730K, committed 28800K, reserved 1075200K
  class space    used 3303K, capacity 3423K, committed 3456K, reserved 1048576K

Card table byte_map: [0x0000000012460000,0x00000000127f0000] byte_map_base: 0x0000000011fee000

Marking Bits: (ParMarkBitMap*) 0x0000000072612d00
 Begin Bits: [0x0000000012c50000, 0x00000000148c0000)
 End Bits:   [0x00000000148c0000, 0x0000000016530000)

Polling page: 0x00000000010e0000

CodeCache: size=245760Kb used=12354Kb max_used=12354Kb free=233405Kb
 bounds [0x00000000030a0000, 0x0000000003cc0000, 0x00000000120a0000]
 total_blobs=3599 nmethods=2935 adapters=576
 compilation: enabled

Compilation events (10 events):
Event: 6.241 Thread 0x000000001727e000 2954       3       java.util.regex.Pattern::newSingle (98 bytes)
Event: 6.242 Thread 0x000000001727e000 nmethod 2954 0x0000000003cb0210 code [0x0000000003cb04e0, 0x0000000003cb18f8]
Event: 6.243 Thread 0x000000001727e000 2955       1       java.util.regex.Pattern::flags (5 bytes)
Event: 6.243 Thread 0x000000001727e000 nmethod 2955 0x0000000003cb2310 code [0x0000000003cb2460, 0x0000000003cb2570]
Event: 6.251 Thread 0x000000001727e000 2956       3       okhttp3.CipherSuite$1::compare (92 bytes)
Event: 6.251 Thread 0x000000001727e000 nmethod 2956 0x0000000003cb25d0 code [0x0000000003cb27c0, 0x0000000003cb3358]
Event: 6.252 Thread 0x000000001727e000 2957       3       okhttp3.CipherSuite$1::compare (13 bytes)
Event: 6.252 Thread 0x000000001727e000 nmethod 2957 0x0000000003cb3950 code [0x0000000003cb3ac0, 0x0000000003cb3e28]
Event: 6.252 Thread 0x000000001727e000 2958       3       java.util.TreeMap::getEntry (84 bytes)
Event: 6.252 Thread 0x000000001727e000 nmethod 2958 0x0000000003cb3f10 code [0x0000000003cb40c0, 0x0000000003cb4748]

GC Heap History (10 events):
Event: 2.991 GC heap before
{Heap before GC invocations=4 (full 0):
 PSYoungGen      total 38400K, used 38385K [0x00000000da180000, 0x00000000dec80000, 0x0000000100000000)
  eden space 33280K, 100% used [0x00000000da180000,0x00000000dc200000,0x00000000dc200000)
  from space 5120K, 99% used [0x00000000dc200000,0x00000000dc6fc488,0x00000000dc700000)
  to   space 5120K, 0% used [0x00000000de780000,0x00000000de780000,0x00000000dec80000)
 ParOldGen       total 87552K, used 300K [0x000000008e400000, 0x0000000093980000, 0x00000000da180000)
  object space 87552K, 0% used [0x000000008e400000,0x000000008e44b3a8,0x0000000093980000)
 Metaspace       used 17002K, capacity 17184K, committed 17408K, reserved 1064960K
  class space    used 1866K, capacity 1933K, committed 2048K, reserved 1048576K
Event: 3.003 GC heap after
Heap after GC invocations=4 (full 0):
 PSYoungGen      total 71680K, used 5107K [0x00000000da180000, 0x00000000dec80000, 0x0000000100000000)
  eden space 66560K, 0% used [0x00000000da180000,0x00000000da180000,0x00000000de280000)
  from space 5120K, 99% used [0x00000000de780000,0x00000000dec7cc38,0x00000000dec80000)
  to   space 5120K, 0% used [0x00000000de280000,0x00000000de280000,0x00000000de780000)
 ParOldGen       total 87552K, used 3422K [0x000000008e400000, 0x0000000093980000, 0x00000000da180000)
  object space 87552K, 3% used [0x000000008e400000,0x000000008e7578c0,0x0000000093980000)
 Metaspace       used 17002K, capacity 17184K, committed 17408K, reserved 1064960K
  class space    used 1866K, capacity 1933K, committed 2048K, reserved 1048576K
}
Event: 4.022 GC heap before
{Heap before GC invocations=5 (full 0):
 PSYoungGen      total 71680K, used 71667K [0x00000000da180000, 0x00000000dec80000, 0x0000000100000000)
  eden space 66560K, 100% used [0x00000000da180000,0x00000000de280000,0x00000000de280000)
  from space 5120K, 99% used [0x00000000de780000,0x00000000dec7cc38,0x00000000dec80000)
  to   space 5120K, 0% used [0x00000000de280000,0x00000000de280000,0x00000000de780000)
 ParOldGen       total 87552K, used 3422K [0x000000008e400000, 0x0000000093980000, 0x00000000da180000)
  object space 87552K, 3% used [0x000000008e400000,0x000000008e7578c0,0x0000000093980000)
 Metaspace       used 20819K, capacity 21104K, committed 21296K, reserved 1069056K
  class space    used 2297K, capacity 2406K, committed 2432K, reserved 1048576K
Event: 4.053 GC heap after
Heap after GC invocations=5 (full 0):
 PSYoungGen      total 71680K, used 5104K [0x00000000da180000, 0x00000000e3980000, 0x0000000100000000)
  eden space 66560K, 0% used [0x00000000da180000,0x00000000da180000,0x00000000de280000)
  from space 5120K, 99% used [0x00000000de280000,0x00000000de77c010,0x00000000de780000)
  to   space 11264K, 0% used [0x00000000e2e80000,0x00000000e2e80000,0x00000000e3980000)
 ParOldGen       total 87552K, used 8770K [0x000000008e400000, 0x0000000093980000, 0x00000000da180000)
  object space 87552K, 10% used [0x000000008e400000,0x000000008ec90b28,0x0000000093980000)
 Metaspace       used 20819K, capacity 21104K, committed 21296K, reserved 1069056K
  class space    used 2297K, capacity 2406K, committed 2432K, reserved 1048576K
}
Event: 4.166 GC heap before
{Heap before GC invocations=6 (full 0):
 PSYoungGen      total 71680K, used 26214K [0x00000000da180000, 0x00000000e3980000, 0x0000000100000000)
  eden space 66560K, 31% used [0x00000000da180000,0x00000000db61db10,0x00000000de280000)
  from space 5120K, 99% used [0x00000000de280000,0x00000000de77c010,0x00000000de780000)
  to   space 11264K, 0% used [0x00000000e2e80000,0x00000000e2e80000,0x00000000e3980000)
 ParOldGen       total 87552K, used 8770K [0x000000008e400000, 0x0000000093980000, 0x00000000da180000)
  object space 87552K, 10% used [0x000000008e400000,0x000000008ec90b28,0x0000000093980000)
 Metaspace       used 20920K, capacity 21168K, committed 21296K, reserved 1069056K
  class space    used 2300K, capacity 2406K, committed 2432K, reserved 1048576K
Event: 4.187 GC heap after
Heap after GC invocations=6 (full 0):
 PSYoungGen      total 143360K, used 5285K [0x00000000da180000, 0x00000000e3880000, 0x0000000100000000)
  eden space 133120K, 0% used [0x00000000da180000,0x00000000da180000,0x00000000e2380000)
  from space 10240K, 51% used [0x00000000e2e80000,0x00000000e33a95f8,0x00000000e3880000)
  to   space 10752K, 0% used [0x00000000e2380000,0x00000000e2380000,0x00000000e2e00000)
 ParOldGen       total 87552K, used 8770K [0x000000008e400000, 0x0000000093980000, 0x00000000da180000)
  object space 87552K, 10% used [0x000000008e400000,0x000000008ec90b28,0x0000000093980000)
 Metaspace       used 20920K, capacity 21168K, committed 21296K, reserved 1069056K
  class space    used 2300K, capacity 2406K, committed 2432K, reserved 1048576K
}
Event: 4.187 GC heap before
{Heap before GC invocations=7 (full 1):
 PSYoungGen      total 143360K, used 5285K [0x00000000da180000, 0x00000000e3880000, 0x0000000100000000)
  eden space 133120K, 0% used [0x00000000da180000,0x00000000da180000,0x00000000e2380000)
  from space 10240K, 51% used [0x00000000e2e80000,0x00000000e33a95f8,0x00000000e3880000)
  to   space 10752K, 0% used [0x00000000e2380000,0x00000000e2380000,0x00000000e2e00000)
 ParOldGen       total 87552K, used 8770K [0x000000008e400000, 0x0000000093980000, 0x00000000da180000)
  object space 87552K, 10% used [0x000000008e400000,0x000000008ec90b28,0x0000000093980000)
 Metaspace       used 20920K, capacity 21168K, committed 21296K, reserved 1069056K
  class space    used 2300K, capacity 2406K, committed 2432K, reserved 1048576K
Event: 4.272 GC heap after
Heap after GC invocations=7 (full 1):
 PSYoungGen      total 143360K, used 0K [0x00000000da180000, 0x00000000e3880000, 0x0000000100000000)
  eden space 133120K, 0% used [0x00000000da180000,0x00000000da180000,0x00000000e2380000)
  from space 10240K, 0% used [0x00000000e2e80000,0x00000000e2e80000,0x00000000e3880000)
  to   space 10752K, 0% used [0x00000000e2380000,0x00000000e2380000,0x00000000e2e00000)
 ParOldGen       total 59904K, used 11372K [0x000000008e400000, 0x0000000091e80000, 0x00000000da180000)
  object space 59904K, 18% used [0x000000008e400000,0x000000008ef1b1e0,0x0000000091e80000)
 Metaspace       used 20920K, capacity 21168K, committed 21296K, reserved 1069056K
  class space    used 2300K, capacity 2406K, committed 2432K, reserved 1048576K
}
Event: 5.813 GC heap before
{Heap before GC invocations=8 (full 1):
 PSYoungGen      total 143360K, used 133120K [0x00000000da180000, 0x00000000e3880000, 0x0000000100000000)
  eden space 133120K, 100% used [0x00000000da180000,0x00000000e2380000,0x00000000e2380000)
  from space 10240K, 0% used [0x00000000e2e80000,0x00000000e2e80000,0x00000000e3880000)
  to   space 10752K, 0% used [0x00000000e2380000,0x00000000e2380000,0x00000000e2e00000)
 ParOldGen       total 59904K, used 11372K [0x000000008e400000, 0x0000000091e80000, 0x00000000da180000)
  object space 59904K, 18% used [0x000000008e400000,0x000000008ef1b1e0,0x0000000091e80000)
 Metaspace       used 25820K, capacity 26116K, committed 26368K, reserved 1073152K
  class space    used 2898K, capacity 3002K, committed 3072K, reserved 1048576K
Event: 5.843 GC heap after
Heap after GC invocations=8 (full 1):
 PSYoungGen      total 143872K, used 10730K [0x00000000da180000, 0x00000000e9b80000, 0x0000000100000000)
  eden space 133120K, 0% used [0x00000000da180000,0x00000000da180000,0x00000000e2380000)
  from space 10752K, 99% used [0x00000000e2380000,0x00000000e2dfaa68,0x00000000e2e00000)
  to   space 15872K, 0% used [0x00000000e8c00000,0x00000000e8c00000,0x00000000e9b80000)
 ParOldGen       total 59904K, used 18878K [0x000000008e400000, 0x0000000091e80000, 0x00000000da180000)
  object space 59904K, 31% used [0x000000008e400000,0x000000008f66fad8,0x0000000091e80000)
 Metaspace       used 25820K, capacity 26116K, committed 26368K, reserved 1073152K
  class space    used 2898K, capacity 3002K, committed 3072K, reserved 1048576K
}

Deoptimization events (10 events):
Event: 4.985 Thread 0x0000000002fa9800 Uncommon trap: reason=bimorphic action=maybe_recompile pc=0x00000000036841b0 method=java.io.DataInputStream.readInt()I @ 4
Event: 5.038 Thread 0x0000000002fa9800 Uncommon trap: reason=bimorphic action=maybe_recompile pc=0x00000000036841b0 method=java.io.DataInputStream.readInt()I @ 4
Event: 5.041 Thread 0x0000000002fa9800 Uncommon trap: reason=bimorphic action=maybe_recompile pc=0x00000000036841b0 method=java.io.DataInputStream.readInt()I @ 4
Event: 5.041 Thread 0x0000000002fa9800 Uncommon trap: reason=bimorphic action=maybe_recompile pc=0x00000000036841b0 method=java.io.DataInputStream.readInt()I @ 4
Event: 5.127 Thread 0x0000000002fa9800 Uncommon trap: reason=unstable_if action=reinterpret pc=0x00000000036f20d4 method=java.net.URL.<init>(Ljava/net/URL;Ljava/lang/String;Ljava/net/URLStreamHandler;)V @ 281
Event: 5.127 Thread 0x0000000002fa9800 Uncommon trap: reason=unstable_if action=reinterpret pc=0x00000000033b555c method=java.net.URLStreamHandler.parseURL(Ljava/net/URL;Ljava/lang/String;II)V @ 690
Event: 5.401 Thread 0x0000000002fa9800 Uncommon trap: reason=unstable_if action=reinterpret pc=0x0000000003b1e97c method=org.apache.xmlbeans.impl.store.Cur.moveToNoCheck(Lorg/apache/xmlbeans/impl/store/Xobj;I)V @ 5
Event: 5.647 Thread 0x0000000002fa9800 Uncommon trap: reason=unstable_if action=reinterpret pc=0x0000000003859918 method=groovyjarjarantlr.CharQueue.append(C)V @ 9
Event: 6.206 Thread 0x0000000002fa9800 Uncommon trap: reason=unstable_if action=reinterpret pc=0x0000000003a834a0 method=java.io.WinNTFileSystem.normalize(Ljava/lang/String;)Ljava/lang/String; @ 128
Event: 6.213 Thread 0x0000000002fa9800 Uncommon trap: reason=bimorphic action=maybe_recompile pc=0x0000000003c40a58 method=java.net.URL.<init>(Ljava/net/URL;Ljava/lang/String;Ljava/net/URLStreamHandler;)V @ 504

Classes redefined (0 events):
No events

Internal exceptions (10 events):
Event: 5.873 Thread 0x0000000002fa9800 Exception <a 'java/security/PrivilegedActionException'> (0x00000000da7ca988) thrown at [C:\re\workspace\8-2-build-windows-amd64-cygwin\jdk8u181\11358\hotspot\src\share\vm\prims\jvm.cpp, line 1435]
Event: 5.873 Thread 0x0000000002fa9800 Exception <a 'java/security/PrivilegedActionException'> (0x00000000da7cb150) thrown at [C:\re\workspace\8-2-build-windows-amd64-cygwin\jdk8u181\11358\hotspot\src\share\vm\prims\jvm.cpp, line 1435]
Event: 5.873 Thread 0x0000000002fa9800 Exception <a 'java/security/PrivilegedActionException'> (0x00000000da7da378) thrown at [C:\re\workspace\8-2-build-windows-amd64-cygwin\jdk8u181\11358\hotspot\src\share\vm\prims\jvm.cpp, line 1435]
Event: 5.873 Thread 0x0000000002fa9800 Exception <a 'java/security/PrivilegedActionException'> (0x00000000da7dab40) thrown at [C:\re\workspace\8-2-build-windows-amd64-cygwin\jdk8u181\11358\hotspot\src\share\vm\prims\jvm.cpp, line 1435]
Event: 5.910 Thread 0x0000000002fa9800 Exception <a 'java/lang/ClassNotFoundException': Script1576496071813BeanInfo> (0x00000000da967b60) thrown at [C:\re\workspace\8-2-build-windows-amd64-cygwin\jdk8u181\11358\hotspot\src\share\vm\classfile\systemDictionary.cpp, line 210]
Event: 5.912 Thread 0x0000000002fa9800 Exception <a 'java/lang/ClassNotFoundException': Script1576496071813Customizer> (0x00000000da9a36b0) thrown at [C:\re\workspace\8-2-build-windows-amd64-cygwin\jdk8u181\11358\hotspot\src\share\vm\classfile\systemDictionary.cpp, line 210]
Event: 6.073 Thread 0x0000000002fa9800 Exception <a 'java/lang/ClassNotFoundException': com/kms/katalon/core/webui/keyword/builtin/OpenBrowserKeywordBeanInfo> (0x00000000dbee3360) thrown at [C:\re\workspace\8-2-build-windows-amd64-cygwin\jdk8u181\11358\hotspot\src\share\vm\classfile\systemDict
Event: 6.074 Thread 0x0000000002fa9800 Exception <a 'java/lang/ClassNotFoundException': com/kms/katalon/core/webui/keyword/internal/WebUIAbstractKeywordBeanInfo> (0x00000000dbf29738) thrown at [C:\re\workspace\8-2-build-windows-amd64-cygwin\jdk8u181\11358\hotspot\src\share\vm\classfile\systemD
Event: 6.075 Thread 0x0000000002fa9800 Exception <a 'java/lang/ClassNotFoundException': com/kms/katalon/core/webui/keyword/internal/WebUIAbstractKeywordCustomizer> (0x00000000dbf70e08) thrown at [C:\re\workspace\8-2-build-windows-amd64-cygwin\jdk8u181\11358\hotspot\src\share\vm\classfile\syste
Event: 6.076 Thread 0x0000000002fa9800 Exception <a 'java/lang/ClassNotFoundException': com/kms/katalon/core/webui/keyword/builtin/OpenBrowserKeywordCustomizer> (0x00000000dbfbd600) thrown at [C:\re\workspace\8-2-build-windows-amd64-cygwin\jdk8u181\11358\hotspot\src\share\vm\classfile\systemDi

Events (10 events):
Event: 6.257 loading class java/security/cert/CertificateException done
Event: 6.257 loading class java/security/cert/CertificateParsingException done
Event: 6.258 loading class okhttp3/CertificatePinner
Event: 6.258 loading class okhttp3/CertificatePinner done
Event: 6.258 loading class javax/net/ssl/SSLPeerUnverifiedException
Event: 6.258 loading class javax/net/ssl/SSLPeerUnverifiedException done
Event: 6.258 loading class okhttp3/CertificatePinner$Builder
Event: 6.258 loading class okhttp3/CertificatePinner$Builder done
Event: 6.259 loading class okhttp3/Authenticator
Event: 6.259 loading class okhttp3/Authenticator done


Dynamic libraries:
0x00007ff62bc90000 - 0x00007ff62bcc7000 	C:\Katalon\Katalon_Studio_Windows_64-6.3.3\jre\bin\javaw.exe
0x00007ffa91f20000 - 0x00007ffa9210d000 	C:\windows\SYSTEM32\ntdll.dll
0x00007ffa91a90000 - 0x00007ffa91b43000 	C:\windows\System32\KERNEL32.DLL
0x00007ffa8eea0000 - 0x00007ffa8f133000 	C:\windows\System32\KERNELBASE.dll
0x00007ffa91810000 - 0x00007ffa918b3000 	C:\windows\System32\ADVAPI32.dll
0x00007ffa919f0000 - 0x00007ffa91a8e000 	C:\windows\System32\msvcrt.dll
0x00007ffa8f600000 - 0x00007ffa8f69e000 	C:\windows\System32\sechost.dll
0x00007ffa918c0000 - 0x00007ffa919e2000 	C:\windows\System32\RPCRT4.dll
0x00007ffa8f140000 - 0x00007ffa8f2d7000 	C:\windows\System32\USER32.dll
0x00007ffa8dfe0000 - 0x00007ffa8e000000 	C:\windows\System32\win32u.dll
0x00007ffa8f4e0000 - 0x00007ffa8f509000 	C:\windows\System32\GDI32.dll
0x00007ffa8eb00000 - 0x00007ffa8ec99000 	C:\windows\System32\gdi32full.dll
0x00007ffa8e000000 - 0x00007ffa8e0a0000 	C:\windows\System32\msvcp_win.dll
0x00007ffa8ed40000 - 0x00007ffa8ee3a000 	C:\windows\System32\ucrtbase.dll
0x00007ffa7a8b0000 - 0x00007ffa7ab29000 	C:\windows\WinSxS\amd64_microsoft.windows.common-controls_6595b64144ccf1df_6.0.17763.973_none_05b245900721eb81\COMCTL32.dll
0x00007ffa8fc80000 - 0x00007ffa8ffac000 	C:\windows\System32\combase.dll
0x00007ffa8e0a0000 - 0x00007ffa8e11e000 	C:\windows\System32\bcryptPrimitives.dll
0x00007ffa91b50000 - 0x00007ffa91b7e000 	C:\windows\System32\IMM32.DLL
0x0000000071b40000 - 0x0000000071c12000 	C:\Katalon\Katalon_Studio_Windows_64-6.3.3\jre\bin\msvcr100.dll
0x0000000071df0000 - 0x0000000072692000 	C:\Katalon\Katalon_Studio_Windows_64-6.3.3\jre\bin\server\jvm.dll
0x00007ffa8f390000 - 0x00007ffa8f398000 	C:\windows\System32\PSAPI.DLL
0x00007ffa8a5f0000 - 0x00007ffa8a5f9000 	C:\windows\SYSTEM32\WSOCK32.dll
0x00007ffa8f590000 - 0x00007ffa8f5fd000 	C:\windows\System32\WS2_32.dll
0x00007ffa8c060000 - 0x00007ffa8c084000 	C:\windows\SYSTEM32\WINMM.dll
0x00007ffa83270000 - 0x00007ffa8327a000 	C:\windows\SYSTEM32\VERSION.dll
0x00007ffa8c030000 - 0x00007ffa8c05d000 	C:\windows\SYSTEM32\WINMMBASE.dll
0x00007ffa8eca0000 - 0x00007ffa8ecea000 	C:\windows\System32\cfgmgr32.dll
0x0000000071d00000 - 0x0000000071d0f000 	C:\Katalon\Katalon_Studio_Windows_64-6.3.3\jre\bin\verify.dll
0x0000000071cd0000 - 0x0000000071cf9000 	C:\Katalon\Katalon_Studio_Windows_64-6.3.3\jre\bin\java.dll
0x0000000071cb0000 - 0x0000000071cc6000 	C:\Katalon\Katalon_Studio_Windows_64-6.3.3\jre\bin\zip.dll
0x00007ffa900e0000 - 0x00007ffa915d4000 	C:\windows\System32\SHELL32.dll
0x00007ffa8f2e0000 - 0x00007ffa8f388000 	C:\windows\System32\shcore.dll
0x00007ffa8e120000 - 0x00007ffa8e86d000 	C:\windows\System32\windows.storage.dll
0x00007ffa8dfb0000 - 0x00007ffa8dfd4000 	C:\windows\System32\profapi.dll
0x00007ffa8df30000 - 0x00007ffa8df8d000 	C:\windows\System32\powrprof.dll
0x00007ffa91e90000 - 0x00007ffa91ee2000 	C:\windows\System32\shlwapi.dll
0x00007ffa8df10000 - 0x00007ffa8df21000 	C:\windows\System32\kernel.appcore.dll
0x00007ffa8ed20000 - 0x00007ffa8ed37000 	C:\windows\System32\cryptsp.dll
0x0000000071c90000 - 0x0000000071caa000 	C:\Katalon\Katalon_Studio_Windows_64-6.3.3\jre\bin\net.dll
0x00007ffa8d720000 - 0x00007ffa8d787000 	C:\windows\system32\mswsock.dll
0x0000000071c70000 - 0x0000000071c81000 	C:\Katalon\Katalon_Studio_Windows_64-6.3.3\jre\bin\nio.dll
0x00007ffa8d480000 - 0x00007ffa8d546000 	C:\windows\SYSTEM32\DNSAPI.dll
0x00007ffa8f3a0000 - 0x00007ffa8f3a8000 	C:\windows\System32\NSI.dll
0x00007ffa8d440000 - 0x00007ffa8d47d000 	C:\windows\SYSTEM32\IPHLPAPI.DLL
0x00007ffa82350000 - 0x00007ffa8235a000 	C:\Windows\System32\rasadhlp.dll
0x00007ffa84a20000 - 0x00007ffa84a99000 	C:\windows\System32\fwpuclnt.dll
0x00007ffa8ecf0000 - 0x00007ffa8ed16000 	C:\windows\System32\bcrypt.dll

VM Arguments:
jvm_args: -Dgroovy.home=/C:/Katalon/Katalon_Studio_Windows_64-6.3.3/plugins/org.codehaus.groovy_2.4.7.xx-201611170128-e46/ -Xmx1820m -Dfile.encoding=UTF-8 
java_command: org.codehaus.groovy.tools.GroovyStarter --classpath C:\Users\AutoTest_1\git\PINS_ODT_TEST\Include\scripts\groovy;C:\Users\AutoTest_1\git\PINS_ODT_TEST\Keywords;C:\Users\AutoTest_1\git\PINS_ODT_TEST\Libs;C:\Users\AutoTest_1\git\PINS_ODT_TEST\Test Listeners;C:\Katalon\Katalon_Studio_Windows_64-6.3.3\configuration\resources\lib\aspectjweaver-1.9.1.jar;C:\Katalon\Katalon_Studio_Windows_64-6.3.3\configuration\resources\lib\bcpkix-jdk15on-1.58.jar;C:\Katalon\Katalon_Studio_Windows_64-6.3.3\configuration\resources\lib\bcprov-jdk15on-1.58.jar;C:\Katalon\Katalon_Studio_Windows_64-6.3.3\configuration\resources\lib\browsermob-core-2.1.5.jar;C:\Katalon\Katalon_Studio_Windows_64-6.3.3\configuration\resources\lib\cglib-3.2.10.jar;C:\Katalon\Katalon_Studio_Windows_64-6.3.3\configuration\resources\lib\commons-validator-1.6.jar;C:\Katalon\Katalon_Studio_Windows_64-6.3.3\configuration\resources\lib\dnsjava-2.1.8.jar;C:\Katalon\Katalon_Studio_Windows_64-6.3.3\configuration\resources\lib\java-client-7.0.0.jar;C:\Katalon\Katalon_Studio_Windows_64-6.3.3\configuration\resources\lib\jna-4.1.0.jar;C:\Katalon\Katalon_Studio_Windows_64-6.3.3\configuration\resources\lib\jna-platform-4.1.0.jar;C:\Katalon\Katalon_Studio_Windows_64-6.3.3\configuration\resources\lib\jzlib-1.1.3.jar;C:\Katalon\Katalon_Studio_Windows_64-6.3.3\configuration\resources\lib\kat-server.jar;C:\Katalon\Katalon_Studio_Windows_64-6.3.3\configuration\resources\lib\littleproxy-1.1.0-beta-bmp-17.jar;C:\Katalon\Katalon_Studio_Windows_64-6.3.3\configuration\resources\lib\mitm-2.1.5.jar;C:\Katalon\Katalon_Studio_Windows_64-6.3.3\configuration\resources\lib\netty-all-4.0.51.Final.jar;C:\Katalon\Katalon_Studio_Windows_64-6.3.3\configuration\resources\lib\repackaged-sikuli-api-1.0.2-standalone.jar;C:\Katalon\Katalon_Studio_Windows_64-6.3.3\configuration\resources\lib\selenium-leg-rc-3.141.59.jar;C:\Katalon\Katalon_Studio_Windows_64-6.3.3\configuration\resources\lib\selenium-server-standalone-3.141.59.jar;C:\Katalon\Ka
java_class_path (initial): C:\Users\AutoTest_1\git\PINS_ODT_TEST\bin\keyword;C:\Users\AutoTest_1\git\PINS_ODT_TEST\bin\listener;C:\Users\AutoTest_1\git\PINS_ODT_TEST\bin\lib;C:\Users\AutoTest_1\git\PINS_ODT_TEST\bin\groovy;C:\Users\AutoTest_1\git\PINS_ODT_TEST\bin;C:\Katalon\Katalon_Studio_Windows_64-6.3.3\plugins\com.kms.katalon.core_1.0.0.201908270734.jar;C:\Katalon\Katalon_Studio_Windows_64-6.3.3\configuration\resources\lib\aspectjweaver-1.9.1.jar;C:\Katalon\Katalon_Studio_Windows_64-6.3.3\configuration\resources\lib\bcpkix-jdk15on-1.58.jar;C:\Katalon\Katalon_Studio_Windows_64-6.3.3\configuration\resources\lib\bcprov-jdk15on-1.58.jar;C:\Katalon\Katalon_Studio_Windows_64-6.3.3\configuration\resources\lib\browsermob-core-2.1.5.jar;C:\Katalon\Katalon_Studio_Windows_64-6.3.3\configuration\resources\lib\cglib-3.2.10.jar;C:\Katalon\Katalon_Studio_Windows_64-6.3.3\configuration\resources\lib\commons-validator-1.6.jar;C:\Katalon\Katalon_Studio_Windows_64-6.3.3\configuration\resources\lib\dnsjava-2.1.8.jar;C:\Katalon\Katalon_Studio_Windows_64-6.3.3\configuration\resources\lib\java-client-7.0.0.jar;C:\Katalon\Katalon_Studio_Windows_64-6.3.3\configuration\resources\lib\jna-4.1.0.jar;C:\Katalon\Katalon_Studio_Windows_64-6.3.3\configuration\resources\lib\jna-platform-4.1.0.jar;C:\Katalon\Katalon_Studio_Windows_64-6.3.3\configuration\resources\lib\jzlib-1.1.3.jar;C:\Katalon\Katalon_Studio_Windows_64-6.3.3\configuration\resources\lib\kat-server.jar;C:\Katalon\Katalon_Studio_Windows_64-6.3.3\configuration\resources\lib\littleproxy-1.1.0-beta-bmp-17.jar;C:\Katalon\Katalon_Studio_Windows_64-6.3.3\configuration\resources\lib\mitm-2.1.5.jar;C:\Katalon\Katalon_Studio_Windows_64-6.3.3\configuration\resources\lib\netty-all-4.0.51.Final.jar;C:\Katalon\Katalon_Studio_Windows_64-6.3.3\configuration\resources\lib\repackaged-sikuli-api-1.0.2-standalone.jar;C:\Katalon\Katalon_Studio_Windows_64-6.3.3\configuration\resources\lib\selenium-leg-rc-3.141.59.jar;C:\Katalon\Katalon_Studio_Windows_
Launcher Type: SUN_STANDARD

Environment Variables:
PATH=C:/Katalon/Katalon_Studio_Windows_64-6.3.3/jre/bin/server;C:/Katalon/Katalon_Studio_Windows_64-6.3.3/jre/bin;C:/Katalon/Katalon_Studio_Windows_64-6.3.3/jre/lib/amd64;C:\Program Files (x86)\Common Files\Oracle\Java\javapath;C:\windows\system32;C:\windows;C:\windows\System32\Wbem;C:\windows\System32\WindowsPowerShell\v1.0\;C:\windows\System32\OpenSSH\;C:\Users\AutoTest_1\AppData\Local\Microsoft\WindowsApps;C:\Users\AutoTest_1\AppData\Local\GitHubDesktop\bin;C:\Katalon\Katalon_Studio_Windows_64-6.3.3;
USERNAME=AutoTest_1
OS=Windows_NT
PROCESSOR_IDENTIFIER=Intel64 Family 6 Model 79 Stepping 1, GenuineIntel



---------------  S Y S T E M  ---------------

OS: Windows 10.0 , 64 bit Build 17763 (10.0.17763.475)

CPU:total 2 (initial active 2) (2 cores per cpu, 1 threads per core) family 6 model 79 stepping 1, cmov, cx8, fxsr, mmx, sse, sse2, sse3, ssse3, sse4.1, sse4.2, popcnt, avx, avx2, aes, clmul, erms, rtm, 3dnowpref, lzcnt, tsc, bmi1, bmi2, adx

Memory: 4k page, physical 8388148k(647752k free), swap 10485160k(5296k free)

vm_info: Java HotSpot(TM) 64-Bit Server VM (25.181-b13) for windows-amd64 JRE (1.8.0_181-b13), built on Jul  7 2018 04:01:33 by "java_re" with MS VC++ 10.0 (VS2010)

time: Thu Feb 13 18:16:35 2020
elapsed time: 6 seconds (0d 0h 0m 6s)

