#
# There is insufficient memory for the Java Runtime Environment to continue.
# Native memory allocation (malloc) failed to allocate 32744 bytes for ChunkPool::allocate
# Possible reasons:
#   The system is out of physical RAM or swap space
#   In 32 bit mode, the process size limit was hit
# Possible solutions:
#   Reduce memory load on the system
#   Increase physical memory or swap space
#   Check if swap backing store is full
#   Use 64 bit Java on a 64 bit OS
#   Decrease Java heap size (-Xmx/-Xms)
#   Decrease number of Java threads
#   Decrease Java thread stack sizes (-Xss)
#   Set larger code cache with -XX:ReservedCodeCacheSize=
# This output file may be truncated or incomplete.
#
#  Out of Memory Error (allocation.cpp:273), pid=14628, tid=0x0000000000003218
#
# JRE version: Java(TM) SE Runtime Environment (8.0_181-b13) (build 1.8.0_181-b13)
# Java VM: Java HotSpot(TM) 64-Bit Server VM (25.181-b13 mixed mode windows-amd64 compressed oops)
# Failed to write core dump. Minidumps are not enabled by default on client versions of Windows
#

---------------  T H R E A D  ---------------

Current thread (0x000000001673b000):  JavaThread "C2 CompilerThread0" daemon [_thread_in_native, id=12824, stack(0x0000000017770000,0x0000000017870000)]

Stack: [0x0000000017770000,0x0000000017870000]
[error occurred during error reporting (printing stack bounds), id 0xc0000005]

Native frames: (J=compiled Java code, j=interpreted, Vv=VM code, C=native code)


Current CompileTask:
C2:  11253 3476       4       java.net.URLClassLoader$1::run (5 bytes)


---------------  P R O C E S S  ---------------

Java Threads: ( => current thread )
  0x0000000019417000 JavaThread "Okio Watchdog" daemon [_thread_blocked, id=13432, stack(0x000000001f1b0000,0x000000001f2b0000)]
  0x0000000019416800 JavaThread "OkHttp ConnectionPool" daemon [_thread_blocked, id=13812, stack(0x000000001f0b0000,0x000000001f1b0000)]
  0x000000001ab1c000 JavaThread "Keep-Alive-Timer" daemon [_thread_blocked, id=12340, stack(0x000000001d5c0000,0x000000001d6c0000)]
  0x0000000019415800 JavaThread "Exec Stream Pumper" daemon [_thread_in_native, id=7436, stack(0x000000001c3d0000,0x000000001c4d0000)]
  0x000000001a9d1800 JavaThread "Exec Stream Pumper" daemon [_thread_in_native, id=5016, stack(0x000000001c2d0000,0x000000001c3d0000)]
  0x000000001a9d0800 JavaThread "UrlChecker-2" daemon [_thread_blocked, id=10560, stack(0x000000001bed0000,0x000000001bfd0000)]
  0x000000001a435800 JavaThread "Exec Default Executor" daemon [_thread_in_native, id=11104, stack(0x000000001b250000,0x000000001b350000)]
  0x0000000016794800 JavaThread "Service Thread" daemon [_thread_blocked, id=6976, stack(0x0000000017970000,0x0000000017a70000)]
  0x000000001678e000 JavaThread "C1 CompilerThread1" daemon [_thread_blocked, id=4976, stack(0x0000000017870000,0x0000000017970000)]
=>0x000000001673b000 JavaThread "C2 CompilerThread0" daemon [_thread_in_native, id=12824, stack(0x0000000017770000,0x0000000017870000)]
  0x0000000016739800 JavaThread "Attach Listener" daemon [_thread_blocked, id=14032, stack(0x0000000017670000,0x0000000017770000)]
  0x0000000016736000 JavaThread "Signal Dispatcher" daemon [_thread_blocked, id=13472, stack(0x0000000017570000,0x0000000017670000)]
  0x00000000025ab000 JavaThread "Finalizer" daemon [_thread_blocked, id=7520, stack(0x0000000017370000,0x0000000017470000)]
  0x00000000025a7000 JavaThread "Reference Handler" daemon [_thread_blocked, id=14492, stack(0x0000000017270000,0x0000000017370000)]
  0x00000000024b9800 JavaThread "Forwarding get on session 77302d0402ea5bcf2467e32550b98400 to remote" [_thread_in_native, id=15220, stack(0x0000000002370000,0x0000000002470000)]

Other Threads:
  0x00000000166f5000 VMThread [stack: 0x0000000017170000,0x0000000017270000] [id=15224]
  0x00000000167b5000 WatcherThread [stack: 0x0000000017a70000,0x0000000017b70000] [id=11844]

VM state:not at safepoint (normal execution)

VM Mutex/Monitor currently owned by a thread: None

Heap:
 PSYoungGen      total 143872K, used 114162K [0x00000000da180000, 0x00000000e8780000, 0x0000000100000000)
  eden space 133120K, 77% used [0x00000000da180000,0x00000000e0680790,0x00000000e2380000)
  from space 10752K, 99% used [0x00000000e2380000,0x00000000e2dfc0c0,0x00000000e2e00000)
  to   space 14848K, 0% used [0x00000000e7900000,0x00000000e7900000,0x00000000e8780000)
 ParOldGen       total 67584K, used 18815K [0x000000008e400000, 0x0000000092600000, 0x00000000da180000)
  object space 67584K, 27% used [0x000000008e400000,0x000000008f65fdb0,0x0000000092600000)
 Metaspace       used 33312K, capacity 34230K, committed 34560K, reserved 1079296K
  class space    used 4011K, capacity 4241K, committed 4352K, reserved 1048576K

Card table byte_map: [0x0000000011970000,0x0000000011d00000] byte_map_base: 0x00000000114fe000

Marking Bits: (ParMarkBitMap*) 0x0000000072612d00
 Begin Bits: [0x0000000012160000, 0x0000000013dd0000)
 End Bits:   [0x0000000013dd0000, 0x0000000015a40000)

Polling page: 0x0000000000680000

CodeCache: size=245760Kb used=13581Kb max_used=13581Kb free=232178Kb
 bounds [0x00000000025b0000, 0x0000000003300000, 0x00000000115b0000]
 total_blobs=4263 nmethods=3574 adapters=601
 compilation: enabled

Compilation events (10 events):
Event: 10.866 Thread 0x000000001678e000 3608   !   2       java.net.URL::<init> (543 bytes)
Event: 10.869 Thread 0x000000001678e000 nmethod 3608 0x00000000032f3650 code [0x00000000032f39a0, 0x00000000032f4b98]
Event: 10.870 Thread 0x000000001678e000 3609       2       java.util.ArrayDeque::addFirst (53 bytes)
Event: 10.870 Thread 0x000000001678e000 nmethod 3609 0x00000000032f6610 code [0x00000000032f6780, 0x00000000032f6a38]
Event: 10.871 Thread 0x000000001678e000 3610       1       com.google.common.collect.ImmutableEntry::getValue (5 bytes)
Event: 10.871 Thread 0x000000001678e000 nmethod 3610 0x00000000032f6bd0 code [0x00000000032f6d20, 0x00000000032f6e30]
Event: 10.871 Thread 0x000000001678e000 3611       1       java.util.stream.Collectors$CollectorImpl::characteristics (5 bytes)
Event: 10.871 Thread 0x000000001678e000 nmethod 3611 0x00000000032f6e90 code [0x00000000032f6fe0, 0x00000000032f70f0]
Event: 10.871 Thread 0x000000001678e000 3612       2       com.google.common.collect.ImmutableEntry::<init> (15 bytes)
Event: 10.872 Thread 0x000000001678e000 nmethod 3612 0x00000000032f7150 code [0x00000000032f72a0, 0x00000000032f7410]

GC Heap History (10 events):
Event: 2.406 GC heap before
{Heap before GC invocations=4 (full 0):
 PSYoungGen      total 38400K, used 38387K [0x00000000da180000, 0x00000000dec80000, 0x0000000100000000)
  eden space 33280K, 100% used [0x00000000da180000,0x00000000dc200000,0x00000000dc200000)
  from space 5120K, 99% used [0x00000000dc200000,0x00000000dc6fce68,0x00000000dc700000)
  to   space 5120K, 0% used [0x00000000de780000,0x00000000de780000,0x00000000dec80000)
 ParOldGen       total 87552K, used 267K [0x000000008e400000, 0x0000000093980000, 0x00000000da180000)
  object space 87552K, 0% used [0x000000008e400000,0x000000008e442c68,0x0000000093980000)
 Metaspace       used 17005K, capacity 17184K, committed 17408K, reserved 1064960K
  class space    used 1866K, capacity 1933K, committed 2048K, reserved 1048576K
Event: 2.418 GC heap after
Heap after GC invocations=4 (full 0):
 PSYoungGen      total 71680K, used 5113K [0x00000000da180000, 0x00000000dec80000, 0x0000000100000000)
  eden space 66560K, 0% used [0x00000000da180000,0x00000000da180000,0x00000000de280000)
  from space 5120K, 99% used [0x00000000de780000,0x00000000dec7e460,0x00000000dec80000)
  to   space 5120K, 0% used [0x00000000de280000,0x00000000de280000,0x00000000de780000)
 ParOldGen       total 87552K, used 3321K [0x000000008e400000, 0x0000000093980000, 0x00000000da180000)
  object space 87552K, 3% used [0x000000008e400000,0x000000008e73e510,0x0000000093980000)
 Metaspace       used 17005K, capacity 17184K, committed 17408K, reserved 1064960K
  class space    used 1866K, capacity 1933K, committed 2048K, reserved 1048576K
}
Event: 3.390 GC heap before
{Heap before GC invocations=5 (full 0):
 PSYoungGen      total 71680K, used 71673K [0x00000000da180000, 0x00000000dec80000, 0x0000000100000000)
  eden space 66560K, 100% used [0x00000000da180000,0x00000000de280000,0x00000000de280000)
  from space 5120K, 99% used [0x00000000de780000,0x00000000dec7e460,0x00000000dec80000)
  to   space 5120K, 0% used [0x00000000de280000,0x00000000de280000,0x00000000de780000)
 ParOldGen       total 87552K, used 3321K [0x000000008e400000, 0x0000000093980000, 0x00000000da180000)
  object space 87552K, 3% used [0x000000008e400000,0x000000008e73e510,0x0000000093980000)
 Metaspace       used 20756K, capacity 21040K, committed 21120K, reserved 1069056K
  class space    used 2297K, capacity 2406K, committed 2432K, reserved 1048576K
Event: 3.424 GC heap after
Heap after GC invocations=5 (full 0):
 PSYoungGen      total 71680K, used 5088K [0x00000000da180000, 0x00000000e3880000, 0x0000000100000000)
  eden space 66560K, 0% used [0x00000000da180000,0x00000000da180000,0x00000000de280000)
  from space 5120K, 99% used [0x00000000de280000,0x00000000de778380,0x00000000de780000)
  to   space 10752K, 0% used [0x00000000e2e00000,0x00000000e2e00000,0x00000000e3880000)
 ParOldGen       total 87552K, used 8596K [0x000000008e400000, 0x0000000093980000, 0x00000000da180000)
  object space 87552K, 9% used [0x000000008e400000,0x000000008ec65008,0x0000000093980000)
 Metaspace       used 20756K, capacity 21040K, committed 21120K, reserved 1069056K
  class space    used 2297K, capacity 2406K, committed 2432K, reserved 1048576K
}
Event: 3.610 GC heap before
{Heap before GC invocations=6 (full 0):
 PSYoungGen      total 71680K, used 35525K [0x00000000da180000, 0x00000000e3880000, 0x0000000100000000)
  eden space 66560K, 45% used [0x00000000da180000,0x00000000dbf39328,0x00000000de280000)
  from space 5120K, 99% used [0x00000000de280000,0x00000000de778380,0x00000000de780000)
  to   space 10752K, 0% used [0x00000000e2e00000,0x00000000e2e00000,0x00000000e3880000)
 ParOldGen       total 87552K, used 8596K [0x000000008e400000, 0x0000000093980000, 0x00000000da180000)
  object space 87552K, 9% used [0x000000008e400000,0x000000008ec65008,0x0000000093980000)
 Metaspace       used 20944K, capacity 21168K, committed 21296K, reserved 1069056K
  class space    used 2312K, capacity 2406K, committed 2432K, reserved 1048576K
Event: 3.625 GC heap after
Heap after GC invocations=6 (full 0):
 PSYoungGen      total 143872K, used 7863K [0x00000000da180000, 0x00000000e3880000, 0x0000000100000000)
  eden space 133120K, 0% used [0x00000000da180000,0x00000000da180000,0x00000000e2380000)
  from space 10752K, 73% used [0x00000000e2e00000,0x00000000e35adf88,0x00000000e3880000)
  to   space 10752K, 0% used [0x00000000e2380000,0x00000000e2380000,0x00000000e2e00000)
 ParOldGen       total 87552K, used 8604K [0x000000008e400000, 0x0000000093980000, 0x00000000da180000)
  object space 87552K, 9% used [0x000000008e400000,0x000000008ec67008,0x0000000093980000)
 Metaspace       used 20944K, capacity 21168K, committed 21296K, reserved 1069056K
  class space    used 2312K, capacity 2406K, committed 2432K, reserved 1048576K
}
Event: 3.625 GC heap before
{Heap before GC invocations=7 (full 1):
 PSYoungGen      total 143872K, used 7863K [0x00000000da180000, 0x00000000e3880000, 0x0000000100000000)
  eden space 133120K, 0% used [0x00000000da180000,0x00000000da180000,0x00000000e2380000)
  from space 10752K, 73% used [0x00000000e2e00000,0x00000000e35adf88,0x00000000e3880000)
  to   space 10752K, 0% used [0x00000000e2380000,0x00000000e2380000,0x00000000e2e00000)
 ParOldGen       total 87552K, used 8604K [0x000000008e400000, 0x0000000093980000, 0x00000000da180000)
  object space 87552K, 9% used [0x000000008e400000,0x000000008ec67008,0x0000000093980000)
 Metaspace       used 20944K, capacity 21168K, committed 21296K, reserved 1069056K
  class space    used 2312K, capacity 2406K, committed 2432K, reserved 1048576K
Event: 3.727 GC heap after
Heap after GC invocations=7 (full 1):
 PSYoungGen      total 143872K, used 0K [0x00000000da180000, 0x00000000e3880000, 0x0000000100000000)
  eden space 133120K, 0% used [0x00000000da180000,0x00000000da180000,0x00000000e2380000)
  from space 10752K, 0% used [0x00000000e2e00000,0x00000000e2e00000,0x00000000e3880000)
  to   space 10752K, 0% used [0x00000000e2380000,0x00000000e2380000,0x00000000e2e00000)
 ParOldGen       total 67584K, used 13881K [0x000000008e400000, 0x0000000092600000, 0x00000000da180000)
  object space 67584K, 20% used [0x000000008e400000,0x000000008f18e4b8,0x0000000092600000)
 Metaspace       used 20944K, capacity 21168K, committed 21296K, reserved 1069056K
  class space    used 2312K, capacity 2406K, committed 2432K, reserved 1048576K
}
Event: 5.258 GC heap before
{Heap before GC invocations=8 (full 1):
 PSYoungGen      total 143872K, used 133120K [0x00000000da180000, 0x00000000e3880000, 0x0000000100000000)
  eden space 133120K, 100% used [0x00000000da180000,0x00000000e2380000,0x00000000e2380000)
  from space 10752K, 0% used [0x00000000e2e00000,0x00000000e2e00000,0x00000000e3880000)
  to   space 10752K, 0% used [0x00000000e2380000,0x00000000e2380000,0x00000000e2e00000)
 ParOldGen       total 67584K, used 13881K [0x000000008e400000, 0x0000000092600000, 0x00000000da180000)
  object space 67584K, 20% used [0x000000008e400000,0x000000008f18e4b8,0x0000000092600000)
 Metaspace       used 25825K, capacity 26228K, committed 26368K, reserved 1073152K
  class space    used 2916K, capacity 3038K, committed 3072K, reserved 1048576K
Event: 5.300 GC heap after
Heap after GC invocations=8 (full 1):
 PSYoungGen      total 143872K, used 10736K [0x00000000da180000, 0x00000000e8780000, 0x0000000100000000)
  eden space 133120K, 0% used [0x00000000da180000,0x00000000da180000,0x00000000e2380000)
  from space 10752K, 99% used [0x00000000e2380000,0x00000000e2dfc0c0,0x00000000e2e00000)
  to   space 14848K, 0% used [0x00000000e7900000,0x00000000e7900000,0x00000000e8780000)
 ParOldGen       total 67584K, used 18815K [0x000000008e400000, 0x0000000092600000, 0x00000000da180000)
  object space 67584K, 27% used [0x000000008e400000,0x000000008f65fdb0,0x0000000092600000)
 Metaspace       used 25825K, capacity 26228K, committed 26368K, reserved 1073152K
  class space    used 2916K, capacity 3038K, committed 3072K, reserved 1048576K
}

Deoptimization events (10 events):
Event: 6.961 Thread 0x00000000024b9800 Uncommon trap: reason=bimorphic action=maybe_recompile pc=0x000000000309209c method=java.util.regex.Matcher.search(I)Z @ 86
Event: 6.961 Thread 0x00000000024b9800 Uncommon trap: reason=bimorphic action=maybe_recompile pc=0x000000000309209c method=java.util.regex.Matcher.search(I)Z @ 86
Event: 6.961 Thread 0x00000000024b9800 Uncommon trap: reason=bimorphic action=maybe_recompile pc=0x000000000309209c method=java.util.regex.Matcher.search(I)Z @ 86
Event: 6.962 Thread 0x00000000024b9800 Uncommon trap: reason=bimorphic action=maybe_recompile pc=0x000000000309209c method=java.util.regex.Matcher.search(I)Z @ 86
Event: 7.103 Thread 0x00000000024b9800 Uncommon trap: reason=class_check action=maybe_recompile pc=0x0000000003187a38 method=java.util.HashSet.contains(Ljava/lang/Object;)Z @ 5
Event: 7.103 Thread 0x00000000024b9800 Uncommon trap: reason=class_check action=maybe_recompile pc=0x0000000003187a38 method=java.util.HashSet.contains(Ljava/lang/Object;)Z @ 5
Event: 9.350 Thread 0x00000000024b9800 Uncommon trap: reason=null_check action=make_not_entrant pc=0x0000000003261d88 method=java.lang.ClassLoader.getPackage(Ljava/lang/String;)Ljava/lang/Package; @ 15
Event: 10.654 Thread 0x00000000024b9800 Uncommon trap: reason=unstable_if action=reinterpret pc=0x00000000030407f8 method=groovy.lang.MetaClassImpl.checkIfStdMethod(Lgroovy/lang/MetaMethod;)V @ 9
Event: 10.758 Thread 0x00000000024b9800 Uncommon trap: reason=unstable_if action=reinterpret pc=0x0000000003051130 method=org.codehaus.groovy.antlr.UnicodeEscapingReader.read()I @ 66
Event: 10.866 Thread 0x00000000024b9800 Uncommon trap: reason=bimorphic action=maybe_recompile pc=0x000000000306939c method=java.net.URL.<init>(Ljava/net/URL;Ljava/lang/String;Ljava/net/URLStreamHandler;)V @ 504

Classes redefined (0 events):
No events

Internal exceptions (10 events):
Event: 10.820 Thread 0x00000000024b9800 Exception <a 'java/lang/ClassNotFoundException': Script7Customizer> (0x00000000e0191f08) thrown at [C:\re\workspace\8-2-build-windows-amd64-cygwin\jdk8u181\11358\hotspot\src\share\vm\classfile\systemDictionary.cpp, line 210]
Event: 10.828 Thread 0x00000000024b9800 Exception <a 'java/lang/ClassNotFoundException': Script8BeanInfo> (0x00000000e0219448) thrown at [C:\re\workspace\8-2-build-windows-amd64-cygwin\jdk8u181\11358\hotspot\src\share\vm\classfile\systemDictionary.cpp, line 210]
Event: 10.829 Thread 0x00000000024b9800 Exception <a 'java/lang/ClassNotFoundException': Script8Customizer> (0x00000000e0249180) thrown at [C:\re\workspace\8-2-build-windows-amd64-cygwin\jdk8u181\11358\hotspot\src\share\vm\classfile\systemDictionary.cpp, line 210]
Event: 10.837 Thread 0x00000000024b9800 Exception <a 'java/lang/ClassNotFoundException': Script9BeanInfo> (0x00000000e02d4cb8) thrown at [C:\re\workspace\8-2-build-windows-amd64-cygwin\jdk8u181\11358\hotspot\src\share\vm\classfile\systemDictionary.cpp, line 210]
Event: 10.839 Thread 0x00000000024b9800 Exception <a 'java/lang/ClassNotFoundException': Script9Customizer> (0x00000000e03049f0) thrown at [C:\re\workspace\8-2-build-windows-amd64-cygwin\jdk8u181\11358\hotspot\src\share\vm\classfile\systemDictionary.cpp, line 210]
Event: 10.848 Thread 0x00000000024b9800 Exception <a 'java/lang/ClassNotFoundException': Script10BeanInfo> (0x00000000e038caf8) thrown at [C:\re\workspace\8-2-build-windows-amd64-cygwin\jdk8u181\11358\hotspot\src\share\vm\classfile\systemDictionary.cpp, line 210]
Event: 10.850 Thread 0x00000000024b9800 Exception <a 'java/lang/ClassNotFoundException': Script10Customizer> (0x00000000e03bedd0) thrown at [C:\re\workspace\8-2-build-windows-amd64-cygwin\jdk8u181\11358\hotspot\src\share\vm\classfile\systemDictionary.cpp, line 210]
Event: 10.861 Thread 0x00000000024b9800 Exception <a 'java/lang/ClassNotFoundException': com/kms/katalon/core/webui/keyword/builtin/NavigateToUrlKeywordBeanInfo> (0x00000000e0553818) thrown at [C:\re\workspace\8-2-build-windows-amd64-cygwin\jdk8u181\11358\hotspot\src\share\vm\classfile\systemDi
Event: 10.862 Thread 0x00000000024b9800 Exception <a 'java/lang/ClassNotFoundException': com/kms/katalon/core/webui/keyword/builtin/NavigateToUrlKeywordCustomizer> (0x00000000e0599b78) thrown at [C:\re\workspace\8-2-build-windows-amd64-cygwin\jdk8u181\11358\hotspot\src\share\vm\classfile\system
Event: 10.873 Thread 0x00000000024b9800 Exception <a 'java/net/SocketTimeoutException': Read timed out> (0x00000000e05df2d8) thrown at [C:\re\workspace\8-2-build-windows-amd64-cygwin\jdk8u181\11358\hotspot\src\share\vm\prims\jni.cpp, line 735]

Events (10 events):
Event: 10.863 loading class groovy/runtime/metaclass/com/kms/katalon/core/webui/keyword/builtin/NavigateToUrlKeyword$_navigateToUrl_closure1MetaClass done
Event: 10.865 loading class com/kms/katalon/core/util/internal/PathUtil
Event: 10.865 loading class com/kms/katalon/core/util/internal/PathUtil done
Event: 10.866 loading class sun/net/www/protocol/https/Handler
Event: 10.866 loading class sun/net/www/protocol/https/Handler done
Event: 10.866 Thread 0x00000000024b9800 Uncommon trap: trap_request=0xffffffc6 fr.pc=0x000000000306939c
Event: 10.866 Thread 0x00000000024b9800 DEOPT PACKING pc=0x000000000306939c sp=0x000000000246c780
Event: 10.866 Thread 0x00000000024b9800 DEOPT UNPACKING pc=0x00000000025f557b sp=0x000000000246c718 mode 2
Event: 10.866 loading class org/openqa/selenium/remote/RemoteWebDriver$RemoteNavigation
Event: 10.866 loading class org/openqa/selenium/remote/RemoteWebDriver$RemoteNavigation done


Dynamic libraries:
0x00007ff62bc90000 - 0x00007ff62bcc7000 	C:\Katalon\Katalon_Studio_Windows_64-6.3.3\jre\bin\javaw.exe
0x00007ffa91f20000 - 0x00007ffa9210d000 	C:\windows\SYSTEM32\ntdll.dll
0x00007ffa91a90000 - 0x00007ffa91b43000 	C:\windows\System32\KERNEL32.DLL
0x00007ffa8eea0000 - 0x00007ffa8f133000 	C:\windows\System32\KERNELBASE.dll
0x00007ffa91810000 - 0x00007ffa918b3000 	C:\windows\System32\ADVAPI32.dll
0x00007ffa919f0000 - 0x00007ffa91a8e000 	C:\windows\System32\msvcrt.dll
0x00007ffa8f600000 - 0x00007ffa8f69e000 	C:\windows\System32\sechost.dll
0x00007ffa918c0000 - 0x00007ffa919e2000 	C:\windows\System32\RPCRT4.dll
0x00007ffa8f140000 - 0x00007ffa8f2d7000 	C:\windows\System32\USER32.dll
0x00007ffa8dfe0000 - 0x00007ffa8e000000 	C:\windows\System32\win32u.dll
0x00007ffa8f4e0000 - 0x00007ffa8f509000 	C:\windows\System32\GDI32.dll
0x00007ffa8eb00000 - 0x00007ffa8ec99000 	C:\windows\System32\gdi32full.dll
0x00007ffa8e000000 - 0x00007ffa8e0a0000 	C:\windows\System32\msvcp_win.dll
0x00007ffa8ed40000 - 0x00007ffa8ee3a000 	C:\windows\System32\ucrtbase.dll
0x00007ffa7a8b0000 - 0x00007ffa7ab29000 	C:\windows\WinSxS\amd64_microsoft.windows.common-controls_6595b64144ccf1df_6.0.17763.973_none_05b245900721eb81\COMCTL32.dll
0x00007ffa8fc80000 - 0x00007ffa8ffac000 	C:\windows\System32\combase.dll
0x00007ffa8e0a0000 - 0x00007ffa8e11e000 	C:\windows\System32\bcryptPrimitives.dll
0x00007ffa91b50000 - 0x00007ffa91b7e000 	C:\windows\System32\IMM32.DLL
0x0000000071b40000 - 0x0000000071c12000 	C:\Katalon\Katalon_Studio_Windows_64-6.3.3\jre\bin\msvcr100.dll
0x0000000071df0000 - 0x0000000072692000 	C:\Katalon\Katalon_Studio_Windows_64-6.3.3\jre\bin\server\jvm.dll
0x00007ffa8f390000 - 0x00007ffa8f398000 	C:\windows\System32\PSAPI.DLL
0x00007ffa8a5f0000 - 0x00007ffa8a5f9000 	C:\windows\SYSTEM32\WSOCK32.dll
0x00007ffa8c060000 - 0x00007ffa8c084000 	C:\windows\SYSTEM32\WINMM.dll
0x00007ffa8f590000 - 0x00007ffa8f5fd000 	C:\windows\System32\WS2_32.dll
0x00007ffa83270000 - 0x00007ffa8327a000 	C:\windows\SYSTEM32\VERSION.dll
0x00007ffa8c030000 - 0x00007ffa8c05d000 	C:\windows\SYSTEM32\WINMMBASE.dll
0x00007ffa8eca0000 - 0x00007ffa8ecea000 	C:\windows\System32\cfgmgr32.dll
0x0000000071d00000 - 0x0000000071d0f000 	C:\Katalon\Katalon_Studio_Windows_64-6.3.3\jre\bin\verify.dll
0x0000000071cd0000 - 0x0000000071cf9000 	C:\Katalon\Katalon_Studio_Windows_64-6.3.3\jre\bin\java.dll
0x0000000071cb0000 - 0x0000000071cc6000 	C:\Katalon\Katalon_Studio_Windows_64-6.3.3\jre\bin\zip.dll
0x00007ffa900e0000 - 0x00007ffa915d4000 	C:\windows\System32\SHELL32.dll
0x00007ffa8f2e0000 - 0x00007ffa8f388000 	C:\windows\System32\shcore.dll
0x00007ffa8e120000 - 0x00007ffa8e86d000 	C:\windows\System32\windows.storage.dll
0x00007ffa8dfb0000 - 0x00007ffa8dfd4000 	C:\windows\System32\profapi.dll
0x00007ffa8df30000 - 0x00007ffa8df8d000 	C:\windows\System32\powrprof.dll
0x00007ffa91e90000 - 0x00007ffa91ee2000 	C:\windows\System32\shlwapi.dll
0x00007ffa8df10000 - 0x00007ffa8df21000 	C:\windows\System32\kernel.appcore.dll
0x00007ffa8ed20000 - 0x00007ffa8ed37000 	C:\windows\System32\cryptsp.dll
0x0000000071c90000 - 0x0000000071caa000 	C:\Katalon\Katalon_Studio_Windows_64-6.3.3\jre\bin\net.dll
0x00007ffa8d720000 - 0x00007ffa8d787000 	C:\windows\system32\mswsock.dll
0x0000000071c70000 - 0x0000000071c81000 	C:\Katalon\Katalon_Studio_Windows_64-6.3.3\jre\bin\nio.dll
0x00007ffa8d480000 - 0x00007ffa8d546000 	C:\windows\SYSTEM32\DNSAPI.dll
0x00007ffa8f3a0000 - 0x00007ffa8f3a8000 	C:\windows\System32\NSI.dll
0x00007ffa8d440000 - 0x00007ffa8d47d000 	C:\windows\SYSTEM32\IPHLPAPI.DLL
0x00007ffa82350000 - 0x00007ffa8235a000 	C:\Windows\System32\rasadhlp.dll
0x00007ffa84a20000 - 0x00007ffa84a99000 	C:\windows\System32\fwpuclnt.dll
0x00007ffa8ecf0000 - 0x00007ffa8ed16000 	C:\windows\System32\bcrypt.dll
0x0000000071c40000 - 0x0000000071c64000 	C:\Katalon\Katalon_Studio_Windows_64-6.3.3\jre\bin\sunec.dll
0x0000000071c30000 - 0x0000000071c3b000 	C:\Katalon\Katalon_Studio_Windows_64-6.3.3\jre\bin\sunmscapi.dll
0x00007ffa8e920000 - 0x00007ffa8eafc000 	C:\windows\System32\CRYPT32.dll
0x00007ffa8df90000 - 0x00007ffa8dfa2000 	C:\windows\System32\MSASN1.dll
0x00007ffa84fd0000 - 0x00007ffa84fe6000 	C:\windows\SYSTEM32\dhcpcsvc6.DLL
0x00007ffa84dd0000 - 0x00007ffa84dec000 	C:\windows\SYSTEM32\dhcpcsvc.DLL
0x00007ffa8d2a0000 - 0x00007ffa8d2d3000 	C:\windows\system32\rsaenh.dll
0x00007ffa8de10000 - 0x00007ffa8de38000 	C:\windows\SYSTEM32\USERENV.dll
0x00007ffa8d8f0000 - 0x00007ffa8d8fc000 	C:\windows\SYSTEM32\CRYPTBASE.dll
0x00007ffa6eff0000 - 0x00007ffa6f006000 	C:\windows\system32\napinsp.dll
0x00007ffa6efd0000 - 0x00007ffa6efea000 	C:\windows\system32\pnrpnsp.dll
0x00007ffa6efc0000 - 0x00007ffa6efce000 	C:\windows\System32\winrnr.dll
0x00007ffa8a540000 - 0x00007ffa8a55b000 	C:\windows\system32\NLAapi.dll
0x00007ffa6efa0000 - 0x00007ffa6efb5000 	C:\windows\system32\wshbth.dll

VM Arguments:
jvm_args: -Dgroovy.home=/C:/Katalon/Katalon_Studio_Windows_64-6.3.3/plugins/org.codehaus.groovy_2.4.7.xx-201611170128-e46/ -Xmx1820m -Dfile.encoding=UTF-8 
java_command: org.codehaus.groovy.tools.GroovyStarter --classpath C:\Users\AutoTest_1\git\PINS_ODT_TEST\Include\scripts\groovy;C:\Users\AutoTest_1\git\PINS_ODT_TEST\Keywords;C:\Users\AutoTest_1\git\PINS_ODT_TEST\Libs;C:\Users\AutoTest_1\git\PINS_ODT_TEST\Test Listeners;C:\Katalon\Katalon_Studio_Windows_64-6.3.3\configuration\resources\lib\aspectjweaver-1.9.1.jar;C:\Katalon\Katalon_Studio_Windows_64-6.3.3\configuration\resources\lib\bcpkix-jdk15on-1.58.jar;C:\Katalon\Katalon_Studio_Windows_64-6.3.3\configuration\resources\lib\bcprov-jdk15on-1.58.jar;C:\Katalon\Katalon_Studio_Windows_64-6.3.3\configuration\resources\lib\browsermob-core-2.1.5.jar;C:\Katalon\Katalon_Studio_Windows_64-6.3.3\configuration\resources\lib\cglib-3.2.10.jar;C:\Katalon\Katalon_Studio_Windows_64-6.3.3\configuration\resources\lib\commons-validator-1.6.jar;C:\Katalon\Katalon_Studio_Windows_64-6.3.3\configuration\resources\lib\dnsjava-2.1.8.jar;C:\Katalon\Katalon_Studio_Windows_64-6.3.3\configuration\resources\lib\java-client-7.0.0.jar;C:\Katalon\Katalon_Studio_Windows_64-6.3.3\configuration\resources\lib\jna-4.1.0.jar;C:\Katalon\Katalon_Studio_Windows_64-6.3.3\configuration\resources\lib\jna-platform-4.1.0.jar;C:\Katalon\Katalon_Studio_Windows_64-6.3.3\configuration\resources\lib\jzlib-1.1.3.jar;C:\Katalon\Katalon_Studio_Windows_64-6.3.3\configuration\resources\lib\kat-server.jar;C:\Katalon\Katalon_Studio_Windows_64-6.3.3\configuration\resources\lib\littleproxy-1.1.0-beta-bmp-17.jar;C:\Katalon\Katalon_Studio_Windows_64-6.3.3\configuration\resources\lib\mitm-2.1.5.jar;C:\Katalon\Katalon_Studio_Windows_64-6.3.3\configuration\resources\lib\netty-all-4.0.51.Final.jar;C:\Katalon\Katalon_Studio_Windows_64-6.3.3\configuration\resources\lib\repackaged-sikuli-api-1.0.2-standalone.jar;C:\Katalon\Katalon_Studio_Windows_64-6.3.3\configuration\resources\lib\selenium-leg-rc-3.141.59.jar;C:\Katalon\Katalon_Studio_Windows_64-6.3.3\configuration\resources\lib\selenium-server-standalone-3.141.59.jar;C:\Katalon\Ka
java_class_path (initial): C:\Users\AutoTest_1\git\PINS_ODT_TEST\bin\keyword;C:\Users\AutoTest_1\git\PINS_ODT_TEST\bin\listener;C:\Users\AutoTest_1\git\PINS_ODT_TEST\bin\lib;C:\Users\AutoTest_1\git\PINS_ODT_TEST\bin\groovy;C:\Users\AutoTest_1\git\PINS_ODT_TEST\bin;C:\Katalon\Katalon_Studio_Windows_64-6.3.3\plugins\com.kms.katalon.core_1.0.0.201908270734.jar;C:\Katalon\Katalon_Studio_Windows_64-6.3.3\configuration\resources\lib\aspectjweaver-1.9.1.jar;C:\Katalon\Katalon_Studio_Windows_64-6.3.3\configuration\resources\lib\bcpkix-jdk15on-1.58.jar;C:\Katalon\Katalon_Studio_Windows_64-6.3.3\configuration\resources\lib\bcprov-jdk15on-1.58.jar;C:\Katalon\Katalon_Studio_Windows_64-6.3.3\configuration\resources\lib\browsermob-core-2.1.5.jar;C:\Katalon\Katalon_Studio_Windows_64-6.3.3\configuration\resources\lib\cglib-3.2.10.jar;C:\Katalon\Katalon_Studio_Windows_64-6.3.3\configuration\resources\lib\commons-validator-1.6.jar;C:\Katalon\Katalon_Studio_Windows_64-6.3.3\configuration\resources\lib\dnsjava-2.1.8.jar;C:\Katalon\Katalon_Studio_Windows_64-6.3.3\configuration\resources\lib\java-client-7.0.0.jar;C:\Katalon\Katalon_Studio_Windows_64-6.3.3\configuration\resources\lib\jna-4.1.0.jar;C:\Katalon\Katalon_Studio_Windows_64-6.3.3\configuration\resources\lib\jna-platform-4.1.0.jar;C:\Katalon\Katalon_Studio_Windows_64-6.3.3\configuration\resources\lib\jzlib-1.1.3.jar;C:\Katalon\Katalon_Studio_Windows_64-6.3.3\configuration\resources\lib\kat-server.jar;C:\Katalon\Katalon_Studio_Windows_64-6.3.3\configuration\resources\lib\littleproxy-1.1.0-beta-bmp-17.jar;C:\Katalon\Katalon_Studio_Windows_64-6.3.3\configuration\resources\lib\mitm-2.1.5.jar;C:\Katalon\Katalon_Studio_Windows_64-6.3.3\configuration\resources\lib\netty-all-4.0.51.Final.jar;C:\Katalon\Katalon_Studio_Windows_64-6.3.3\configuration\resources\lib\repackaged-sikuli-api-1.0.2-standalone.jar;C:\Katalon\Katalon_Studio_Windows_64-6.3.3\configuration\resources\lib\selenium-leg-rc-3.141.59.jar;C:\Katalon\Katalon_Studio_Windows_
Launcher Type: SUN_STANDARD

Environment Variables:
PATH=C:/Katalon/Katalon_Studio_Windows_64-6.3.3/jre/bin/server;C:/Katalon/Katalon_Studio_Windows_64-6.3.3/jre/bin;C:/Katalon/Katalon_Studio_Windows_64-6.3.3/jre/lib/amd64;C:\Program Files (x86)\Common Files\Oracle\Java\javapath;C:\windows\system32;C:\windows;C:\windows\System32\Wbem;C:\windows\System32\WindowsPowerShell\v1.0\;C:\windows\System32\OpenSSH\;C:\Users\AutoTest_1\AppData\Local\Microsoft\WindowsApps;C:\Users\AutoTest_1\AppData\Local\GitHubDesktop\bin;C:\Katalon\Katalon_Studio_Windows_64-6.3.3;
USERNAME=AutoTest_1
OS=Windows_NT
PROCESSOR_IDENTIFIER=Intel64 Family 6 Model 79 Stepping 1, GenuineIntel



---------------  S Y S T E M  ---------------

OS: Windows 10.0 , 64 bit Build 17763 (10.0.17763.475)

CPU:total 2 (initial active 2) (2 cores per cpu, 1 threads per core) family 6 model 79 stepping 1, cmov, cx8, fxsr, mmx, sse, sse2, sse3, ssse3, sse4.1, sse4.2, popcnt, avx, avx2, aes, clmul, erms, rtm, 3dnowpref, lzcnt, tsc, bmi1, bmi2, adx

Memory: 4k page, physical 8388148k(633964k free), swap 10485160k(5128k free)

vm_info: Java HotSpot(TM) 64-Bit Server VM (25.181-b13) for windows-amd64 JRE (1.8.0_181-b13), built on Jul  7 2018 04:01:33 by "java_re" with MS VC++ 10.0 (VS2010)

time: Thu Feb 13 18:14:28 2020
elapsed time: 11 seconds (0d 0h 0m 11s)

