#
# There is insufficient memory for the Java Runtime Environment to continue.
# Native memory allocation (malloc) failed to allocate 32744 bytes for ChunkPool::allocate
# Possible reasons:
#   The system is out of physical RAM or swap space
#   In 32 bit mode, the process size limit was hit
# Possible solutions:
#   Reduce memory load on the system
#   Increase physical memory or swap space
#   Check if swap backing store is full
#   Use 64 bit Java on a 64 bit OS
#   Decrease Java heap size (-Xmx/-Xms)
#   Decrease number of Java threads
#   Decrease Java thread stack sizes (-Xss)
#   Set larger code cache with -XX:ReservedCodeCacheSize=
# This output file may be truncated or incomplete.
#
#  Out of Memory Error (allocation.cpp:273), pid=7140, tid=0x0000000000000f18
#
# JRE version: Java(TM) SE Runtime Environment (8.0_181-b13) (build 1.8.0_181-b13)
# Java VM: Java HotSpot(TM) 64-Bit Server VM (25.181-b13 mixed mode windows-amd64 compressed oops)
# Failed to write core dump. Minidumps are not enabled by default on client versions of Windows
#

---------------  T H R E A D  ---------------

Current thread (0x0000000016e52800):  JavaThread "C2 CompilerThread0" daemon [_thread_in_native, id=3864, stack(0x0000000017e80000,0x0000000017f80000)]

Stack: [0x0000000017e80000,0x0000000017f80000]
[error occurred during error reporting (printing stack bounds), id 0xc0000005]

Native frames: (J=compiled Java code, j=interpreted, Vv=VM code, C=native code)


Current CompileTask:
C2:  20221 3549   !   4       java.net.URLClassLoader$1::run (63 bytes)


---------------  P R O C E S S  ---------------

Java Threads: ( => current thread )
  0x000000001972e800 JavaThread "Okio Watchdog" daemon [_thread_blocked, id=14700, stack(0x000000001e070000,0x000000001e170000)]
  0x000000001972e000 JavaThread "OkHttp ConnectionPool" daemon [_thread_blocked, id=9804, stack(0x000000001df70000,0x000000001e070000)]
  0x000000001937c000 JavaThread "Exec Stream Pumper" daemon [_thread_in_native, id=12060, stack(0x000000001da70000,0x000000001db70000)]
  0x00000000195b2000 JavaThread "Exec Stream Pumper" daemon [_thread_in_native, id=7948, stack(0x000000001d970000,0x000000001da70000)]
  0x000000001937b800 JavaThread "UrlChecker-2" daemon [_thread_blocked, id=15096, stack(0x000000001d770000,0x000000001d870000)]
  0x00000000196ac800 JavaThread "Exec Default Executor" daemon [_thread_in_native, id=13124, stack(0x000000001d670000,0x000000001d770000)]
  0x0000000016eb5800 JavaThread "Service Thread" daemon [_thread_blocked, id=14536, stack(0x0000000018080000,0x0000000018180000)]
  0x0000000016eaf800 JavaThread "C1 CompilerThread1" daemon [_thread_blocked, id=11284, stack(0x0000000017f80000,0x0000000018080000)]
=>0x0000000016e52800 JavaThread "C2 CompilerThread0" daemon [_thread_in_native, id=3864, stack(0x0000000017e80000,0x0000000017f80000)]
  0x0000000016e51800 JavaThread "Attach Listener" daemon [_thread_blocked, id=14564, stack(0x0000000017d80000,0x0000000017e80000)]
  0x0000000016e4e000 JavaThread "Signal Dispatcher" daemon [_thread_blocked, id=6264, stack(0x0000000017c80000,0x0000000017d80000)]
  0x0000000002ccc000 JavaThread "Finalizer" daemon [_thread_blocked, id=14816, stack(0x0000000017a80000,0x0000000017b80000)]
  0x0000000002cc7000 JavaThread "Reference Handler" daemon [_thread_blocked, id=11364, stack(0x0000000017980000,0x0000000017a80000)]
  0x0000000002bd9800 JavaThread "main" [_thread_blocked, id=10396, stack(0x0000000002a10000,0x0000000002b10000)]

Other Threads:
  0x0000000016e15800 VMThread [stack: 0x0000000017880000,0x0000000017980000] [id=13812]
  0x0000000016ed5000 WatcherThread [stack: 0x0000000018180000,0x0000000018280000] [id=5804]

VM state:not at safepoint (normal execution)

VM Mutex/Monitor currently owned by a thread: None

Heap:
 PSYoungGen      total 249344K, used 146396K [0x00000000da180000, 0x00000000eb880000, 0x0000000100000000)
  eden space 238592K, 56% used [0x00000000da180000,0x00000000e25fcfa0,0x00000000e8a80000)
  from space 10752K, 99% used [0x00000000eae00000,0x00000000eb87a0a0,0x00000000eb880000)
  to   space 14336K, 0% used [0x00000000e9c80000,0x00000000e9c80000,0x00000000eaa80000)
 ParOldGen       total 58880K, used 20070K [0x000000008e400000, 0x0000000091d80000, 0x00000000da180000)
  object space 58880K, 34% used [0x000000008e400000,0x000000008f799840,0x0000000091d80000)
 Metaspace       used 33359K, capacity 34308K, committed 34432K, reserved 1079296K
  class space    used 3968K, capacity 4194K, committed 4224K, reserved 1048576K

Card table byte_map: [0x0000000012090000,0x0000000012420000] byte_map_base: 0x0000000011c1e000

Marking Bits: (ParMarkBitMap*) 0x0000000072612d00
 Begin Bits: [0x0000000012880000, 0x00000000144f0000)
 End Bits:   [0x00000000144f0000, 0x0000000016160000)

Polling page: 0x00000000011c0000

CodeCache: size=245760Kb used=15000Kb max_used=15000Kb free=230759Kb
 bounds [0x0000000002cd0000, 0x0000000003b80000, 0x0000000011cd0000]
 total_blobs=4326 nmethods=3637 adapters=601
 compilation: enabled

Compilation events (10 events):
Event: 19.962 Thread 0x0000000016eaf800 3725       2       java.lang.AbstractStringBuilder::append (50 bytes)
Event: 19.962 Thread 0x0000000016eaf800 nmethod 3725 0x0000000003b78690 code [0x0000000003b78840, 0x0000000003b78c28]
Event: 19.963 Thread 0x0000000016eaf800 3726       1       org.codehaus.groovy.runtime.metaclass.NewStaticMetaMethod::isStatic (2 bytes)
Event: 19.963 Thread 0x0000000016eaf800 nmethod 3726 0x0000000003b78e10 code [0x0000000003b78f60, 0x0000000003b79070]
Event: 19.964 Thread 0x0000000016eaf800 3727       1       org.codehaus.groovy.runtime.metaclass.NewStaticMetaMethod::getModifiers (3 bytes)
Event: 19.964 Thread 0x0000000016eaf800 nmethod 3727 0x0000000003b790d0 code [0x0000000003b79220, 0x0000000003b79330]
Event: 19.966 Thread 0x0000000016eaf800 3728       2       sun.reflect.generics.reflectiveObjects.WildcardTypeImpl::toString (155 bytes)
Event: 19.967 Thread 0x0000000016eaf800 nmethod 3728 0x0000000003b79390 code [0x0000000003b79580, 0x0000000003b79ac8]
Event: 19.967 Thread 0x0000000016eaf800 3729       2       groovy.lang.MetaClassImpl::applyStrayPropertyMethods (293 bytes)
Event: 19.969 Thread 0x0000000016eaf800 nmethod 3729 0x0000000003b79f10 code [0x0000000003b7a200, 0x0000000003b7afd8]

GC Heap History (10 events):
Event: 2.983 GC heap before
{Heap before GC invocations=5 (full 0):
 PSYoungGen      total 71680K, used 71655K [0x00000000da180000, 0x00000000dec80000, 0x0000000100000000)
  eden space 66560K, 100% used [0x00000000da180000,0x00000000de280000,0x00000000de280000)
  from space 5120K, 99% used [0x00000000de780000,0x00000000dec79cb8,0x00000000dec80000)
  to   space 5120K, 0% used [0x00000000de280000,0x00000000de280000,0x00000000de780000)
 ParOldGen       total 87552K, used 3341K [0x000000008e400000, 0x0000000093980000, 0x00000000da180000)
  object space 87552K, 3% used [0x000000008e400000,0x000000008e743648,0x0000000093980000)
 Metaspace       used 19987K, capacity 20258K, committed 20608K, reserved 1067008K
  class space    used 2231K, capacity 2341K, committed 2432K, reserved 1048576K
Event: 3.000 GC heap after
Heap after GC invocations=5 (full 0):
 PSYoungGen      total 71680K, used 5104K [0x00000000da180000, 0x00000000e3780000, 0x0000000100000000)
  eden space 66560K, 0% used [0x00000000da180000,0x00000000da180000,0x00000000de280000)
  from space 5120K, 99% used [0x00000000de280000,0x00000000de77c370,0x00000000de780000)
  to   space 10240K, 0% used [0x00000000e2d80000,0x00000000e2d80000,0x00000000e3780000)
 ParOldGen       total 87552K, used 7656K [0x000000008e400000, 0x0000000093980000, 0x00000000da180000)
  object space 87552K, 8% used [0x000000008e400000,0x000000008eb7a290,0x0000000093980000)
 Metaspace       used 19987K, capacity 20258K, committed 20608K, reserved 1067008K
  class space    used 2231K, capacity 2341K, committed 2432K, reserved 1048576K
}
Event: 3.546 GC heap before
{Heap before GC invocations=6 (full 0):
 PSYoungGen      total 71680K, used 71664K [0x00000000da180000, 0x00000000e3780000, 0x0000000100000000)
  eden space 66560K, 100% used [0x00000000da180000,0x00000000de280000,0x00000000de280000)
  from space 5120K, 99% used [0x00000000de280000,0x00000000de77c370,0x00000000de780000)
  to   space 10240K, 0% used [0x00000000e2d80000,0x00000000e2d80000,0x00000000e3780000)
 ParOldGen       total 87552K, used 7656K [0x000000008e400000, 0x0000000093980000, 0x00000000da180000)
  object space 87552K, 8% used [0x000000008e400000,0x000000008eb7a290,0x0000000093980000)
 Metaspace       used 20959K, capacity 21192K, committed 21296K, reserved 1069056K
  class space    used 2312K, capacity 2413K, committed 2432K, reserved 1048576K
Event: 3.566 GC heap after
Heap after GC invocations=6 (full 0):
 PSYoungGen      total 142336K, used 8950K [0x00000000da180000, 0x00000000e3980000, 0x0000000100000000)
  eden space 132096K, 0% used [0x00000000da180000,0x00000000da180000,0x00000000e2280000)
  from space 10240K, 87% used [0x00000000e2d80000,0x00000000e363dbb0,0x00000000e3780000)
  to   space 11264K, 0% used [0x00000000e2280000,0x00000000e2280000,0x00000000e2d80000)
 ParOldGen       total 87552K, used 7656K [0x000000008e400000, 0x0000000093980000, 0x00000000da180000)
  object space 87552K, 8% used [0x000000008e400000,0x000000008eb7a290,0x0000000093980000)
 Metaspace       used 20959K, capacity 21192K, committed 21296K, reserved 1069056K
  class space    used 2312K, capacity 2413K, committed 2432K, reserved 1048576K
}
Event: 3.576 GC heap before
{Heap before GC invocations=7 (full 0):
 PSYoungGen      total 142336K, used 11576K [0x00000000da180000, 0x00000000e3980000, 0x0000000100000000)
  eden space 132096K, 1% used [0x00000000da180000,0x00000000da4105d0,0x00000000e2280000)
  from space 10240K, 87% used [0x00000000e2d80000,0x00000000e363dbb0,0x00000000e3780000)
  to   space 11264K, 0% used [0x00000000e2280000,0x00000000e2280000,0x00000000e2d80000)
 ParOldGen       total 87552K, used 7656K [0x000000008e400000, 0x0000000093980000, 0x00000000da180000)
  object space 87552K, 8% used [0x000000008e400000,0x000000008eb7a290,0x0000000093980000)
 Metaspace       used 20960K, capacity 21192K, committed 21296K, reserved 1069056K
  class space    used 2312K, capacity 2413K, committed 2432K, reserved 1048576K
Event: 3.605 GC heap after
Heap after GC invocations=7 (full 0):
 PSYoungGen      total 143360K, used 6384K [0x00000000da180000, 0x00000000eb880000, 0x0000000100000000)
  eden space 132096K, 0% used [0x00000000da180000,0x00000000da180000,0x00000000e2280000)
  from space 11264K, 56% used [0x00000000e2280000,0x00000000e28bc010,0x00000000e2d80000)
  to   space 10752K, 0% used [0x00000000eae00000,0x00000000eae00000,0x00000000eb880000)
 ParOldGen       total 87552K, used 9700K [0x000000008e400000, 0x0000000093980000, 0x00000000da180000)
  object space 87552K, 11% used [0x000000008e400000,0x000000008ed79070,0x0000000093980000)
 Metaspace       used 20960K, capacity 21192K, committed 21296K, reserved 1069056K
  class space    used 2312K, capacity 2413K, committed 2432K, reserved 1048576K
}
Event: 3.605 GC heap before
{Heap before GC invocations=8 (full 1):
 PSYoungGen      total 143360K, used 6384K [0x00000000da180000, 0x00000000eb880000, 0x0000000100000000)
  eden space 132096K, 0% used [0x00000000da180000,0x00000000da180000,0x00000000e2280000)
  from space 11264K, 56% used [0x00000000e2280000,0x00000000e28bc010,0x00000000e2d80000)
  to   space 10752K, 0% used [0x00000000eae00000,0x00000000eae00000,0x00000000eb880000)
 ParOldGen       total 87552K, used 9700K [0x000000008e400000, 0x0000000093980000, 0x00000000da180000)
  object space 87552K, 11% used [0x000000008e400000,0x000000008ed79070,0x0000000093980000)
 Metaspace       used 20960K, capacity 21192K, committed 21296K, reserved 1069056K
  class space    used 2312K, capacity 2413K, committed 2432K, reserved 1048576K
Event: 3.746 GC heap after
Heap after GC invocations=8 (full 1):
 PSYoungGen      total 143360K, used 0K [0x00000000da180000, 0x00000000eb880000, 0x0000000100000000)
  eden space 132096K, 0% used [0x00000000da180000,0x00000000da180000,0x00000000e2280000)
  from space 11264K, 0% used [0x00000000e2280000,0x00000000e2280000,0x00000000e2d80000)
  to   space 10752K, 0% used [0x00000000eae00000,0x00000000eae00000,0x00000000eb880000)
 ParOldGen       total 58880K, used 15114K [0x000000008e400000, 0x0000000091d80000, 0x00000000da180000)
  object space 58880K, 25% used [0x000000008e400000,0x000000008f2c2bd0,0x0000000091d80000)
 Metaspace       used 20960K, capacity 21192K, committed 21296K, reserved 1069056K
  class space    used 2312K, capacity 2413K, committed 2432K, reserved 1048576K
}
Event: 5.319 GC heap before
{Heap before GC invocations=9 (full 1):
 PSYoungGen      total 143360K, used 132096K [0x00000000da180000, 0x00000000eb880000, 0x0000000100000000)
  eden space 132096K, 100% used [0x00000000da180000,0x00000000e2280000,0x00000000e2280000)
  from space 11264K, 0% used [0x00000000e2280000,0x00000000e2280000,0x00000000e2d80000)
  to   space 10752K, 0% used [0x00000000eae00000,0x00000000eae00000,0x00000000eb880000)
 ParOldGen       total 58880K, used 15114K [0x000000008e400000, 0x0000000091d80000, 0x00000000da180000)
  object space 58880K, 25% used [0x000000008e400000,0x000000008f2c2bd0,0x0000000091d80000)
 Metaspace       used 25877K, capacity 26300K, committed 26624K, reserved 1073152K
  class space    used 2908K, capacity 3041K, committed 3072K, reserved 1048576K
Event: 5.362 GC heap after
Heap after GC invocations=9 (full 1):
 PSYoungGen      total 249344K, used 10728K [0x00000000da180000, 0x00000000eb880000, 0x0000000100000000)
  eden space 238592K, 0% used [0x00000000da180000,0x00000000da180000,0x00000000e8a80000)
  from space 10752K, 99% used [0x00000000eae00000,0x00000000eb87a0a0,0x00000000eb880000)
  to   space 14336K, 0% used [0x00000000e9c80000,0x00000000e9c80000,0x00000000eaa80000)
 ParOldGen       total 58880K, used 20070K [0x000000008e400000, 0x0000000091d80000, 0x00000000da180000)
  object space 58880K, 34% used [0x000000008e400000,0x000000008f799840,0x0000000091d80000)
 Metaspace       used 25877K, capacity 26300K, committed 26624K, reserved 1073152K
  class space    used 2908K, capacity 3041K, committed 3072K, reserved 1048576K
}

Deoptimization events (10 events):
Event: 6.260 Thread 0x0000000002bd9800 Uncommon trap: reason=unstable_if action=reinterpret pc=0x0000000002ec7d9c method=java.lang.String.replace(CC)Ljava/lang/String; @ 2
Event: 6.264 Thread 0x0000000002bd9800 Uncommon trap: reason=bimorphic action=maybe_recompile pc=0x000000000387a7ac method=java.net.URL.<init>(Ljava/net/URL;Ljava/lang/String;Ljava/net/URLStreamHandler;)V @ 504
Event: 7.020 Thread 0x000000001b780800 Uncommon trap: reason=unstable_if action=reinterpret pc=0x0000000003875a88 method=java.util.concurrent.ConcurrentHashMap.putVal(Ljava/lang/Object;Ljava/lang/Object;Z)Ljava/lang/Object; @ 206
Event: 7.146 Thread 0x0000000002bd9800 Uncommon trap: reason=class_check action=maybe_recompile pc=0x0000000003a557b8 method=java.util.HashSet.contains(Ljava/lang/Object;)Z @ 5
Event: 7.146 Thread 0x0000000002bd9800 Uncommon trap: reason=class_check action=maybe_recompile pc=0x0000000003a557b8 method=java.util.HashSet.contains(Ljava/lang/Object;)Z @ 5
Event: 19.425 Thread 0x0000000002bd9800 Uncommon trap: reason=class_check action=maybe_recompile pc=0x0000000003a53df4 method=org.openqa.selenium.json.Input.init()V @ 18
Event: 19.425 Thread 0x0000000002bd9800 Uncommon trap: reason=class_check action=maybe_recompile pc=0x0000000003a53df4 method=org.openqa.selenium.json.Input.init()V @ 18
Event: 19.426 Thread 0x0000000002bd9800 Uncommon trap: reason=class_check action=maybe_recompile pc=0x0000000003a53df4 method=org.openqa.selenium.json.Input.init()V @ 18
Event: 19.426 Thread 0x0000000002bd9800 Uncommon trap: reason=class_check action=maybe_recompile pc=0x0000000003a53df4 method=org.openqa.selenium.json.Input.init()V @ 18
Event: 19.463 Thread 0x0000000002bd9800 Uncommon trap: reason=unstable_if action=reinterpret pc=0x0000000002e5a198 method=sun.nio.cs.UTF_8$Encoder.encode([CII[B)I @ 33

Classes redefined (0 events):
No events

Internal exceptions (10 events):
Event: 19.787 Thread 0x0000000002bd9800 Exception <a 'java/security/PrivilegedActionException'> (0x00000000e191a000) thrown at [C:\re\workspace\8-2-build-windows-amd64-cygwin\jdk8u181\11358\hotspot\src\share\vm\prims\jvm.cpp, line 1435]
Event: 19.787 Thread 0x0000000002bd9800 Exception <a 'java/security/PrivilegedActionException'> (0x00000000e191a5e0) thrown at [C:\re\workspace\8-2-build-windows-amd64-cygwin\jdk8u181\11358\hotspot\src\share\vm\prims\jvm.cpp, line 1435]
Event: 19.796 Thread 0x0000000002bd9800 Exception <a 'java/security/PrivilegedActionException'> (0x00000000e1b7b248) thrown at [C:\re\workspace\8-2-build-windows-amd64-cygwin\jdk8u181\11358\hotspot\src\share\vm\prims\jvm.cpp, line 1435]
Event: 19.796 Thread 0x0000000002bd9800 Exception <a 'java/security/PrivilegedActionException'> (0x00000000e1b7b828) thrown at [C:\re\workspace\8-2-build-windows-amd64-cygwin\jdk8u181\11358\hotspot\src\share\vm\prims\jvm.cpp, line 1435]
Event: 19.797 Thread 0x0000000002bd9800 Exception <a 'java/security/PrivilegedActionException'> (0x00000000e1b8a498) thrown at [C:\re\workspace\8-2-build-windows-amd64-cygwin\jdk8u181\11358\hotspot\src\share\vm\prims\jvm.cpp, line 1435]
Event: 19.797 Thread 0x0000000002bd9800 Exception <a 'java/security/PrivilegedActionException'> (0x00000000e1b8aa78) thrown at [C:\re\workspace\8-2-build-windows-amd64-cygwin\jdk8u181\11358\hotspot\src\share\vm\prims\jvm.cpp, line 1435]
Event: 19.837 Thread 0x0000000002bd9800 Exception <a 'java/lang/ClassNotFoundException': Script1572272461226BeanInfo> (0x00000000e1cd30d8) thrown at [C:\re\workspace\8-2-build-windows-amd64-cygwin\jdk8u181\11358\hotspot\src\share\vm\classfile\systemDictionary.cpp, line 210]
Event: 19.838 Thread 0x0000000002bd9800 Exception <a 'java/lang/ClassNotFoundException': Script1572272461226Customizer> (0x00000000e1d0e2a0) thrown at [C:\re\workspace\8-2-build-windows-amd64-cygwin\jdk8u181\11358\hotspot\src\share\vm\classfile\systemDictionary.cpp, line 210]
Event: 19.965 Thread 0x0000000002bd9800 Exception <a 'java/lang/ClassNotFoundException': com/kms/katalon/core/keyword/builtin/DelayKeywordBeanInfo> (0x00000000e21ab7c0) thrown at [C:\re\workspace\8-2-build-windows-amd64-cygwin\jdk8u181\11358\hotspot\src\share\vm\classfile\systemDictionary.cpp, 
Event: 19.966 Thread 0x0000000002bd9800 Exception <a 'java/lang/ClassNotFoundException': com/kms/katalon/core/keyword/builtin/DelayKeywordCustomizer> (0x00000000e21e9950) thrown at [C:\re\workspace\8-2-build-windows-amd64-cygwin\jdk8u181\11358\hotspot\src\share\vm\classfile\systemDictionary.cpp

Events (10 events):
Event: 19.965 loading class com/kms/katalon/core/keyword/builtin/DelayKeywordBeanInfo
Event: 19.965 loading class com/kms/katalon/core/keyword/builtin/DelayKeywordBeanInfo done
Event: 19.965 loading class com/kms/katalon/core/keyword/builtin/DelayKeywordCustomizer
Event: 19.965 loading class com/kms/katalon/core/keyword/builtin/DelayKeywordCustomizer done
Event: 19.965 loading class com/kms/katalon/core/keyword/builtin/DelayKeywordCustomizer
Event: 19.965 loading class com/kms/katalon/core/keyword/builtin/DelayKeywordCustomizer done
Event: 19.966 loading class com/kms/katalon/core/keyword/builtin/DelayKeywordCustomizer
Event: 19.966 loading class com/kms/katalon/core/keyword/builtin/DelayKeywordCustomizer done
Event: 19.969 loading class groovy/runtime/metaclass/com/kms/katalon/core/keyword/builtin/DelayKeyword$_delay_closure1MetaClass
Event: 19.969 loading class groovy/runtime/metaclass/com/kms/katalon/core/keyword/builtin/DelayKeyword$_delay_closure1MetaClass done


Dynamic libraries:
0x00007ff62bc90000 - 0x00007ff62bcc7000 	C:\Katalon\Katalon_Studio_Windows_64-6.3.3\jre\bin\javaw.exe
0x00007ffa91f20000 - 0x00007ffa9210d000 	C:\windows\SYSTEM32\ntdll.dll
0x00007ffa91a90000 - 0x00007ffa91b43000 	C:\windows\System32\KERNEL32.DLL
0x00007ffa8eea0000 - 0x00007ffa8f133000 	C:\windows\System32\KERNELBASE.dll
0x00007ffa91810000 - 0x00007ffa918b3000 	C:\windows\System32\ADVAPI32.dll
0x00007ffa919f0000 - 0x00007ffa91a8e000 	C:\windows\System32\msvcrt.dll
0x00007ffa8f600000 - 0x00007ffa8f69e000 	C:\windows\System32\sechost.dll
0x00007ffa918c0000 - 0x00007ffa919e2000 	C:\windows\System32\RPCRT4.dll
0x00007ffa8f140000 - 0x00007ffa8f2d7000 	C:\windows\System32\USER32.dll
0x00007ffa8dfe0000 - 0x00007ffa8e000000 	C:\windows\System32\win32u.dll
0x00007ffa8f4e0000 - 0x00007ffa8f509000 	C:\windows\System32\GDI32.dll
0x00007ffa8eb00000 - 0x00007ffa8ec99000 	C:\windows\System32\gdi32full.dll
0x00007ffa8e000000 - 0x00007ffa8e0a0000 	C:\windows\System32\msvcp_win.dll
0x00007ffa8ed40000 - 0x00007ffa8ee3a000 	C:\windows\System32\ucrtbase.dll
0x00007ffa7a8b0000 - 0x00007ffa7ab29000 	C:\windows\WinSxS\amd64_microsoft.windows.common-controls_6595b64144ccf1df_6.0.17763.973_none_05b245900721eb81\COMCTL32.dll
0x00007ffa8fc80000 - 0x00007ffa8ffac000 	C:\windows\System32\combase.dll
0x00007ffa8e0a0000 - 0x00007ffa8e11e000 	C:\windows\System32\bcryptPrimitives.dll
0x00007ffa91b50000 - 0x00007ffa91b7e000 	C:\windows\System32\IMM32.DLL
0x0000000071b40000 - 0x0000000071c12000 	C:\Katalon\Katalon_Studio_Windows_64-6.3.3\jre\bin\msvcr100.dll
0x0000000071df0000 - 0x0000000072692000 	C:\Katalon\Katalon_Studio_Windows_64-6.3.3\jre\bin\server\jvm.dll
0x00007ffa8f390000 - 0x00007ffa8f398000 	C:\windows\System32\PSAPI.DLL
0x00007ffa8a5f0000 - 0x00007ffa8a5f9000 	C:\windows\SYSTEM32\WSOCK32.dll
0x00007ffa8c060000 - 0x00007ffa8c084000 	C:\windows\SYSTEM32\WINMM.dll
0x00007ffa8f590000 - 0x00007ffa8f5fd000 	C:\windows\System32\WS2_32.dll
0x00007ffa83270000 - 0x00007ffa8327a000 	C:\windows\SYSTEM32\VERSION.dll
0x00007ffa8c030000 - 0x00007ffa8c05d000 	C:\windows\SYSTEM32\WINMMBASE.dll
0x00007ffa8eca0000 - 0x00007ffa8ecea000 	C:\windows\System32\cfgmgr32.dll
0x0000000071d00000 - 0x0000000071d0f000 	C:\Katalon\Katalon_Studio_Windows_64-6.3.3\jre\bin\verify.dll
0x0000000071cd0000 - 0x0000000071cf9000 	C:\Katalon\Katalon_Studio_Windows_64-6.3.3\jre\bin\java.dll
0x0000000071cb0000 - 0x0000000071cc6000 	C:\Katalon\Katalon_Studio_Windows_64-6.3.3\jre\bin\zip.dll
0x00007ffa900e0000 - 0x00007ffa915d4000 	C:\windows\System32\SHELL32.dll
0x00007ffa8f2e0000 - 0x00007ffa8f388000 	C:\windows\System32\shcore.dll
0x00007ffa8e120000 - 0x00007ffa8e86d000 	C:\windows\System32\windows.storage.dll
0x00007ffa8dfb0000 - 0x00007ffa8dfd4000 	C:\windows\System32\profapi.dll
0x00007ffa8df30000 - 0x00007ffa8df8d000 	C:\windows\System32\powrprof.dll
0x00007ffa91e90000 - 0x00007ffa91ee2000 	C:\windows\System32\shlwapi.dll
0x00007ffa8df10000 - 0x00007ffa8df21000 	C:\windows\System32\kernel.appcore.dll
0x00007ffa8ed20000 - 0x00007ffa8ed37000 	C:\windows\System32\cryptsp.dll
0x0000000071c90000 - 0x0000000071caa000 	C:\Katalon\Katalon_Studio_Windows_64-6.3.3\jre\bin\net.dll
0x00007ffa8d720000 - 0x00007ffa8d787000 	C:\windows\system32\mswsock.dll
0x0000000071c70000 - 0x0000000071c81000 	C:\Katalon\Katalon_Studio_Windows_64-6.3.3\jre\bin\nio.dll
0x00007ffa8d480000 - 0x00007ffa8d546000 	C:\windows\SYSTEM32\DNSAPI.dll
0x00007ffa8f3a0000 - 0x00007ffa8f3a8000 	C:\windows\System32\NSI.dll
0x00007ffa8d440000 - 0x00007ffa8d47d000 	C:\windows\SYSTEM32\IPHLPAPI.DLL
0x00007ffa82350000 - 0x00007ffa8235a000 	C:\Windows\System32\rasadhlp.dll
0x00007ffa84a20000 - 0x00007ffa84a99000 	C:\windows\System32\fwpuclnt.dll
0x00007ffa8ecf0000 - 0x00007ffa8ed16000 	C:\windows\System32\bcrypt.dll
0x0000000071c40000 - 0x0000000071c64000 	C:\Katalon\Katalon_Studio_Windows_64-6.3.3\jre\bin\sunec.dll
0x0000000071c30000 - 0x0000000071c3b000 	C:\Katalon\Katalon_Studio_Windows_64-6.3.3\jre\bin\sunmscapi.dll
0x00007ffa8e920000 - 0x00007ffa8eafc000 	C:\windows\System32\CRYPT32.dll
0x00007ffa8df90000 - 0x00007ffa8dfa2000 	C:\windows\System32\MSASN1.dll
0x00007ffa84fd0000 - 0x00007ffa84fe6000 	C:\windows\SYSTEM32\dhcpcsvc6.DLL
0x00007ffa84dd0000 - 0x00007ffa84dec000 	C:\windows\SYSTEM32\dhcpcsvc.DLL
0x00007ffa8d2a0000 - 0x00007ffa8d2d3000 	C:\windows\system32\rsaenh.dll
0x00007ffa8de10000 - 0x00007ffa8de38000 	C:\windows\SYSTEM32\USERENV.dll
0x00007ffa8d8f0000 - 0x00007ffa8d8fc000 	C:\windows\SYSTEM32\CRYPTBASE.dll
0x00007ffa6eff0000 - 0x00007ffa6f006000 	C:\windows\system32\napinsp.dll
0x00007ffa6efd0000 - 0x00007ffa6efea000 	C:\windows\system32\pnrpnsp.dll
0x00007ffa6efc0000 - 0x00007ffa6efce000 	C:\windows\System32\winrnr.dll
0x00007ffa8a540000 - 0x00007ffa8a55b000 	C:\windows\system32\NLAapi.dll
0x00007ffa6efa0000 - 0x00007ffa6efb5000 	C:\windows\system32\wshbth.dll

VM Arguments:
jvm_args: -Dgroovy.home=/C:/Katalon/Katalon_Studio_Windows_64-6.3.3/plugins/org.codehaus.groovy_2.4.7.xx-201611170128-e46/ -Xmx1820m -Dfile.encoding=UTF-8 
java_command: org.codehaus.groovy.tools.GroovyStarter --classpath C:\Users\AutoTest_1\git\PINS_ODT_TEST\Include\scripts\groovy;C:\Users\AutoTest_1\git\PINS_ODT_TEST\Keywords;C:\Users\AutoTest_1\git\PINS_ODT_TEST\Libs;C:\Users\AutoTest_1\git\PINS_ODT_TEST\Test Listeners;C:\Katalon\Katalon_Studio_Windows_64-6.3.3\configuration\resources\lib\aspectjweaver-1.9.1.jar;C:\Katalon\Katalon_Studio_Windows_64-6.3.3\configuration\resources\lib\bcpkix-jdk15on-1.58.jar;C:\Katalon\Katalon_Studio_Windows_64-6.3.3\configuration\resources\lib\bcprov-jdk15on-1.58.jar;C:\Katalon\Katalon_Studio_Windows_64-6.3.3\configuration\resources\lib\browsermob-core-2.1.5.jar;C:\Katalon\Katalon_Studio_Windows_64-6.3.3\configuration\resources\lib\cglib-3.2.10.jar;C:\Katalon\Katalon_Studio_Windows_64-6.3.3\configuration\resources\lib\commons-validator-1.6.jar;C:\Katalon\Katalon_Studio_Windows_64-6.3.3\configuration\resources\lib\dnsjava-2.1.8.jar;C:\Katalon\Katalon_Studio_Windows_64-6.3.3\configuration\resources\lib\java-client-7.0.0.jar;C:\Katalon\Katalon_Studio_Windows_64-6.3.3\configuration\resources\lib\jna-4.1.0.jar;C:\Katalon\Katalon_Studio_Windows_64-6.3.3\configuration\resources\lib\jna-platform-4.1.0.jar;C:\Katalon\Katalon_Studio_Windows_64-6.3.3\configuration\resources\lib\jzlib-1.1.3.jar;C:\Katalon\Katalon_Studio_Windows_64-6.3.3\configuration\resources\lib\kat-server.jar;C:\Katalon\Katalon_Studio_Windows_64-6.3.3\configuration\resources\lib\littleproxy-1.1.0-beta-bmp-17.jar;C:\Katalon\Katalon_Studio_Windows_64-6.3.3\configuration\resources\lib\mitm-2.1.5.jar;C:\Katalon\Katalon_Studio_Windows_64-6.3.3\configuration\resources\lib\netty-all-4.0.51.Final.jar;C:\Katalon\Katalon_Studio_Windows_64-6.3.3\configuration\resources\lib\repackaged-sikuli-api-1.0.2-standalone.jar;C:\Katalon\Katalon_Studio_Windows_64-6.3.3\configuration\resources\lib\selenium-leg-rc-3.141.59.jar;C:\Katalon\Katalon_Studio_Windows_64-6.3.3\configuration\resources\lib\selenium-server-standalone-3.141.59.jar;C:\Katalon\Ka
java_class_path (initial): C:\Users\AutoTest_1\git\PINS_ODT_TEST\bin\keyword;C:\Users\AutoTest_1\git\PINS_ODT_TEST\bin\listener;C:\Users\AutoTest_1\git\PINS_ODT_TEST\bin\lib;C:\Users\AutoTest_1\git\PINS_ODT_TEST\bin\groovy;C:\Users\AutoTest_1\git\PINS_ODT_TEST\bin;C:\Katalon\Katalon_Studio_Windows_64-6.3.3\plugins\com.kms.katalon.core_1.0.0.201908270734.jar;C:\Katalon\Katalon_Studio_Windows_64-6.3.3\configuration\resources\lib\aspectjweaver-1.9.1.jar;C:\Katalon\Katalon_Studio_Windows_64-6.3.3\configuration\resources\lib\bcpkix-jdk15on-1.58.jar;C:\Katalon\Katalon_Studio_Windows_64-6.3.3\configuration\resources\lib\bcprov-jdk15on-1.58.jar;C:\Katalon\Katalon_Studio_Windows_64-6.3.3\configuration\resources\lib\browsermob-core-2.1.5.jar;C:\Katalon\Katalon_Studio_Windows_64-6.3.3\configuration\resources\lib\cglib-3.2.10.jar;C:\Katalon\Katalon_Studio_Windows_64-6.3.3\configuration\resources\lib\commons-validator-1.6.jar;C:\Katalon\Katalon_Studio_Windows_64-6.3.3\configuration\resources\lib\dnsjava-2.1.8.jar;C:\Katalon\Katalon_Studio_Windows_64-6.3.3\configuration\resources\lib\java-client-7.0.0.jar;C:\Katalon\Katalon_Studio_Windows_64-6.3.3\configuration\resources\lib\jna-4.1.0.jar;C:\Katalon\Katalon_Studio_Windows_64-6.3.3\configuration\resources\lib\jna-platform-4.1.0.jar;C:\Katalon\Katalon_Studio_Windows_64-6.3.3\configuration\resources\lib\jzlib-1.1.3.jar;C:\Katalon\Katalon_Studio_Windows_64-6.3.3\configuration\resources\lib\kat-server.jar;C:\Katalon\Katalon_Studio_Windows_64-6.3.3\configuration\resources\lib\littleproxy-1.1.0-beta-bmp-17.jar;C:\Katalon\Katalon_Studio_Windows_64-6.3.3\configuration\resources\lib\mitm-2.1.5.jar;C:\Katalon\Katalon_Studio_Windows_64-6.3.3\configuration\resources\lib\netty-all-4.0.51.Final.jar;C:\Katalon\Katalon_Studio_Windows_64-6.3.3\configuration\resources\lib\repackaged-sikuli-api-1.0.2-standalone.jar;C:\Katalon\Katalon_Studio_Windows_64-6.3.3\configuration\resources\lib\selenium-leg-rc-3.141.59.jar;C:\Katalon\Katalon_Studio_Windows_
Launcher Type: SUN_STANDARD

Environment Variables:
PATH=C:/Katalon/Katalon_Studio_Windows_64-6.3.3/jre/bin/server;C:/Katalon/Katalon_Studio_Windows_64-6.3.3/jre/bin;C:/Katalon/Katalon_Studio_Windows_64-6.3.3/jre/lib/amd64;C:\Program Files (x86)\Common Files\Oracle\Java\javapath;C:\windows\system32;C:\windows;C:\windows\System32\Wbem;C:\windows\System32\WindowsPowerShell\v1.0\;C:\windows\System32\OpenSSH\;C:\Users\AutoTest_1\AppData\Local\Microsoft\WindowsApps;C:\Users\AutoTest_1\AppData\Local\GitHubDesktop\bin;C:\Katalon\Katalon_Studio_Windows_64-6.3.3;
USERNAME=AutoTest_1
OS=Windows_NT
PROCESSOR_IDENTIFIER=Intel64 Family 6 Model 79 Stepping 1, GenuineIntel



---------------  S Y S T E M  ---------------

OS: Windows 10.0 , 64 bit Build 17763 (10.0.17763.475)

CPU:total 2 (initial active 2) (2 cores per cpu, 1 threads per core) family 6 model 79 stepping 1, cmov, cx8, fxsr, mmx, sse, sse2, sse3, ssse3, sse4.1, sse4.2, popcnt, avx, avx2, aes, clmul, erms, rtm, 3dnowpref, lzcnt, tsc, bmi1, bmi2, adx

Memory: 4k page, physical 8388148k(627300k free), swap 10485160k(5124k free)

vm_info: Java HotSpot(TM) 64-Bit Server VM (25.181-b13) for windows-amd64 JRE (1.8.0_181-b13), built on Jul  7 2018 04:01:33 by "java_re" with MS VC++ 10.0 (VS2010)

time: Thu Feb 13 18:15:53 2020
elapsed time: 20 seconds (0d 0h 0m 20s)

