#
# There is insufficient memory for the Java Runtime Environment to continue.
# Native memory allocation (malloc) failed to allocate 801936 bytes for Chunk::new
# Possible reasons:
#   The system is out of physical RAM or swap space
#   In 32 bit mode, the process size limit was hit
# Possible solutions:
#   Reduce memory load on the system
#   Increase physical memory or swap space
#   Check if swap backing store is full
#   Use 64 bit Java on a 64 bit OS
#   Decrease Java heap size (-Xmx/-Xms)
#   Decrease number of Java threads
#   Decrease Java thread stack sizes (-Xss)
#   Set larger code cache with -XX:ReservedCodeCacheSize=
# This output file may be truncated or incomplete.
#
#  Out of Memory Error (allocation.cpp:390), pid=16372, tid=0x0000000000003b8c
#
# JRE version: Java(TM) SE Runtime Environment (8.0_181-b13) (build 1.8.0_181-b13)
# Java VM: Java HotSpot(TM) 64-Bit Server VM (25.181-b13 mixed mode windows-amd64 compressed oops)
# Failed to write core dump. Minidumps are not enabled by default on client versions of Windows
#

---------------  T H R E A D  ---------------

Current thread (0x00000000171fb000):  JavaThread "C2 CompilerThread0" daemon [_thread_in_native, id=15244, stack(0x0000000018220000,0x0000000018320000)]

Stack: [0x0000000018220000,0x0000000018320000]
[error occurred during error reporting (printing stack bounds), id 0xc0000005]

Native frames: (J=compiled Java code, j=interpreted, Vv=VM code, C=native code)


Current CompileTask:
C2:   6671 3243       4       java.net.URLClassLoader$1::run (5 bytes)


---------------  P R O C E S S  ---------------

Java Threads: ( => current thread )
  0x0000000019f35000 JavaThread "Keep-Alive-Timer" daemon [_thread_blocked, id=15376, stack(0x000000001cf40000,0x000000001d040000)]
  0x0000000019f34800 JavaThread "Exec Stream Pumper" daemon [_thread_in_native, id=10396, stack(0x000000001ce40000,0x000000001cf40000)]
  0x000000001b617800 JavaThread "Exec Stream Pumper" daemon [_thread_in_native, id=9804, stack(0x000000001cd40000,0x000000001ce40000)]
  0x00000000187ce800 JavaThread "UrlChecker-2" daemon [_thread_blocked, id=11284, stack(0x000000001cb40000,0x000000001cc40000)]
  0x0000000018f8c800 JavaThread "Exec Default Executor" daemon [_thread_in_native, id=14816, stack(0x000000001c840000,0x000000001c940000)]
  0x0000000017254800 JavaThread "Service Thread" daemon [_thread_blocked, id=13200, stack(0x0000000018420000,0x0000000018520000)]
  0x000000001724e000 JavaThread "C1 CompilerThread1" daemon [_thread_blocked, id=6260, stack(0x0000000018320000,0x0000000018420000)]
=>0x00000000171fb000 JavaThread "C2 CompilerThread0" daemon [_thread_in_native, id=15244, stack(0x0000000018220000,0x0000000018320000)]
  0x00000000171f9800 JavaThread "Attach Listener" daemon [_thread_blocked, id=2256, stack(0x0000000018120000,0x0000000018220000)]
  0x00000000171f6000 JavaThread "Signal Dispatcher" daemon [_thread_blocked, id=15116, stack(0x0000000018020000,0x0000000018120000)]
  0x000000000306b000 JavaThread "Finalizer" daemon [_thread_blocked, id=428, stack(0x0000000017e20000,0x0000000017f20000)]
  0x0000000003067000 JavaThread "Reference Handler" daemon [_thread_blocked, id=15180, stack(0x0000000017d20000,0x0000000017e20000)]
  0x0000000002f79800 JavaThread "Forwarding newSession on session null to remote" [_thread_in_vm, id=15336, stack(0x0000000002d80000,0x0000000002e80000)]

Other Threads:
  0x00000000171b5000 VMThread [stack: 0x0000000017c20000,0x0000000017d20000] [id=6264]
  0x000000001728c000 WatcherThread [stack: 0x0000000018920000,0x0000000018a20000] [id=6552]

VM state:not at safepoint (normal execution)

VM Mutex/Monitor currently owned by a thread: None

Heap:
 PSYoungGen      total 143872K, used 77055K [0x00000000da180000, 0x00000000e9400000, 0x0000000100000000)
  eden space 133120K, 49% used [0x00000000da180000,0x00000000de243860,0x00000000e2380000)
  from space 10752K, 99% used [0x00000000e2380000,0x00000000e2dfc568,0x00000000e2e00000)
  to   space 15872K, 0% used [0x00000000e8480000,0x00000000e8480000,0x00000000e9400000)
 ParOldGen       total 61952K, used 18852K [0x000000008e400000, 0x0000000092080000, 0x00000000da180000)
  object space 61952K, 30% used [0x000000008e400000,0x000000008f669240,0x0000000092080000)
 Metaspace       used 30832K, capacity 31580K, committed 31744K, reserved 1077248K
  class space    used 3640K, capacity 3820K, committed 3840K, reserved 1048576K

Card table byte_map: [0x0000000012430000,0x00000000127c0000] byte_map_base: 0x0000000011fbe000

Marking Bits: (ParMarkBitMap*) 0x0000000072612d00
 Begin Bits: [0x0000000012c20000, 0x0000000014890000)
 End Bits:   [0x0000000014890000, 0x0000000016500000)

Polling page: 0x0000000000df0000

CodeCache: size=245760Kb used=14033Kb max_used=14033Kb free=231726Kb
 bounds [0x0000000003070000, 0x0000000003e30000, 0x0000000012070000]
 total_blobs=3988 nmethods=3314 adapters=586
 compilation: enabled

Compilation events (10 events):
Event: 6.665 Thread 0x000000001724e000 3322       3       com.google.common.collect.Hashing::smear (19 bytes)
Event: 6.665 Thread 0x000000001724e000 nmethod 3322 0x0000000003e27e90 code [0x0000000003e27fe0, 0x0000000003e281b0]
Event: 6.665 Thread 0x000000001724e000 3323       1       com.google.common.collect.ImmutableEntry::getKey (5 bytes)
Event: 6.665 Thread 0x000000001724e000 nmethod 3323 0x0000000003e28250 code [0x0000000003e283a0, 0x0000000003e284b0]
Event: 6.666 Thread 0x000000001724e000 3324       3       java.lang.invoke.LambdaForm::prepare (43 bytes)
Event: 6.666 Thread 0x000000001724e000 nmethod 3324 0x0000000003e28510 code [0x0000000003e286a0, 0x0000000003e289e8]
Event: 6.669 Thread 0x000000001724e000 3325       3       java.lang.invoke.InnerClassLambdaMetafactory::getLoadOpcode (25 bytes)
Event: 6.669 Thread 0x000000001724e000 nmethod 3325 0x0000000003e28b10 code [0x0000000003e28ca0, 0x0000000003e28f18]
Event: 6.670 Thread 0x000000001724e000 3326       3       java.lang.invoke.InnerClassLambdaMetafactory::getParameterSize (27 bytes)
Event: 6.670 Thread 0x000000001724e000 nmethod 3326 0x0000000003e29010 code [0x0000000003e29180, 0x0000000003e293b0]

GC Heap History (10 events):
Event: 2.260 GC heap before
{Heap before GC invocations=4 (full 0):
 PSYoungGen      total 38400K, used 38369K [0x00000000da180000, 0x00000000dec80000, 0x0000000100000000)
  eden space 33280K, 100% used [0x00000000da180000,0x00000000dc200000,0x00000000dc200000)
  from space 5120K, 99% used [0x00000000dc200000,0x00000000dc6f8478,0x00000000dc700000)
  to   space 5120K, 0% used [0x00000000de780000,0x00000000de780000,0x00000000dec80000)
 ParOldGen       total 87552K, used 292K [0x000000008e400000, 0x0000000093980000, 0x00000000da180000)
  object space 87552K, 0% used [0x000000008e400000,0x000000008e4493a8,0x0000000093980000)
 Metaspace       used 16993K, capacity 17168K, committed 17408K, reserved 1064960K
  class space    used 1866K, capacity 1933K, committed 2048K, reserved 1048576K
Event: 2.272 GC heap after
Heap after GC invocations=4 (full 0):
 PSYoungGen      total 71680K, used 5093K [0x00000000da180000, 0x00000000dec80000, 0x0000000100000000)
  eden space 66560K, 0% used [0x00000000da180000,0x00000000da180000,0x00000000de280000)
  from space 5120K, 99% used [0x00000000de780000,0x00000000dec79678,0x00000000dec80000)
  to   space 5120K, 0% used [0x00000000de280000,0x00000000de280000,0x00000000de780000)
 ParOldGen       total 87552K, used 3367K [0x000000008e400000, 0x0000000093980000, 0x00000000da180000)
  object space 87552K, 3% used [0x000000008e400000,0x000000008e749c28,0x0000000093980000)
 Metaspace       used 16993K, capacity 17168K, committed 17408K, reserved 1064960K
  class space    used 1866K, capacity 1933K, committed 2048K, reserved 1048576K
}
Event: 3.279 GC heap before
{Heap before GC invocations=5 (full 0):
 PSYoungGen      total 71680K, used 71653K [0x00000000da180000, 0x00000000dec80000, 0x0000000100000000)
  eden space 66560K, 100% used [0x00000000da180000,0x00000000de280000,0x00000000de280000)
  from space 5120K, 99% used [0x00000000de780000,0x00000000dec79678,0x00000000dec80000)
  to   space 5120K, 0% used [0x00000000de280000,0x00000000de280000,0x00000000de780000)
 ParOldGen       total 87552K, used 3367K [0x000000008e400000, 0x0000000093980000, 0x00000000da180000)
  object space 87552K, 3% used [0x000000008e400000,0x000000008e749c28,0x0000000093980000)
 Metaspace       used 20810K, capacity 21088K, committed 21296K, reserved 1069056K
  class space    used 2297K, capacity 2406K, committed 2432K, reserved 1048576K
Event: 3.304 GC heap after
Heap after GC invocations=5 (full 0):
 PSYoungGen      total 71680K, used 5106K [0x00000000da180000, 0x00000000e3980000, 0x0000000100000000)
  eden space 66560K, 0% used [0x00000000da180000,0x00000000da180000,0x00000000de280000)
  from space 5120K, 99% used [0x00000000de280000,0x00000000de77c9f0,0x00000000de780000)
  to   space 11264K, 0% used [0x00000000e2e80000,0x00000000e2e80000,0x00000000e3980000)
 ParOldGen       total 87552K, used 8713K [0x000000008e400000, 0x0000000093980000, 0x00000000da180000)
  object space 87552K, 9% used [0x000000008e400000,0x000000008ec82660,0x0000000093980000)
 Metaspace       used 20810K, capacity 21088K, committed 21296K, reserved 1069056K
  class space    used 2297K, capacity 2406K, committed 2432K, reserved 1048576K
}
Event: 3.439 GC heap before
{Heap before GC invocations=6 (full 0):
 PSYoungGen      total 71680K, used 26337K [0x00000000da180000, 0x00000000e3980000, 0x0000000100000000)
  eden space 66560K, 31% used [0x00000000da180000,0x00000000db63bd88,0x00000000de280000)
  from space 5120K, 99% used [0x00000000de280000,0x00000000de77c9f0,0x00000000de780000)
  to   space 11264K, 0% used [0x00000000e2e80000,0x00000000e2e80000,0x00000000e3980000)
 ParOldGen       total 87552K, used 8713K [0x000000008e400000, 0x0000000093980000, 0x00000000da180000)
  object space 87552K, 9% used [0x000000008e400000,0x000000008ec82660,0x0000000093980000)
 Metaspace       used 20911K, capacity 21152K, committed 21296K, reserved 1069056K
  class space    used 2300K, capacity 2406K, committed 2432K, reserved 1048576K
Event: 3.451 GC heap after
Heap after GC invocations=6 (full 0):
 PSYoungGen      total 143360K, used 5303K [0x00000000da180000, 0x00000000e3880000, 0x0000000100000000)
  eden space 133120K, 0% used [0x00000000da180000,0x00000000da180000,0x00000000e2380000)
  from space 10240K, 51% used [0x00000000e2e80000,0x00000000e33adfc8,0x00000000e3880000)
  to   space 10752K, 0% used [0x00000000e2380000,0x00000000e2380000,0x00000000e2e00000)
 ParOldGen       total 87552K, used 8713K [0x000000008e400000, 0x0000000093980000, 0x00000000da180000)
  object space 87552K, 9% used [0x000000008e400000,0x000000008ec82660,0x0000000093980000)
 Metaspace       used 20911K, capacity 21152K, committed 21296K, reserved 1069056K
  class space    used 2300K, capacity 2406K, committed 2432K, reserved 1048576K
}
Event: 3.451 GC heap before
{Heap before GC invocations=7 (full 1):
 PSYoungGen      total 143360K, used 5303K [0x00000000da180000, 0x00000000e3880000, 0x0000000100000000)
  eden space 133120K, 0% used [0x00000000da180000,0x00000000da180000,0x00000000e2380000)
  from space 10240K, 51% used [0x00000000e2e80000,0x00000000e33adfc8,0x00000000e3880000)
  to   space 10752K, 0% used [0x00000000e2380000,0x00000000e2380000,0x00000000e2e00000)
 ParOldGen       total 87552K, used 8713K [0x000000008e400000, 0x0000000093980000, 0x00000000da180000)
  object space 87552K, 9% used [0x000000008e400000,0x000000008ec82660,0x0000000093980000)
 Metaspace       used 20911K, capacity 21152K, committed 21296K, reserved 1069056K
  class space    used 2300K, capacity 2406K, committed 2432K, reserved 1048576K
Event: 3.529 GC heap after
Heap after GC invocations=7 (full 1):
 PSYoungGen      total 143360K, used 0K [0x00000000da180000, 0x00000000e3880000, 0x0000000100000000)
  eden space 133120K, 0% used [0x00000000da180000,0x00000000da180000,0x00000000e2380000)
  from space 10240K, 0% used [0x00000000e2e80000,0x00000000e2e80000,0x00000000e3880000)
  to   space 10752K, 0% used [0x00000000e2380000,0x00000000e2380000,0x00000000e2e00000)
 ParOldGen       total 61952K, used 11375K [0x000000008e400000, 0x0000000092080000, 0x00000000da180000)
  object space 61952K, 18% used [0x000000008e400000,0x000000008ef1bcf0,0x0000000092080000)
 Metaspace       used 20911K, capacity 21152K, committed 21296K, reserved 1069056K
  class space    used 2300K, capacity 2406K, committed 2432K, reserved 1048576K
}
Event: 5.054 GC heap before
{Heap before GC invocations=8 (full 1):
 PSYoungGen      total 143360K, used 133120K [0x00000000da180000, 0x00000000e3880000, 0x0000000100000000)
  eden space 133120K, 100% used [0x00000000da180000,0x00000000e2380000,0x00000000e2380000)
  from space 10240K, 0% used [0x00000000e2e80000,0x00000000e2e80000,0x00000000e3880000)
  to   space 10752K, 0% used [0x00000000e2380000,0x00000000e2380000,0x00000000e2e00000)
 ParOldGen       total 61952K, used 11375K [0x000000008e400000, 0x0000000092080000, 0x00000000da180000)
  object space 61952K, 18% used [0x000000008e400000,0x000000008ef1bcf0,0x0000000092080000)
 Metaspace       used 25819K, capacity 26196K, committed 26368K, reserved 1073152K
  class space    used 2905K, capacity 3034K, committed 3072K, reserved 1048576K
Event: 5.095 GC heap after
Heap after GC invocations=8 (full 1):
 PSYoungGen      total 143872K, used 10737K [0x00000000da180000, 0x00000000e9400000, 0x0000000100000000)
  eden space 133120K, 0% used [0x00000000da180000,0x00000000da180000,0x00000000e2380000)
  from space 10752K, 99% used [0x00000000e2380000,0x00000000e2dfc568,0x00000000e2e00000)
  to   space 15872K, 0% used [0x00000000e8480000,0x00000000e8480000,0x00000000e9400000)
 ParOldGen       total 61952K, used 18852K [0x000000008e400000, 0x0000000092080000, 0x00000000da180000)
  object space 61952K, 30% used [0x000000008e400000,0x000000008f669240,0x0000000092080000)
 Metaspace       used 25819K, capacity 26196K, committed 26368K, reserved 1073152K
  class space    used 2905K, capacity 3034K, committed 3072K, reserved 1048576K
}

Deoptimization events (10 events):
Event: 5.838 Thread 0x0000000002f79800 Uncommon trap: reason=class_check action=maybe_recompile pc=0x0000000003ce70c0 method=java.util.Properties$LineReader.readLine()I @ 410
Event: 5.845 Thread 0x0000000002f79800 Uncommon trap: reason=class_check action=maybe_recompile pc=0x0000000003d59198 method=sun.security.provider.DigestBase.engineUpdate([BII)V @ 128
Event: 5.845 Thread 0x0000000002f79800 Uncommon trap: reason=class_check action=maybe_recompile pc=0x0000000003d59198 method=sun.security.provider.DigestBase.engineUpdate([BII)V @ 128
Event: 5.845 Thread 0x0000000002f79800 Uncommon trap: reason=class_check action=maybe_recompile pc=0x0000000003d59198 method=sun.security.provider.DigestBase.engineUpdate([BII)V @ 128
Event: 5.845 Thread 0x0000000002f79800 Uncommon trap: reason=class_check action=maybe_recompile pc=0x0000000003d59198 method=sun.security.provider.DigestBase.engineUpdate([BII)V @ 128
Event: 5.969 Thread 0x0000000002f79800 Uncommon trap: reason=unstable_if action=reinterpret pc=0x0000000003d6c690 method=sun.security.provider.DigestBase.engineUpdate([BII)V @ 35
Event: 5.969 Thread 0x0000000002f79800 Uncommon trap: reason=unstable_if action=reinterpret pc=0x0000000003db30d0 method=sun.security.provider.DigestBase.engineUpdate([BII)V @ 35
Event: 5.976 Thread 0x0000000002f79800 Uncommon trap: reason=unstable_if action=reinterpret pc=0x0000000003bee1a4 method=java.util.ArrayList.indexOf(Ljava/lang/Object;)I @ 1
Event: 6.008 Thread 0x0000000002f79800 Uncommon trap: reason=unstable_if action=reinterpret pc=0x000000000322ce24 method=java.lang.String.replace(CC)Ljava/lang/String; @ 2
Event: 6.012 Thread 0x0000000002f79800 Uncommon trap: reason=bimorphic action=maybe_recompile pc=0x0000000003c78604 method=java.net.URL.<init>(Ljava/net/URL;Ljava/lang/String;Ljava/net/URLStreamHandler;)V @ 504

Classes redefined (0 events):
No events

Internal exceptions (10 events):
Event: 5.188 Thread 0x0000000002f79800 Exception <a 'java/lang/ClassNotFoundException': Script1576496071813Customizer> (0x00000000da9806e8) thrown at [C:\re\workspace\8-2-build-windows-amd64-cygwin\jdk8u181\11358\hotspot\src\share\vm\classfile\systemDictionary.cpp, line 210]
Event: 5.347 Thread 0x0000000002f79800 Exception <a 'java/lang/ClassNotFoundException': com/kms/katalon/core/webui/keyword/builtin/OpenBrowserKeywordBeanInfo> (0x00000000dbebbb70) thrown at [C:\re\workspace\8-2-build-windows-amd64-cygwin\jdk8u181\11358\hotspot\src\share\vm\classfile\systemDict
Event: 5.348 Thread 0x0000000002f79800 Exception <a 'java/lang/ClassNotFoundException': com/kms/katalon/core/webui/keyword/internal/WebUIAbstractKeywordBeanInfo> (0x00000000dbf01f48) thrown at [C:\re\workspace\8-2-build-windows-amd64-cygwin\jdk8u181\11358\hotspot\src\share\vm\classfile\systemD
Event: 5.349 Thread 0x0000000002f79800 Exception <a 'java/lang/ClassNotFoundException': com/kms/katalon/core/webui/keyword/internal/WebUIAbstractKeywordCustomizer> (0x00000000dbf49618) thrown at [C:\re\workspace\8-2-build-windows-amd64-cygwin\jdk8u181\11358\hotspot\src\share\vm\classfile\syste
Event: 5.350 Thread 0x0000000002f79800 Exception <a 'java/lang/ClassNotFoundException': com/kms/katalon/core/webui/keyword/builtin/OpenBrowserKeywordCustomizer> (0x00000000dbf95e08) thrown at [C:\re\workspace\8-2-build-windows-amd64-cygwin\jdk8u181\11358\hotspot\src\share\vm\classfile\systemDi
Event: 5.975 Thread 0x0000000002f79800 Implicit null exception at 0x0000000003bedf96 to 0x0000000003bee18e
Event: 6.536 Thread 0x00000000187ce800 Exception <a 'java/net/SocketTimeoutException': connect timed out> (0x00000000ddbd1f28) thrown at [C:\re\workspace\8-2-build-windows-amd64-cygwin\jdk8u181\11358\hotspot\src\share\vm\prims\jni.cpp, line 735]
Event: 6.571 Thread 0x0000000002f79800 Exception <a 'java/lang/IncompatibleClassChangeError': Found class java.lang.Object, but interface was expected> (0x00000000dd97a4e8) thrown at [C:\re\workspace\8-2-build-windows-amd64-cygwin\jdk8u181\11358\hotspot\src\share\vm\interpreter\linkResolver.cp
Event: 6.578 Thread 0x0000000002f79800 Exception <a 'java/lang/NoSuchMethodError': java.lang.Object.lambda$or$2(Ljava/util/function/Predicate;Ljava/lang/Object;)Z> (0x00000000dd988958) thrown at [C:\re\workspace\8-2-build-windows-amd64-cygwin\jdk8u181\11358\hotspot\src\share\vm\interpreter\lin
Event: 6.660 Thread 0x0000000002f79800 Exception <a 'java/lang/NoSuchMethodError': java.lang.Object.lambda$chars$0()Ljava/util/Spliterator$OfInt;> (0x00000000de1640d8) thrown at [C:\re\workspace\8-2-build-windows-amd64-cygwin\jdk8u181\11358\hotspot\src\share\vm\interpreter\linkResolver.cpp, li

Events (10 events):
Event: 6.668 loading class com/google/common/io/CharStreams$NullWriter
Event: 6.668 loading class com/google/common/io/CharStreams$NullWriter done
Event: 6.669 loading class org/openqa/selenium/remote/session/CapabilitiesFilter
Event: 6.669 loading class org/openqa/selenium/remote/session/CapabilitiesFilter done
Event: 6.669 loading class com/google/common/collect/ImmutableSet$Builder
Event: 6.669 loading class com/google/common/collect/ImmutableSet$Builder done
Event: 6.669 loading class org/openqa/selenium/remote/session/CapabilitiesFilter
Event: 6.669 loading class org/openqa/selenium/remote/session/CapabilitiesFilter done
Event: 6.669 loading class com/google/common/collect/ImmutableSet$Builder
Event: 6.669 loading class com/google/common/collect/ImmutableSet$Builder done


Dynamic libraries:
0x00007ff62bc90000 - 0x00007ff62bcc7000 	C:\Katalon\Katalon_Studio_Windows_64-6.3.3\jre\bin\javaw.exe
0x00007ffa91f20000 - 0x00007ffa9210d000 	C:\windows\SYSTEM32\ntdll.dll
0x00007ffa91a90000 - 0x00007ffa91b43000 	C:\windows\System32\KERNEL32.DLL
0x00007ffa8eea0000 - 0x00007ffa8f133000 	C:\windows\System32\KERNELBASE.dll
0x00007ffa91810000 - 0x00007ffa918b3000 	C:\windows\System32\ADVAPI32.dll
0x00007ffa919f0000 - 0x00007ffa91a8e000 	C:\windows\System32\msvcrt.dll
0x00007ffa8f600000 - 0x00007ffa8f69e000 	C:\windows\System32\sechost.dll
0x00007ffa918c0000 - 0x00007ffa919e2000 	C:\windows\System32\RPCRT4.dll
0x00007ffa8f140000 - 0x00007ffa8f2d7000 	C:\windows\System32\USER32.dll
0x00007ffa8dfe0000 - 0x00007ffa8e000000 	C:\windows\System32\win32u.dll
0x00007ffa8f4e0000 - 0x00007ffa8f509000 	C:\windows\System32\GDI32.dll
0x00007ffa8eb00000 - 0x00007ffa8ec99000 	C:\windows\System32\gdi32full.dll
0x00007ffa8e000000 - 0x00007ffa8e0a0000 	C:\windows\System32\msvcp_win.dll
0x00007ffa8ed40000 - 0x00007ffa8ee3a000 	C:\windows\System32\ucrtbase.dll
0x00007ffa7a8b0000 - 0x00007ffa7ab29000 	C:\windows\WinSxS\amd64_microsoft.windows.common-controls_6595b64144ccf1df_6.0.17763.973_none_05b245900721eb81\COMCTL32.dll
0x00007ffa8fc80000 - 0x00007ffa8ffac000 	C:\windows\System32\combase.dll
0x00007ffa8e0a0000 - 0x00007ffa8e11e000 	C:\windows\System32\bcryptPrimitives.dll
0x00007ffa91b50000 - 0x00007ffa91b7e000 	C:\windows\System32\IMM32.DLL
0x0000000071b40000 - 0x0000000071c12000 	C:\Katalon\Katalon_Studio_Windows_64-6.3.3\jre\bin\msvcr100.dll
0x0000000071df0000 - 0x0000000072692000 	C:\Katalon\Katalon_Studio_Windows_64-6.3.3\jre\bin\server\jvm.dll
0x00007ffa8f390000 - 0x00007ffa8f398000 	C:\windows\System32\PSAPI.DLL
0x00007ffa8a5f0000 - 0x00007ffa8a5f9000 	C:\windows\SYSTEM32\WSOCK32.dll
0x00007ffa8f590000 - 0x00007ffa8f5fd000 	C:\windows\System32\WS2_32.dll
0x00007ffa8c060000 - 0x00007ffa8c084000 	C:\windows\SYSTEM32\WINMM.dll
0x00007ffa83270000 - 0x00007ffa8327a000 	C:\windows\SYSTEM32\VERSION.dll
0x00007ffa8c030000 - 0x00007ffa8c05d000 	C:\windows\SYSTEM32\WINMMBASE.dll
0x00007ffa8eca0000 - 0x00007ffa8ecea000 	C:\windows\System32\cfgmgr32.dll
0x0000000071d00000 - 0x0000000071d0f000 	C:\Katalon\Katalon_Studio_Windows_64-6.3.3\jre\bin\verify.dll
0x0000000071cd0000 - 0x0000000071cf9000 	C:\Katalon\Katalon_Studio_Windows_64-6.3.3\jre\bin\java.dll
0x0000000071cb0000 - 0x0000000071cc6000 	C:\Katalon\Katalon_Studio_Windows_64-6.3.3\jre\bin\zip.dll
0x00007ffa900e0000 - 0x00007ffa915d4000 	C:\windows\System32\SHELL32.dll
0x00007ffa8f2e0000 - 0x00007ffa8f388000 	C:\windows\System32\shcore.dll
0x00007ffa8e120000 - 0x00007ffa8e86d000 	C:\windows\System32\windows.storage.dll
0x00007ffa8dfb0000 - 0x00007ffa8dfd4000 	C:\windows\System32\profapi.dll
0x00007ffa8df30000 - 0x00007ffa8df8d000 	C:\windows\System32\powrprof.dll
0x00007ffa91e90000 - 0x00007ffa91ee2000 	C:\windows\System32\shlwapi.dll
0x00007ffa8df10000 - 0x00007ffa8df21000 	C:\windows\System32\kernel.appcore.dll
0x00007ffa8ed20000 - 0x00007ffa8ed37000 	C:\windows\System32\cryptsp.dll
0x0000000071c90000 - 0x0000000071caa000 	C:\Katalon\Katalon_Studio_Windows_64-6.3.3\jre\bin\net.dll
0x00007ffa8d720000 - 0x00007ffa8d787000 	C:\windows\system32\mswsock.dll
0x0000000071c70000 - 0x0000000071c81000 	C:\Katalon\Katalon_Studio_Windows_64-6.3.3\jre\bin\nio.dll
0x00007ffa8d480000 - 0x00007ffa8d546000 	C:\windows\SYSTEM32\DNSAPI.dll
0x00007ffa8f3a0000 - 0x00007ffa8f3a8000 	C:\windows\System32\NSI.dll
0x00007ffa8d440000 - 0x00007ffa8d47d000 	C:\windows\SYSTEM32\IPHLPAPI.DLL
0x00007ffa82350000 - 0x00007ffa8235a000 	C:\Windows\System32\rasadhlp.dll
0x00007ffa84a20000 - 0x00007ffa84a99000 	C:\windows\System32\fwpuclnt.dll
0x00007ffa8ecf0000 - 0x00007ffa8ed16000 	C:\windows\System32\bcrypt.dll
0x0000000071c40000 - 0x0000000071c64000 	C:\Katalon\Katalon_Studio_Windows_64-6.3.3\jre\bin\sunec.dll
0x0000000071c30000 - 0x0000000071c3b000 	C:\Katalon\Katalon_Studio_Windows_64-6.3.3\jre\bin\sunmscapi.dll
0x00007ffa8e920000 - 0x00007ffa8eafc000 	C:\windows\System32\CRYPT32.dll
0x00007ffa8df90000 - 0x00007ffa8dfa2000 	C:\windows\System32\MSASN1.dll
0x00007ffa84fd0000 - 0x00007ffa84fe6000 	C:\windows\SYSTEM32\dhcpcsvc6.DLL
0x00007ffa84dd0000 - 0x00007ffa84dec000 	C:\windows\SYSTEM32\dhcpcsvc.DLL
0x00007ffa8d2a0000 - 0x00007ffa8d2d3000 	C:\windows\system32\rsaenh.dll
0x00007ffa8de10000 - 0x00007ffa8de38000 	C:\windows\SYSTEM32\USERENV.dll
0x00007ffa8d8f0000 - 0x00007ffa8d8fc000 	C:\windows\SYSTEM32\CRYPTBASE.dll

VM Arguments:
jvm_args: -Dgroovy.home=/C:/Katalon/Katalon_Studio_Windows_64-6.3.3/plugins/org.codehaus.groovy_2.4.7.xx-201611170128-e46/ -Xmx1820m -Dfile.encoding=UTF-8 
java_command: org.codehaus.groovy.tools.GroovyStarter --classpath C:\Users\AutoTest_1\git\PINS_ODT_TEST\Include\scripts\groovy;C:\Users\AutoTest_1\git\PINS_ODT_TEST\Keywords;C:\Users\AutoTest_1\git\PINS_ODT_TEST\Libs;C:\Users\AutoTest_1\git\PINS_ODT_TEST\Test Listeners;C:\Katalon\Katalon_Studio_Windows_64-6.3.3\configuration\resources\lib\aspectjweaver-1.9.1.jar;C:\Katalon\Katalon_Studio_Windows_64-6.3.3\configuration\resources\lib\bcpkix-jdk15on-1.58.jar;C:\Katalon\Katalon_Studio_Windows_64-6.3.3\configuration\resources\lib\bcprov-jdk15on-1.58.jar;C:\Katalon\Katalon_Studio_Windows_64-6.3.3\configuration\resources\lib\browsermob-core-2.1.5.jar;C:\Katalon\Katalon_Studio_Windows_64-6.3.3\configuration\resources\lib\cglib-3.2.10.jar;C:\Katalon\Katalon_Studio_Windows_64-6.3.3\configuration\resources\lib\commons-validator-1.6.jar;C:\Katalon\Katalon_Studio_Windows_64-6.3.3\configuration\resources\lib\dnsjava-2.1.8.jar;C:\Katalon\Katalon_Studio_Windows_64-6.3.3\configuration\resources\lib\java-client-7.0.0.jar;C:\Katalon\Katalon_Studio_Windows_64-6.3.3\configuration\resources\lib\jna-4.1.0.jar;C:\Katalon\Katalon_Studio_Windows_64-6.3.3\configuration\resources\lib\jna-platform-4.1.0.jar;C:\Katalon\Katalon_Studio_Windows_64-6.3.3\configuration\resources\lib\jzlib-1.1.3.jar;C:\Katalon\Katalon_Studio_Windows_64-6.3.3\configuration\resources\lib\kat-server.jar;C:\Katalon\Katalon_Studio_Windows_64-6.3.3\configuration\resources\lib\littleproxy-1.1.0-beta-bmp-17.jar;C:\Katalon\Katalon_Studio_Windows_64-6.3.3\configuration\resources\lib\mitm-2.1.5.jar;C:\Katalon\Katalon_Studio_Windows_64-6.3.3\configuration\resources\lib\netty-all-4.0.51.Final.jar;C:\Katalon\Katalon_Studio_Windows_64-6.3.3\configuration\resources\lib\repackaged-sikuli-api-1.0.2-standalone.jar;C:\Katalon\Katalon_Studio_Windows_64-6.3.3\configuration\resources\lib\selenium-leg-rc-3.141.59.jar;C:\Katalon\Katalon_Studio_Windows_64-6.3.3\configuration\resources\lib\selenium-server-standalone-3.141.59.jar;C:\Katalon\Ka
java_class_path (initial): C:\Users\AutoTest_1\git\PINS_ODT_TEST\bin\keyword;C:\Users\AutoTest_1\git\PINS_ODT_TEST\bin\listener;C:\Users\AutoTest_1\git\PINS_ODT_TEST\bin\lib;C:\Users\AutoTest_1\git\PINS_ODT_TEST\bin\groovy;C:\Users\AutoTest_1\git\PINS_ODT_TEST\bin;C:\Katalon\Katalon_Studio_Windows_64-6.3.3\plugins\com.kms.katalon.core_1.0.0.201908270734.jar;C:\Katalon\Katalon_Studio_Windows_64-6.3.3\configuration\resources\lib\aspectjweaver-1.9.1.jar;C:\Katalon\Katalon_Studio_Windows_64-6.3.3\configuration\resources\lib\bcpkix-jdk15on-1.58.jar;C:\Katalon\Katalon_Studio_Windows_64-6.3.3\configuration\resources\lib\bcprov-jdk15on-1.58.jar;C:\Katalon\Katalon_Studio_Windows_64-6.3.3\configuration\resources\lib\browsermob-core-2.1.5.jar;C:\Katalon\Katalon_Studio_Windows_64-6.3.3\configuration\resources\lib\cglib-3.2.10.jar;C:\Katalon\Katalon_Studio_Windows_64-6.3.3\configuration\resources\lib\commons-validator-1.6.jar;C:\Katalon\Katalon_Studio_Windows_64-6.3.3\configuration\resources\lib\dnsjava-2.1.8.jar;C:\Katalon\Katalon_Studio_Windows_64-6.3.3\configuration\resources\lib\java-client-7.0.0.jar;C:\Katalon\Katalon_Studio_Windows_64-6.3.3\configuration\resources\lib\jna-4.1.0.jar;C:\Katalon\Katalon_Studio_Windows_64-6.3.3\configuration\resources\lib\jna-platform-4.1.0.jar;C:\Katalon\Katalon_Studio_Windows_64-6.3.3\configuration\resources\lib\jzlib-1.1.3.jar;C:\Katalon\Katalon_Studio_Windows_64-6.3.3\configuration\resources\lib\kat-server.jar;C:\Katalon\Katalon_Studio_Windows_64-6.3.3\configuration\resources\lib\littleproxy-1.1.0-beta-bmp-17.jar;C:\Katalon\Katalon_Studio_Windows_64-6.3.3\configuration\resources\lib\mitm-2.1.5.jar;C:\Katalon\Katalon_Studio_Windows_64-6.3.3\configuration\resources\lib\netty-all-4.0.51.Final.jar;C:\Katalon\Katalon_Studio_Windows_64-6.3.3\configuration\resources\lib\repackaged-sikuli-api-1.0.2-standalone.jar;C:\Katalon\Katalon_Studio_Windows_64-6.3.3\configuration\resources\lib\selenium-leg-rc-3.141.59.jar;C:\Katalon\Katalon_Studio_Windows_
Launcher Type: SUN_STANDARD

Environment Variables:
PATH=C:/Katalon/Katalon_Studio_Windows_64-6.3.3/jre/bin/server;C:/Katalon/Katalon_Studio_Windows_64-6.3.3/jre/bin;C:/Katalon/Katalon_Studio_Windows_64-6.3.3/jre/lib/amd64;C:\Program Files (x86)\Common Files\Oracle\Java\javapath;C:\windows\system32;C:\windows;C:\windows\System32\Wbem;C:\windows\System32\WindowsPowerShell\v1.0\;C:\windows\System32\OpenSSH\;C:\Users\AutoTest_1\AppData\Local\Microsoft\WindowsApps;C:\Users\AutoTest_1\AppData\Local\GitHubDesktop\bin;C:\Katalon\Katalon_Studio_Windows_64-6.3.3;
USERNAME=AutoTest_1
OS=Windows_NT
PROCESSOR_IDENTIFIER=Intel64 Family 6 Model 79 Stepping 1, GenuineIntel



---------------  S Y S T E M  ---------------

OS: Windows 10.0 , 64 bit Build 17763 (10.0.17763.475)

CPU:total 2 (initial active 2) (2 cores per cpu, 1 threads per core) family 6 model 79 stepping 1, cmov, cx8, fxsr, mmx, sse, sse2, sse3, ssse3, sse4.1, sse4.2, popcnt, avx, avx2, aes, clmul, erms, rtm, 3dnowpref, lzcnt, tsc, bmi1, bmi2, adx

Memory: 4k page, physical 8388148k(631156k free), swap 10485160k(5224k free)

vm_info: Java HotSpot(TM) 64-Bit Server VM (25.181-b13) for windows-amd64 JRE (1.8.0_181-b13), built on Jul  7 2018 04:01:33 by "java_re" with MS VC++ 10.0 (VS2010)

time: Thu Feb 13 18:16:29 2020
elapsed time: 6 seconds (0d 0h 0m 6s)

