#
# There is insufficient memory for the Java Runtime Environment to continue.
# Native memory allocation (malloc) failed to allocate 2212176 bytes for Chunk::new
# Possible reasons:
#   The system is out of physical RAM or swap space
#   In 32 bit mode, the process size limit was hit
# Possible solutions:
#   Reduce memory load on the system
#   Increase physical memory or swap space
#   Check if swap backing store is full
#   Use 64 bit Java on a 64 bit OS
#   Decrease Java heap size (-Xmx/-Xms)
#   Decrease number of Java threads
#   Decrease Java thread stack sizes (-Xss)
#   Set larger code cache with -XX:ReservedCodeCacheSize=
# This output file may be truncated or incomplete.
#
#  Out of Memory Error (allocation.cpp:390), pid=15756, tid=0x0000000000003dcc
#
# JRE version: Java(TM) SE Runtime Environment (8.0_181-b13) (build 1.8.0_181-b13)
# Java VM: Java HotSpot(TM) 64-Bit Server VM (25.181-b13 mixed mode windows-amd64 compressed oops)
# Failed to write core dump. Minidumps are not enabled by default on client versions of Windows
#

---------------  T H R E A D  ---------------

Current thread (0x00000000165b2000):  JavaThread "C2 CompilerThread0" daemon [_thread_in_native, id=15820, stack(0x0000000017610000,0x0000000017710000)]

Stack: [0x0000000017610000,0x0000000017710000]
[error occurred during error reporting (printing stack bounds), id 0xc0000005]

Native frames: (J=compiled Java code, j=interpreted, Vv=VM code, C=native code)


Current CompileTask:
C2:   8533 3607       4       java.net.URLClassLoader$1::run (5 bytes)


---------------  P R O C E S S  ---------------

Java Threads: ( => current thread )
  0x0000000018882800 JavaThread "Okio Watchdog" daemon [_thread_blocked, id=16116, stack(0x000000001c830000,0x000000001c930000)]
  0x0000000018885000 JavaThread "OkHttp ConnectionPool" daemon [_thread_blocked, id=16108, stack(0x000000001c730000,0x000000001c830000)]
  0x0000000018ba5000 JavaThread "ForkJoinPool.commonPool-worker-1" daemon [_thread_blocked, id=16104, stack(0x000000001c430000,0x000000001c530000)]
  0x000000001a62e000 JavaThread "Keep-Alive-Timer" daemon [_thread_blocked, id=16100, stack(0x000000001c330000,0x000000001c430000)]
  0x000000001ae65800 JavaThread "Exec Stream Pumper" daemon [_thread_in_native, id=15984, stack(0x000000001c230000,0x000000001c330000)]
  0x000000001889c800 JavaThread "Exec Stream Pumper" daemon [_thread_in_native, id=15980, stack(0x000000001c130000,0x000000001c230000)]
  0x000000001889c000 JavaThread "UrlChecker-2" daemon [_thread_blocked, id=15956, stack(0x000000001bf30000,0x000000001c030000)]
  0x000000001a62f000 JavaThread "Exec Default Executor" daemon [_thread_in_native, id=15952, stack(0x000000001be30000,0x000000001bf30000)]
  0x0000000016614800 JavaThread "Service Thread" daemon [_thread_blocked, id=15828, stack(0x0000000017810000,0x0000000017910000)]
  0x000000001660e000 JavaThread "C1 CompilerThread1" daemon [_thread_blocked, id=15824, stack(0x0000000017710000,0x0000000017810000)]
=>0x00000000165b2000 JavaThread "C2 CompilerThread0" daemon [_thread_in_native, id=15820, stack(0x0000000017610000,0x0000000017710000)]
  0x00000000165b0800 JavaThread "Attach Listener" daemon [_thread_blocked, id=15816, stack(0x0000000017510000,0x0000000017610000)]
  0x00000000165ad000 JavaThread "Signal Dispatcher" daemon [_thread_blocked, id=15812, stack(0x0000000017410000,0x0000000017510000)]
  0x000000000242b000 JavaThread "Finalizer" daemon [_thread_blocked, id=15808, stack(0x0000000017200000,0x0000000017300000)]
  0x0000000002427000 JavaThread "Reference Handler" daemon [_thread_blocked, id=15804, stack(0x0000000017100000,0x0000000017200000)]
  0x0000000002339800 JavaThread "main" [_thread_blocked, id=15788, stack(0x0000000002230000,0x0000000002330000)]

Other Threads:
  0x0000000016575800 VMThread [stack: 0x0000000017000000,0x0000000017100000] [id=15800]
  0x0000000016634800 WatcherThread [stack: 0x0000000017910000,0x0000000017a10000] [id=15832]

VM state:not at safepoint (normal execution)

VM Mutex/Monitor currently owned by a thread: None

Heap:
 PSYoungGen      total 203776K, used 44240K [0x00000000da180000, 0x00000000e7f00000, 0x0000000100000000)
  eden space 188928K, 15% used [0x00000000da180000,0x00000000dbe37fc8,0x00000000e5a00000)
  from space 14848K, 99% used [0x00000000e6d80000,0x00000000e7bfc1b8,0x00000000e7c00000)
  to   space 18944K, 0% used [0x00000000e5a00000,0x00000000e5a00000,0x00000000e6c80000)
 ParOldGen       total 69120K, used 22257K [0x000000008e400000, 0x0000000092780000, 0x00000000da180000)
  object space 69120K, 32% used [0x000000008e400000,0x000000008f9bc4d0,0x0000000092780000)
 Metaspace       used 33353K, capacity 34288K, committed 34432K, reserved 1079296K
  class space    used 3967K, capacity 4194K, committed 4224K, reserved 1048576K

Card table byte_map: [0x00000000117f0000,0x0000000011b80000] byte_map_base: 0x000000001137e000

Marking Bits: (ParMarkBitMap*) 0x0000000072612d00
 Begin Bits: [0x0000000011fe0000, 0x0000000013c50000)
 End Bits:   [0x0000000013c50000, 0x00000000158c0000)

Polling page: 0x0000000000610000

CodeCache: size=245760Kb used=15686Kb max_used=15686Kb free=230073Kb
 bounds [0x0000000002430000, 0x0000000003390000, 0x0000000011430000]
 total_blobs=4374 nmethods=3685 adapters=601
 compilation: enabled

Compilation events (10 events):
Event: 8.487 Thread 0x000000001660e000 3755       3       java.lang.AbstractStringBuilder::append (50 bytes)
Event: 8.487 Thread 0x000000001660e000 nmethod 3755 0x0000000003382a10 code [0x0000000003382be0, 0x0000000003383308]
Event: 8.489 Thread 0x000000001660e000 3757       1       org.codehaus.groovy.runtime.metaclass.NewStaticMetaMethod::isStatic (2 bytes)
Event: 8.489 Thread 0x000000001660e000 nmethod 3757 0x00000000033835d0 code [0x0000000003383720, 0x0000000003383830]
Event: 8.489 Thread 0x000000001660e000 3758       1       org.codehaus.groovy.runtime.metaclass.NewStaticMetaMethod::getModifiers (3 bytes)
Event: 8.489 Thread 0x000000001660e000 nmethod 3758 0x0000000003383890 code [0x00000000033839e0, 0x0000000003383af0]
Event: 8.492 Thread 0x000000001660e000 3759       3       sun.reflect.generics.reflectiveObjects.WildcardTypeImpl::toString (155 bytes)
Event: 8.493 Thread 0x000000001660e000 nmethod 3759 0x0000000003383b50 code [0x0000000003383da0, 0x0000000003384b88]
Event: 8.493 Thread 0x000000001660e000 3760       3       groovy.lang.MetaClassImpl::applyStrayPropertyMethods (293 bytes)
Event: 8.495 Thread 0x000000001660e000 nmethod 3760 0x0000000003385250 code [0x00000000033856e0, 0x0000000003388a38]

GC Heap History (10 events):
Event: 3.120 GC heap before
{Heap before GC invocations=5 (full 0):
 PSYoungGen      total 71680K, used 71669K [0x00000000da180000, 0x00000000dec80000, 0x0000000100000000)
  eden space 66560K, 100% used [0x00000000da180000,0x00000000de280000,0x00000000de280000)
  from space 5120K, 99% used [0x00000000de780000,0x00000000dec7d440,0x00000000dec80000)
  to   space 5120K, 0% used [0x00000000de280000,0x00000000de280000,0x00000000de780000)
 ParOldGen       total 87552K, used 3351K [0x000000008e400000, 0x0000000093980000, 0x00000000da180000)
  object space 87552K, 3% used [0x000000008e400000,0x000000008e745d80,0x0000000093980000)
 Metaspace       used 19974K, capacity 20242K, committed 20608K, reserved 1067008K
  class space    used 2229K, capacity 2341K, committed 2432K, reserved 1048576K
Event: 3.150 GC heap after
Heap after GC invocations=5 (full 0):
 PSYoungGen      total 71680K, used 5088K [0x00000000da180000, 0x00000000e3780000, 0x0000000100000000)
  eden space 66560K, 0% used [0x00000000da180000,0x00000000da180000,0x00000000de280000)
  from space 5120K, 99% used [0x00000000de280000,0x00000000de778380,0x00000000de780000)
  to   space 10240K, 0% used [0x00000000e2d80000,0x00000000e2d80000,0x00000000e3780000)
 ParOldGen       total 87552K, used 7716K [0x000000008e400000, 0x0000000093980000, 0x00000000da180000)
  object space 87552K, 8% used [0x000000008e400000,0x000000008eb89270,0x0000000093980000)
 Metaspace       used 19974K, capacity 20242K, committed 20608K, reserved 1067008K
  class space    used 2229K, capacity 2341K, committed 2432K, reserved 1048576K
}
Event: 3.521 GC heap before
{Heap before GC invocations=6 (full 0):
 PSYoungGen      total 71680K, used 40846K [0x00000000da180000, 0x00000000e3780000, 0x0000000100000000)
  eden space 66560K, 53% used [0x00000000da180000,0x00000000dc46b830,0x00000000de280000)
  from space 5120K, 99% used [0x00000000de280000,0x00000000de778380,0x00000000de780000)
  to   space 10240K, 0% used [0x00000000e2d80000,0x00000000e2d80000,0x00000000e3780000)
 ParOldGen       total 87552K, used 7716K [0x000000008e400000, 0x0000000093980000, 0x00000000da180000)
  object space 87552K, 8% used [0x000000008e400000,0x000000008eb89270,0x0000000093980000)
 Metaspace       used 20892K, capacity 21176K, committed 21296K, reserved 1069056K
  class space    used 2310K, capacity 2413K, committed 2432K, reserved 1048576K
Event: 3.539 GC heap after
Heap after GC invocations=6 (full 0):
 PSYoungGen      total 142336K, used 8760K [0x00000000da180000, 0x00000000e3980000, 0x0000000100000000)
  eden space 132096K, 0% used [0x00000000da180000,0x00000000da180000,0x00000000e2280000)
  from space 10240K, 85% used [0x00000000e2d80000,0x00000000e360e008,0x00000000e3780000)
  to   space 11264K, 0% used [0x00000000e2280000,0x00000000e2280000,0x00000000e2d80000)
 ParOldGen       total 87552K, used 7716K [0x000000008e400000, 0x0000000093980000, 0x00000000da180000)
  object space 87552K, 8% used [0x000000008e400000,0x000000008eb89270,0x0000000093980000)
 Metaspace       used 20892K, capacity 21176K, committed 21296K, reserved 1069056K
  class space    used 2310K, capacity 2413K, committed 2432K, reserved 1048576K
}
Event: 3.539 GC heap before
{Heap before GC invocations=7 (full 1):
 PSYoungGen      total 142336K, used 8760K [0x00000000da180000, 0x00000000e3980000, 0x0000000100000000)
  eden space 132096K, 0% used [0x00000000da180000,0x00000000da180000,0x00000000e2280000)
  from space 10240K, 85% used [0x00000000e2d80000,0x00000000e360e008,0x00000000e3780000)
  to   space 11264K, 0% used [0x00000000e2280000,0x00000000e2280000,0x00000000e2d80000)
 ParOldGen       total 87552K, used 7716K [0x000000008e400000, 0x0000000093980000, 0x00000000da180000)
  object space 87552K, 8% used [0x000000008e400000,0x000000008eb89270,0x0000000093980000)
 Metaspace       used 20892K, capacity 21176K, committed 21296K, reserved 1069056K
  class space    used 2310K, capacity 2413K, committed 2432K, reserved 1048576K
Event: 3.643 GC heap after
Heap after GC invocations=7 (full 1):
 PSYoungGen      total 142336K, used 0K [0x00000000da180000, 0x00000000e3980000, 0x0000000100000000)
  eden space 132096K, 0% used [0x00000000da180000,0x00000000da180000,0x00000000e2280000)
  from space 10240K, 0% used [0x00000000e2d80000,0x00000000e2d80000,0x00000000e3780000)
  to   space 11264K, 0% used [0x00000000e2280000,0x00000000e2280000,0x00000000e2d80000)
 ParOldGen       total 69120K, used 13818K [0x000000008e400000, 0x0000000092780000, 0x00000000da180000)
  object space 69120K, 19% used [0x000000008e400000,0x000000008f17e9e0,0x0000000092780000)
 Metaspace       used 20892K, capacity 21176K, committed 21296K, reserved 1069056K
  class space    used 2310K, capacity 2413K, committed 2432K, reserved 1048576K
}
Event: 5.190 GC heap before
{Heap before GC invocations=8 (full 1):
 PSYoungGen      total 142336K, used 132096K [0x00000000da180000, 0x00000000e3980000, 0x0000000100000000)
  eden space 132096K, 100% used [0x00000000da180000,0x00000000e2280000,0x00000000e2280000)
  from space 10240K, 0% used [0x00000000e2d80000,0x00000000e2d80000,0x00000000e3780000)
  to   space 11264K, 0% used [0x00000000e2280000,0x00000000e2280000,0x00000000e2d80000)
 ParOldGen       total 69120K, used 13818K [0x000000008e400000, 0x0000000092780000, 0x00000000da180000)
  object space 69120K, 19% used [0x000000008e400000,0x000000008f17e9e0,0x0000000092780000)
 Metaspace       used 25866K, capacity 26284K, committed 26624K, reserved 1073152K
  class space    used 2908K, capacity 3041K, committed 3072K, reserved 1048576K
Event: 5.221 GC heap after
Heap after GC invocations=8 (full 1):
 PSYoungGen      total 143360K, used 11243K [0x00000000da180000, 0x00000000e7c00000, 0x0000000100000000)
  eden space 132096K, 0% used [0x00000000da180000,0x00000000da180000,0x00000000e2280000)
  from space 11264K, 99% used [0x00000000e2280000,0x00000000e2d7afe8,0x00000000e2d80000)
  to   space 14848K, 0% used [0x00000000e6d80000,0x00000000e6d80000,0x00000000e7c00000)
 ParOldGen       total 69120K, used 18274K [0x000000008e400000, 0x0000000092780000, 0x00000000da180000)
  object space 69120K, 26% used [0x000000008e400000,0x000000008f5d88c0,0x0000000092780000)
 Metaspace       used 25866K, capacity 26284K, committed 26624K, reserved 1073152K
  class space    used 2908K, capacity 3041K, committed 3072K, reserved 1048576K
}
Event: 8.224 GC heap before
{Heap before GC invocations=9 (full 1):
 PSYoungGen      total 143360K, used 143339K [0x00000000da180000, 0x00000000e7c00000, 0x0000000100000000)
  eden space 132096K, 100% used [0x00000000da180000,0x00000000e2280000,0x00000000e2280000)
  from space 11264K, 99% used [0x00000000e2280000,0x00000000e2d7afe8,0x00000000e2d80000)
  to   space 14848K, 0% used [0x00000000e6d80000,0x00000000e6d80000,0x00000000e7c00000)
 ParOldGen       total 69120K, used 18274K [0x000000008e400000, 0x0000000092780000, 0x00000000da180000)
  object space 69120K, 26% used [0x000000008e400000,0x000000008f5d88c0,0x0000000092780000)
 Metaspace       used 33224K, capacity 34208K, committed 34432K, reserved 1079296K
  class space    used 3965K, capacity 4191K, committed 4224K, reserved 1048576K
Event: 8.255 GC heap after
Heap after GC invocations=9 (full 1):
 PSYoungGen      total 203776K, used 14832K [0x00000000da180000, 0x00000000e7f00000, 0x0000000100000000)
  eden space 188928K, 0% used [0x00000000da180000,0x00000000da180000,0x00000000e5a00000)
  from space 14848K, 99% used [0x00000000e6d80000,0x00000000e7bfc1b8,0x00000000e7c00000)
  to   space 18944K, 0% used [0x00000000e5a00000,0x00000000e5a00000,0x00000000e6c80000)
 ParOldGen       total 69120K, used 22257K [0x000000008e400000, 0x0000000092780000, 0x00000000da180000)
  object space 69120K, 32% used [0x000000008e400000,0x000000008f9bc4d0,0x0000000092780000)
 Metaspace       used 33224K, capacity 34208K, committed 34432K, reserved 1079296K
  class space    used 3965K, capacity 4191K, committed 4224K, reserved 1048576K
}

Deoptimization events (10 events):
Event: 7.032 Thread 0x0000000002339800 Uncommon trap: reason=bimorphic action=maybe_recompile pc=0x0000000003107e0c method=java.util.regex.Matcher.search(I)Z @ 86
Event: 7.122 Thread 0x0000000002339800 Uncommon trap: reason=unstable_if action=reinterpret pc=0x000000000310a8a8 method=java.util.regex.Pattern$BmpCharProperty.match(Ljava/util/regex/Matcher;ILjava/lang/CharSequence;)Z @ 34
Event: 7.163 Thread 0x0000000002339800 Uncommon trap: reason=class_check action=maybe_recompile pc=0x00000000030f9978 method=java.util.HashSet.contains(Ljava/lang/Object;)Z @ 5
Event: 7.163 Thread 0x0000000002339800 Uncommon trap: reason=class_check action=maybe_recompile pc=0x00000000030f9978 method=java.util.HashSet.contains(Ljava/lang/Object;)Z @ 5
Event: 7.931 Thread 0x0000000002339800 Uncommon trap: reason=class_check action=maybe_recompile pc=0x000000000324e6f4 method=org.openqa.selenium.json.Input.init()V @ 18
Event: 7.931 Thread 0x0000000002339800 Uncommon trap: reason=class_check action=maybe_recompile pc=0x000000000324e6f4 method=org.openqa.selenium.json.Input.init()V @ 18
Event: 7.931 Thread 0x0000000002339800 Uncommon trap: reason=class_check action=maybe_recompile pc=0x000000000324e6f4 method=org.openqa.selenium.json.Input.init()V @ 18
Event: 7.932 Thread 0x0000000002339800 Uncommon trap: reason=class_check action=maybe_recompile pc=0x000000000324e6f4 method=org.openqa.selenium.json.Input.init()V @ 18
Event: 7.955 Thread 0x0000000002339800 Uncommon trap: reason=unstable_if action=reinterpret pc=0x000000000311b8c4 method=java.util.regex.Pattern$Curly.match0(Ljava/util/regex/Matcher;IILjava/lang/CharSequence;)Z @ 5
Event: 7.965 Thread 0x0000000002339800 Uncommon trap: reason=unstable_if action=reinterpret pc=0x00000000025bd9d8 method=sun.nio.cs.UTF_8$Encoder.encode([CII[B)I @ 33

Classes redefined (0 events):
No events

Internal exceptions (10 events):
Event: 8.334 Thread 0x0000000002339800 Exception <a 'java/security/PrivilegedActionException'> (0x00000000db1fd538) thrown at [C:\re\workspace\8-2-build-windows-amd64-cygwin\jdk8u181\11358\hotspot\src\share\vm\prims\jvm.cpp, line 1435]
Event: 8.334 Thread 0x0000000002339800 Exception <a 'java/security/PrivilegedActionException'> (0x00000000db1fdb18) thrown at [C:\re\workspace\8-2-build-windows-amd64-cygwin\jdk8u181\11358\hotspot\src\share\vm\prims\jvm.cpp, line 1435]
Event: 8.343 Thread 0x0000000002339800 Exception <a 'java/security/PrivilegedActionException'> (0x00000000db45c630) thrown at [C:\re\workspace\8-2-build-windows-amd64-cygwin\jdk8u181\11358\hotspot\src\share\vm\prims\jvm.cpp, line 1435]
Event: 8.343 Thread 0x0000000002339800 Exception <a 'java/security/PrivilegedActionException'> (0x00000000db45cc10) thrown at [C:\re\workspace\8-2-build-windows-amd64-cygwin\jdk8u181\11358\hotspot\src\share\vm\prims\jvm.cpp, line 1435]
Event: 8.343 Thread 0x0000000002339800 Exception <a 'java/security/PrivilegedActionException'> (0x00000000db46b778) thrown at [C:\re\workspace\8-2-build-windows-amd64-cygwin\jdk8u181\11358\hotspot\src\share\vm\prims\jvm.cpp, line 1435]
Event: 8.343 Thread 0x0000000002339800 Exception <a 'java/security/PrivilegedActionException'> (0x00000000db46bd58) thrown at [C:\re\workspace\8-2-build-windows-amd64-cygwin\jdk8u181\11358\hotspot\src\share\vm\prims\jvm.cpp, line 1435]
Event: 8.380 Thread 0x0000000002339800 Exception <a 'java/lang/ClassNotFoundException': Script1572272461226BeanInfo> (0x00000000db5ad8c0) thrown at [C:\re\workspace\8-2-build-windows-amd64-cygwin\jdk8u181\11358\hotspot\src\share\vm\classfile\systemDictionary.cpp, line 210]
Event: 8.381 Thread 0x0000000002339800 Exception <a 'java/lang/ClassNotFoundException': Script1572272461226Customizer> (0x00000000db5e8488) thrown at [C:\re\workspace\8-2-build-windows-amd64-cygwin\jdk8u181\11358\hotspot\src\share\vm\classfile\systemDictionary.cpp, line 210]
Event: 8.491 Thread 0x0000000002339800 Exception <a 'java/lang/ClassNotFoundException': com/kms/katalon/core/keyword/builtin/DelayKeywordBeanInfo> (0x00000000dba97d20) thrown at [C:\re\workspace\8-2-build-windows-amd64-cygwin\jdk8u181\11358\hotspot\src\share\vm\classfile\systemDictionary.cpp, 
Event: 8.492 Thread 0x0000000002339800 Exception <a 'java/lang/ClassNotFoundException': com/kms/katalon/core/keyword/builtin/DelayKeywordCustomizer> (0x00000000dbad5b38) thrown at [C:\re\workspace\8-2-build-windows-amd64-cygwin\jdk8u181\11358\hotspot\src\share\vm\classfile\systemDictionary.cpp

Events (10 events):
Event: 8.491 loading class com/kms/katalon/core/keyword/builtin/DelayKeywordBeanInfo
Event: 8.491 loading class com/kms/katalon/core/keyword/builtin/DelayKeywordBeanInfo done
Event: 8.491 loading class com/kms/katalon/core/keyword/builtin/DelayKeywordCustomizer
Event: 8.491 loading class com/kms/katalon/core/keyword/builtin/DelayKeywordCustomizer done
Event: 8.491 loading class com/kms/katalon/core/keyword/builtin/DelayKeywordCustomizer
Event: 8.491 loading class com/kms/katalon/core/keyword/builtin/DelayKeywordCustomizer done
Event: 8.492 loading class com/kms/katalon/core/keyword/builtin/DelayKeywordCustomizer
Event: 8.492 loading class com/kms/katalon/core/keyword/builtin/DelayKeywordCustomizer done
Event: 8.496 loading class groovy/runtime/metaclass/com/kms/katalon/core/keyword/builtin/DelayKeyword$_delay_closure1MetaClass
Event: 8.496 loading class groovy/runtime/metaclass/com/kms/katalon/core/keyword/builtin/DelayKeyword$_delay_closure1MetaClass done


Dynamic libraries:
0x00007ff62bc90000 - 0x00007ff62bcc7000 	C:\Katalon\Katalon_Studio_Windows_64-6.3.3\jre\bin\javaw.exe
0x00007ffa91f20000 - 0x00007ffa9210d000 	C:\windows\SYSTEM32\ntdll.dll
0x00007ffa91a90000 - 0x00007ffa91b43000 	C:\windows\System32\KERNEL32.DLL
0x00007ffa8eea0000 - 0x00007ffa8f133000 	C:\windows\System32\KERNELBASE.dll
0x00007ffa91810000 - 0x00007ffa918b3000 	C:\windows\System32\ADVAPI32.dll
0x00007ffa919f0000 - 0x00007ffa91a8e000 	C:\windows\System32\msvcrt.dll
0x00007ffa8f600000 - 0x00007ffa8f69e000 	C:\windows\System32\sechost.dll
0x00007ffa918c0000 - 0x00007ffa919e2000 	C:\windows\System32\RPCRT4.dll
0x00007ffa8f140000 - 0x00007ffa8f2d7000 	C:\windows\System32\USER32.dll
0x00007ffa8dfe0000 - 0x00007ffa8e000000 	C:\windows\System32\win32u.dll
0x00007ffa8f4e0000 - 0x00007ffa8f509000 	C:\windows\System32\GDI32.dll
0x00007ffa8eb00000 - 0x00007ffa8ec99000 	C:\windows\System32\gdi32full.dll
0x00007ffa8e000000 - 0x00007ffa8e0a0000 	C:\windows\System32\msvcp_win.dll
0x00007ffa8ed40000 - 0x00007ffa8ee3a000 	C:\windows\System32\ucrtbase.dll
0x00007ffa7a8b0000 - 0x00007ffa7ab29000 	C:\windows\WinSxS\amd64_microsoft.windows.common-controls_6595b64144ccf1df_6.0.17763.973_none_05b245900721eb81\COMCTL32.dll
0x00007ffa8fc80000 - 0x00007ffa8ffac000 	C:\windows\System32\combase.dll
0x00007ffa8e0a0000 - 0x00007ffa8e11e000 	C:\windows\System32\bcryptPrimitives.dll
0x00007ffa91b50000 - 0x00007ffa91b7e000 	C:\windows\System32\IMM32.DLL
0x0000000071b40000 - 0x0000000071c12000 	C:\Katalon\Katalon_Studio_Windows_64-6.3.3\jre\bin\msvcr100.dll
0x0000000071df0000 - 0x0000000072692000 	C:\Katalon\Katalon_Studio_Windows_64-6.3.3\jre\bin\server\jvm.dll
0x00007ffa8f390000 - 0x00007ffa8f398000 	C:\windows\System32\PSAPI.DLL
0x00007ffa8a5f0000 - 0x00007ffa8a5f9000 	C:\windows\SYSTEM32\WSOCK32.dll
0x00007ffa8f590000 - 0x00007ffa8f5fd000 	C:\windows\System32\WS2_32.dll
0x00007ffa8c060000 - 0x00007ffa8c084000 	C:\windows\SYSTEM32\WINMM.dll
0x00007ffa83270000 - 0x00007ffa8327a000 	C:\windows\SYSTEM32\VERSION.dll
0x00007ffa8c030000 - 0x00007ffa8c05d000 	C:\windows\SYSTEM32\WINMMBASE.dll
0x00007ffa8eca0000 - 0x00007ffa8ecea000 	C:\windows\System32\cfgmgr32.dll
0x0000000071d00000 - 0x0000000071d0f000 	C:\Katalon\Katalon_Studio_Windows_64-6.3.3\jre\bin\verify.dll
0x0000000071cd0000 - 0x0000000071cf9000 	C:\Katalon\Katalon_Studio_Windows_64-6.3.3\jre\bin\java.dll
0x0000000071cb0000 - 0x0000000071cc6000 	C:\Katalon\Katalon_Studio_Windows_64-6.3.3\jre\bin\zip.dll
0x00007ffa900e0000 - 0x00007ffa915d4000 	C:\windows\System32\SHELL32.dll
0x00007ffa8f2e0000 - 0x00007ffa8f388000 	C:\windows\System32\shcore.dll
0x00007ffa8e120000 - 0x00007ffa8e86d000 	C:\windows\System32\windows.storage.dll
0x00007ffa8dfb0000 - 0x00007ffa8dfd4000 	C:\windows\System32\profapi.dll
0x00007ffa8df30000 - 0x00007ffa8df8d000 	C:\windows\System32\powrprof.dll
0x00007ffa91e90000 - 0x00007ffa91ee2000 	C:\windows\System32\shlwapi.dll
0x00007ffa8df10000 - 0x00007ffa8df21000 	C:\windows\System32\kernel.appcore.dll
0x00007ffa8ed20000 - 0x00007ffa8ed37000 	C:\windows\System32\cryptsp.dll
0x0000000071c90000 - 0x0000000071caa000 	C:\Katalon\Katalon_Studio_Windows_64-6.3.3\jre\bin\net.dll
0x00007ffa8d720000 - 0x00007ffa8d787000 	C:\windows\system32\mswsock.dll
0x0000000071c70000 - 0x0000000071c81000 	C:\Katalon\Katalon_Studio_Windows_64-6.3.3\jre\bin\nio.dll
0x00007ffa8d480000 - 0x00007ffa8d546000 	C:\windows\SYSTEM32\DNSAPI.dll
0x00007ffa8f3a0000 - 0x00007ffa8f3a8000 	C:\windows\System32\NSI.dll
0x00007ffa8d440000 - 0x00007ffa8d47d000 	C:\windows\SYSTEM32\IPHLPAPI.DLL
0x00007ffa82350000 - 0x00007ffa8235a000 	C:\Windows\System32\rasadhlp.dll
0x00007ffa84a20000 - 0x00007ffa84a99000 	C:\windows\System32\fwpuclnt.dll
0x00007ffa8ecf0000 - 0x00007ffa8ed16000 	C:\windows\System32\bcrypt.dll
0x0000000071c40000 - 0x0000000071c64000 	C:\Katalon\Katalon_Studio_Windows_64-6.3.3\jre\bin\sunec.dll
0x0000000071c30000 - 0x0000000071c3b000 	C:\Katalon\Katalon_Studio_Windows_64-6.3.3\jre\bin\sunmscapi.dll
0x00007ffa8e920000 - 0x00007ffa8eafc000 	C:\windows\System32\CRYPT32.dll
0x00007ffa8df90000 - 0x00007ffa8dfa2000 	C:\windows\System32\MSASN1.dll
0x00007ffa84fd0000 - 0x00007ffa84fe6000 	C:\windows\SYSTEM32\dhcpcsvc6.DLL
0x00007ffa84dd0000 - 0x00007ffa84dec000 	C:\windows\SYSTEM32\dhcpcsvc.DLL
0x00007ffa8d2a0000 - 0x00007ffa8d2d3000 	C:\windows\system32\rsaenh.dll
0x00007ffa8de10000 - 0x00007ffa8de38000 	C:\windows\SYSTEM32\USERENV.dll
0x00007ffa8d8f0000 - 0x00007ffa8d8fc000 	C:\windows\SYSTEM32\CRYPTBASE.dll
0x00007ffa6eff0000 - 0x00007ffa6f006000 	C:\windows\system32\napinsp.dll
0x00007ffa6efd0000 - 0x00007ffa6efea000 	C:\windows\system32\pnrpnsp.dll
0x00007ffa6efc0000 - 0x00007ffa6efce000 	C:\windows\System32\winrnr.dll
0x00007ffa8a540000 - 0x00007ffa8a55b000 	C:\windows\system32\NLAapi.dll
0x00007ffa6efa0000 - 0x00007ffa6efb5000 	C:\windows\system32\wshbth.dll

VM Arguments:
jvm_args: -Dgroovy.home=/C:/Katalon/Katalon_Studio_Windows_64-6.3.3/plugins/org.codehaus.groovy_2.4.7.xx-201611170128-e46/ -Xmx1820m -Dfile.encoding=UTF-8 
java_command: org.codehaus.groovy.tools.GroovyStarter --classpath C:\Users\AutoTest_1\git\PINS_ODT_TEST\Include\scripts\groovy;C:\Users\AutoTest_1\git\PINS_ODT_TEST\Keywords;C:\Users\AutoTest_1\git\PINS_ODT_TEST\Libs;C:\Users\AutoTest_1\git\PINS_ODT_TEST\Test Listeners;C:\Katalon\Katalon_Studio_Windows_64-6.3.3\configuration\resources\lib\aspectjweaver-1.9.1.jar;C:\Katalon\Katalon_Studio_Windows_64-6.3.3\configuration\resources\lib\bcpkix-jdk15on-1.58.jar;C:\Katalon\Katalon_Studio_Windows_64-6.3.3\configuration\resources\lib\bcprov-jdk15on-1.58.jar;C:\Katalon\Katalon_Studio_Windows_64-6.3.3\configuration\resources\lib\browsermob-core-2.1.5.jar;C:\Katalon\Katalon_Studio_Windows_64-6.3.3\configuration\resources\lib\cglib-3.2.10.jar;C:\Katalon\Katalon_Studio_Windows_64-6.3.3\configuration\resources\lib\commons-validator-1.6.jar;C:\Katalon\Katalon_Studio_Windows_64-6.3.3\configuration\resources\lib\dnsjava-2.1.8.jar;C:\Katalon\Katalon_Studio_Windows_64-6.3.3\configuration\resources\lib\java-client-7.0.0.jar;C:\Katalon\Katalon_Studio_Windows_64-6.3.3\configuration\resources\lib\jna-4.1.0.jar;C:\Katalon\Katalon_Studio_Windows_64-6.3.3\configuration\resources\lib\jna-platform-4.1.0.jar;C:\Katalon\Katalon_Studio_Windows_64-6.3.3\configuration\resources\lib\jzlib-1.1.3.jar;C:\Katalon\Katalon_Studio_Windows_64-6.3.3\configuration\resources\lib\kat-server.jar;C:\Katalon\Katalon_Studio_Windows_64-6.3.3\configuration\resources\lib\littleproxy-1.1.0-beta-bmp-17.jar;C:\Katalon\Katalon_Studio_Windows_64-6.3.3\configuration\resources\lib\mitm-2.1.5.jar;C:\Katalon\Katalon_Studio_Windows_64-6.3.3\configuration\resources\lib\netty-all-4.0.51.Final.jar;C:\Katalon\Katalon_Studio_Windows_64-6.3.3\configuration\resources\lib\repackaged-sikuli-api-1.0.2-standalone.jar;C:\Katalon\Katalon_Studio_Windows_64-6.3.3\configuration\resources\lib\selenium-leg-rc-3.141.59.jar;C:\Katalon\Katalon_Studio_Windows_64-6.3.3\configuration\resources\lib\selenium-server-standalone-3.141.59.jar;C:\Katalon\Ka
java_class_path (initial): C:\Users\AutoTest_1\git\PINS_ODT_TEST\bin\keyword;C:\Users\AutoTest_1\git\PINS_ODT_TEST\bin\listener;C:\Users\AutoTest_1\git\PINS_ODT_TEST\bin\lib;C:\Users\AutoTest_1\git\PINS_ODT_TEST\bin\groovy;C:\Users\AutoTest_1\git\PINS_ODT_TEST\bin;C:\Katalon\Katalon_Studio_Windows_64-6.3.3\plugins\com.kms.katalon.core_1.0.0.201908270734.jar;C:\Katalon\Katalon_Studio_Windows_64-6.3.3\configuration\resources\lib\aspectjweaver-1.9.1.jar;C:\Katalon\Katalon_Studio_Windows_64-6.3.3\configuration\resources\lib\bcpkix-jdk15on-1.58.jar;C:\Katalon\Katalon_Studio_Windows_64-6.3.3\configuration\resources\lib\bcprov-jdk15on-1.58.jar;C:\Katalon\Katalon_Studio_Windows_64-6.3.3\configuration\resources\lib\browsermob-core-2.1.5.jar;C:\Katalon\Katalon_Studio_Windows_64-6.3.3\configuration\resources\lib\cglib-3.2.10.jar;C:\Katalon\Katalon_Studio_Windows_64-6.3.3\configuration\resources\lib\commons-validator-1.6.jar;C:\Katalon\Katalon_Studio_Windows_64-6.3.3\configuration\resources\lib\dnsjava-2.1.8.jar;C:\Katalon\Katalon_Studio_Windows_64-6.3.3\configuration\resources\lib\java-client-7.0.0.jar;C:\Katalon\Katalon_Studio_Windows_64-6.3.3\configuration\resources\lib\jna-4.1.0.jar;C:\Katalon\Katalon_Studio_Windows_64-6.3.3\configuration\resources\lib\jna-platform-4.1.0.jar;C:\Katalon\Katalon_Studio_Windows_64-6.3.3\configuration\resources\lib\jzlib-1.1.3.jar;C:\Katalon\Katalon_Studio_Windows_64-6.3.3\configuration\resources\lib\kat-server.jar;C:\Katalon\Katalon_Studio_Windows_64-6.3.3\configuration\resources\lib\littleproxy-1.1.0-beta-bmp-17.jar;C:\Katalon\Katalon_Studio_Windows_64-6.3.3\configuration\resources\lib\mitm-2.1.5.jar;C:\Katalon\Katalon_Studio_Windows_64-6.3.3\configuration\resources\lib\netty-all-4.0.51.Final.jar;C:\Katalon\Katalon_Studio_Windows_64-6.3.3\configuration\resources\lib\repackaged-sikuli-api-1.0.2-standalone.jar;C:\Katalon\Katalon_Studio_Windows_64-6.3.3\configuration\resources\lib\selenium-leg-rc-3.141.59.jar;C:\Katalon\Katalon_Studio_Windows_
Launcher Type: SUN_STANDARD

Environment Variables:
PATH=C:/Katalon/Katalon_Studio_Windows_64-6.3.3/jre/bin/server;C:/Katalon/Katalon_Studio_Windows_64-6.3.3/jre/bin;C:/Katalon/Katalon_Studio_Windows_64-6.3.3/jre/lib/amd64;C:\Program Files (x86)\Common Files\Oracle\Java\javapath;C:\windows\system32;C:\windows;C:\windows\System32\Wbem;C:\windows\System32\WindowsPowerShell\v1.0\;C:\windows\System32\OpenSSH\;C:\Users\AutoTest_1\AppData\Local\Microsoft\WindowsApps;C:\Users\AutoTest_1\AppData\Local\GitHubDesktop\bin;C:\Katalon\Katalon_Studio_Windows_64-6.3.3;
USERNAME=AutoTest_1
OS=Windows_NT
PROCESSOR_IDENTIFIER=Intel64 Family 6 Model 79 Stepping 1, GenuineIntel



---------------  S Y S T E M  ---------------

OS: Windows 10.0 , 64 bit Build 17763 (10.0.17763.475)

CPU:total 2 (initial active 2) (2 cores per cpu, 1 threads per core) family 6 model 79 stepping 1, cmov, cx8, fxsr, mmx, sse, sse2, sse3, ssse3, sse4.1, sse4.2, popcnt, avx, avx2, aes, clmul, erms, rtm, 3dnowpref, lzcnt, tsc, bmi1, bmi2, adx

Memory: 4k page, physical 8388148k(594992k free), swap 10485160k(5720k free)

vm_info: Java HotSpot(TM) 64-Bit Server VM (25.181-b13) for windows-amd64 JRE (1.8.0_181-b13), built on Jul  7 2018 04:01:33 by "java_re" with MS VC++ 10.0 (VS2010)

time: Thu Feb 13 18:16:22 2020
elapsed time: 8 seconds (0d 0h 0m 8s)

