#
# There is insufficient memory for the Java Runtime Environment to continue.
# Native memory allocation (malloc) failed to allocate 1100080 bytes for Chunk::new
# Possible reasons:
#   The system is out of physical RAM or swap space
#   In 32 bit mode, the process size limit was hit
# Possible solutions:
#   Reduce memory load on the system
#   Increase physical memory or swap space
#   Check if swap backing store is full
#   Use 64 bit Java on a 64 bit OS
#   Decrease Java heap size (-Xmx/-Xms)
#   Decrease number of Java threads
#   Decrease Java thread stack sizes (-Xss)
#   Set larger code cache with -XX:ReservedCodeCacheSize=
# This output file may be truncated or incomplete.
#
#  Out of Memory Error (allocation.cpp:390), pid=14312, tid=0x0000000000003960
#
# JRE version: Java(TM) SE Runtime Environment (8.0_181-b13) (build 1.8.0_181-b13)
# Java VM: Java HotSpot(TM) 64-Bit Server VM (25.181-b13 mixed mode windows-amd64 compressed oops)
# Failed to write core dump. Minidumps are not enabled by default on client versions of Windows
#

---------------  T H R E A D  ---------------

Current thread (0x00000000166f1800):  JavaThread "C2 CompilerThread0" daemon [_thread_in_native, id=14688, stack(0x0000000017720000,0x0000000017820000)]

Stack: [0x0000000017720000,0x0000000017820000]
[error occurred during error reporting (printing stack bounds), id 0xc0000005]

Native frames: (J=compiled Java code, j=interpreted, Vv=VM code, C=native code)


Current CompileTask:
C2:  23679 5247       4       org.codehaus.groovy.ast.ClassNode::getDeclaredMethodsMap (83 bytes)


---------------  P R O C E S S  ---------------

Java Threads: ( => current thread )
  0x000000001a9e6000 JavaThread "Okio Watchdog" daemon [_thread_blocked, id=8796, stack(0x000000001d940000,0x000000001da40000)]
  0x000000001a9e9000 JavaThread "OkHttp ConnectionPool" daemon [_thread_blocked, id=6068, stack(0x000000001d840000,0x000000001d940000)]
  0x000000001ab60000 JavaThread "Exec Stream Pumper" daemon [_thread_in_native, id=6940, stack(0x000000001d240000,0x000000001d340000)]
  0x000000001814b000 JavaThread "Exec Stream Pumper" daemon [_thread_in_native, id=4600, stack(0x000000001d140000,0x000000001d240000)]
  0x000000001813c000 JavaThread "UrlChecker-2" daemon [_thread_blocked, id=14640, stack(0x000000001ce40000,0x000000001cf40000)]
  0x0000000019556000 JavaThread "Exec Default Executor" daemon [_thread_in_native, id=14952, stack(0x000000001b400000,0x000000001b500000)]
  0x0000000016767000 JavaThread "Service Thread" daemon [_thread_blocked, id=14236, stack(0x0000000017920000,0x0000000017a20000)]
  0x0000000016746800 JavaThread "C1 CompilerThread1" daemon [_thread_blocked, id=14744, stack(0x0000000017820000,0x0000000017920000)]
=>0x00000000166f1800 JavaThread "C2 CompilerThread0" daemon [_thread_in_native, id=14688, stack(0x0000000017720000,0x0000000017820000)]
  0x00000000166f0800 JavaThread "Attach Listener" daemon [_thread_blocked, id=7588, stack(0x0000000017620000,0x0000000017720000)]
  0x00000000166ed000 JavaThread "Signal Dispatcher" daemon [_thread_blocked, id=9148, stack(0x0000000017520000,0x0000000017620000)]
  0x00000000166db000 JavaThread "Finalizer" daemon [_thread_blocked, id=6636, stack(0x0000000017320000,0x0000000017420000)]
  0x0000000002566800 JavaThread "Reference Handler" daemon [_thread_blocked, id=6208, stack(0x0000000017220000,0x0000000017320000)]
  0x0000000002479800 JavaThread "Forwarding findElements on session 352a7025c6186a8452a9c4d25df83ed5 to remote" [_thread_in_native, id=13308, stack(0x0000000002370000,0x0000000002470000)]

Other Threads:
  0x00000000166b6000 VMThread [stack: 0x0000000017120000,0x0000000017220000] [id=14128]
  0x0000000016784800 WatcherThread [stack: 0x0000000017a20000,0x0000000017b20000] [id=7648]

VM state:not at safepoint (normal execution)

VM Mutex/Monitor currently owned by a thread: None

Heap:
 PSYoungGen      total 271360K, used 238754K [0x00000000da180000, 0x00000000ec000000, 0x0000000100000000)
  eden space 250368K, 94% used [0x00000000da180000,0x00000000e87a5e30,0x00000000e9600000)
  from space 20992K, 14% used [0x00000000eaa80000,0x00000000ead82b78,0x00000000ebf00000)
  to   space 20992K, 0% used [0x00000000e9600000,0x00000000e9600000,0x00000000eaa80000)
 ParOldGen       total 107520K, used 30073K [0x000000008e400000, 0x0000000094d00000, 0x00000000da180000)
  object space 107520K, 27% used [0x000000008e400000,0x000000009015e720,0x0000000094d00000)
 Metaspace       used 35800K, capacity 37062K, committed 37120K, reserved 1081344K
  class space    used 4234K, capacity 4577K, committed 4608K, reserved 1048576K

Card table byte_map: [0x0000000011930000,0x0000000011cc0000] byte_map_base: 0x00000000114be000

Marking Bits: (ParMarkBitMap*) 0x0000000072612d00
 Begin Bits: [0x0000000012120000, 0x0000000013d90000)
 End Bits:   [0x0000000013d90000, 0x0000000015a00000)

Polling page: 0x00000000008e0000

CodeCache: size=245760Kb used=18821Kb max_used=18821Kb free=226938Kb
 bounds [0x0000000002570000, 0x00000000037e0000, 0x0000000011570000]
 total_blobs=5442 nmethods=4745 adapters=609
 compilation: enabled

Compilation events (10 events):
Event: 23.588 Thread 0x0000000016746800 5344       3       java.lang.reflect.Method::setMethodAccessor (21 bytes)
Event: 23.589 Thread 0x0000000016746800 nmethod 5344 0x00000000037d9cd0 code [0x00000000037d9e40, 0x00000000037da1e8]
Event: 23.592 Thread 0x0000000016746800 5345       3       com.google.common.collect.ArrayListMultimap::create (8 bytes)
Event: 23.593 Thread 0x0000000016746800 nmethod 5345 0x00000000037da310 code [0x00000000037da540, 0x00000000037dae98]
Event: 23.593 Thread 0x0000000016746800 5346       3       okhttp3.HttpUrl$Builder::build (43 bytes)
Event: 23.593 Thread 0x0000000016746800 nmethod 5346 0x00000000037db5d0 code [0x00000000037db780, 0x00000000037dbb88]
Event: 23.594 Thread 0x0000000016746800 5347       3       okhttp3.HttpUrl::percentDecode (74 bytes)
Event: 23.594 Thread 0x0000000016746800 nmethod 5347 0x00000000037dbd10 code [0x00000000037dbf60, 0x00000000037dcde8]
Event: 23.594 Thread 0x0000000016746800 5348       3       okhttp3.HttpUrl::encodedQuery (49 bytes)
Event: 23.595 Thread 0x0000000016746800 nmethod 5348 0x00000000037dd6d0 code [0x00000000037dd8a0, 0x00000000037de148]

GC Heap History (10 events):
Event: 5.095 GC heap before
{Heap before GC invocations=8 (full 1):
 PSYoungGen      total 143872K, used 133120K [0x00000000da180000, 0x00000000e3880000, 0x0000000100000000)
  eden space 133120K, 100% used [0x00000000da180000,0x00000000e2380000,0x00000000e2380000)
  from space 10752K, 0% used [0x00000000e2e00000,0x00000000e2e00000,0x00000000e3880000)
  to   space 10752K, 0% used [0x00000000e2380000,0x00000000e2380000,0x00000000e2e00000)
 ParOldGen       total 68096K, used 15895K [0x000000008e400000, 0x0000000092680000, 0x00000000da180000)
  object space 68096K, 23% used [0x000000008e400000,0x000000008f385cf0,0x0000000092680000)
 Metaspace       used 25816K, capacity 26212K, committed 26368K, reserved 1073152K
  class space    used 2909K, capacity 3038K, committed 3072K, reserved 1048576K
Event: 5.123 GC heap after
Heap after GC invocations=8 (full 1):
 PSYoungGen      total 143872K, used 10722K [0x00000000da180000, 0x00000000e8800000, 0x0000000100000000)
  eden space 133120K, 0% used [0x00000000da180000,0x00000000da180000,0x00000000e2380000)
  from space 10752K, 99% used [0x00000000e2380000,0x00000000e2df8928,0x00000000e2e00000)
  to   space 14848K, 0% used [0x00000000e7980000,0x00000000e7980000,0x00000000e8800000)
 ParOldGen       total 68096K, used 20847K [0x000000008e400000, 0x0000000092680000, 0x00000000da180000)
  object space 68096K, 30% used [0x000000008e400000,0x000000008f85bed0,0x0000000092680000)
 Metaspace       used 25816K, capacity 26212K, committed 26368K, reserved 1073152K
  class space    used 2909K, capacity 3038K, committed 3072K, reserved 1048576K
}
Event: 13.438 GC heap before
{Heap before GC invocations=9 (full 1):
 PSYoungGen      total 143872K, used 143842K [0x00000000da180000, 0x00000000e8800000, 0x0000000100000000)
  eden space 133120K, 100% used [0x00000000da180000,0x00000000e2380000,0x00000000e2380000)
  from space 10752K, 99% used [0x00000000e2380000,0x00000000e2df8928,0x00000000e2e00000)
  to   space 14848K, 0% used [0x00000000e7980000,0x00000000e7980000,0x00000000e8800000)
 ParOldGen       total 68096K, used 20847K [0x000000008e400000, 0x0000000092680000, 0x00000000da180000)
  object space 68096K, 30% used [0x000000008e400000,0x000000008f85bed0,0x0000000092680000)
 Metaspace       used 33749K, capacity 34736K, committed 34816K, reserved 1079296K
  class space    used 4060K, capacity 4322K, committed 4352K, reserved 1048576K
Event: 13.468 GC heap after
Heap after GC invocations=9 (full 1):
 PSYoungGen      total 212480K, used 14833K [0x00000000da180000, 0x00000000e8880000, 0x0000000100000000)
  eden space 197632K, 0% used [0x00000000da180000,0x00000000da180000,0x00000000e6280000)
  from space 14848K, 99% used [0x00000000e7980000,0x00000000e87fc588,0x00000000e8800000)
  to   space 19456K, 0% used [0x00000000e6280000,0x00000000e6280000,0x00000000e7580000)
 ParOldGen       total 68096K, used 26600K [0x000000008e400000, 0x0000000092680000, 0x00000000da180000)
  object space 68096K, 39% used [0x000000008e400000,0x000000008fdfa160,0x0000000092680000)
 Metaspace       used 33749K, capacity 34736K, committed 34816K, reserved 1079296K
  class space    used 4060K, capacity 4322K, committed 4352K, reserved 1048576K
}
Event: 15.344 GC heap before
{Heap before GC invocations=10 (full 1):
 PSYoungGen      total 212480K, used 53256K [0x00000000da180000, 0x00000000e8880000, 0x0000000100000000)
  eden space 197632K, 19% used [0x00000000da180000,0x00000000dc705ab8,0x00000000e6280000)
  from space 14848K, 99% used [0x00000000e7980000,0x00000000e87fc588,0x00000000e8800000)
  to   space 19456K, 0% used [0x00000000e6280000,0x00000000e6280000,0x00000000e7580000)
 ParOldGen       total 68096K, used 26600K [0x000000008e400000, 0x0000000092680000, 0x00000000da180000)
  object space 68096K, 39% used [0x000000008e400000,0x000000008fdfa160,0x0000000092680000)
 Metaspace       used 34319K, capacity 35340K, committed 35456K, reserved 1081344K
  class space    used 4118K, capacity 4415K, committed 4480K, reserved 1048576K
Event: 15.366 GC heap after
Heap after GC invocations=10 (full 1):
 PSYoungGen      total 217088K, used 15970K [0x00000000da180000, 0x00000000ebf00000, 0x0000000100000000)
  eden space 197632K, 0% used [0x00000000da180000,0x00000000da180000,0x00000000e6280000)
  from space 19456K, 82% used [0x00000000e6280000,0x00000000e7218b30,0x00000000e7580000)
  to   space 20992K, 0% used [0x00000000eaa80000,0x00000000eaa80000,0x00000000ebf00000)
 ParOldGen       total 68096K, used 26608K [0x000000008e400000, 0x0000000092680000, 0x00000000da180000)
  object space 68096K, 39% used [0x000000008e400000,0x000000008fdfc160,0x0000000092680000)
 Metaspace       used 34319K, capacity 35340K, committed 35456K, reserved 1081344K
  class space    used 4118K, capacity 4415K, committed 4480K, reserved 1048576K
}
Event: 15.366 GC heap before
{Heap before GC invocations=11 (full 2):
 PSYoungGen      total 217088K, used 15970K [0x00000000da180000, 0x00000000ebf00000, 0x0000000100000000)
  eden space 197632K, 0% used [0x00000000da180000,0x00000000da180000,0x00000000e6280000)
  from space 19456K, 82% used [0x00000000e6280000,0x00000000e7218b30,0x00000000e7580000)
  to   space 20992K, 0% used [0x00000000eaa80000,0x00000000eaa80000,0x00000000ebf00000)
 ParOldGen       total 68096K, used 26608K [0x000000008e400000, 0x0000000092680000, 0x00000000da180000)
  object space 68096K, 39% used [0x000000008e400000,0x000000008fdfc160,0x0000000092680000)
 Metaspace       used 34319K, capacity 35340K, committed 35456K, reserved 1081344K
  class space    used 4118K, capacity 4415K, committed 4480K, reserved 1048576K
Event: 15.549 GC heap after
Heap after GC invocations=11 (full 2):
 PSYoungGen      total 217088K, used 0K [0x00000000da180000, 0x00000000ebf00000, 0x0000000100000000)
  eden space 197632K, 0% used [0x00000000da180000,0x00000000da180000,0x00000000e6280000)
  from space 19456K, 0% used [0x00000000e6280000,0x00000000e6280000,0x00000000e7580000)
  to   space 20992K, 0% used [0x00000000eaa80000,0x00000000eaa80000,0x00000000ebf00000)
 ParOldGen       total 107520K, used 30065K [0x000000008e400000, 0x0000000094d00000, 0x00000000da180000)
  object space 107520K, 27% used [0x000000008e400000,0x000000009015c720,0x0000000094d00000)
 Metaspace       used 34316K, capacity 35332K, committed 35456K, reserved 1081344K
  class space    used 4117K, capacity 4413K, committed 4480K, reserved 1048576K
}
Event: 20.917 GC heap before
{Heap before GC invocations=12 (full 2):
 PSYoungGen      total 217088K, used 197632K [0x00000000da180000, 0x00000000ebf00000, 0x0000000100000000)
  eden space 197632K, 100% used [0x00000000da180000,0x00000000e6280000,0x00000000e6280000)
  from space 19456K, 0% used [0x00000000e6280000,0x00000000e6280000,0x00000000e7580000)
  to   space 20992K, 0% used [0x00000000eaa80000,0x00000000eaa80000,0x00000000ebf00000)
 ParOldGen       total 107520K, used 30065K [0x000000008e400000, 0x0000000094d00000, 0x00000000da180000)
  object space 107520K, 27% used [0x000000008e400000,0x000000009015c720,0x0000000094d00000)
 Metaspace       used 35114K, capacity 36274K, committed 36608K, reserved 1081344K
  class space    used 4176K, capacity 4481K, committed 4608K, reserved 1048576K
Event: 20.931 GC heap after
Heap after GC invocations=12 (full 2):
 PSYoungGen      total 271360K, used 3082K [0x00000000da180000, 0x00000000ec000000, 0x0000000100000000)
  eden space 250368K, 0% used [0x00000000da180000,0x00000000da180000,0x00000000e9600000)
  from space 20992K, 14% used [0x00000000eaa80000,0x00000000ead82b78,0x00000000ebf00000)
  to   space 20992K, 0% used [0x00000000e9600000,0x00000000e9600000,0x00000000eaa80000)
 ParOldGen       total 107520K, used 30073K [0x000000008e400000, 0x0000000094d00000, 0x00000000da180000)
  object space 107520K, 27% used [0x000000008e400000,0x000000009015e720,0x0000000094d00000)
 Metaspace       used 35114K, capacity 36274K, committed 36608K, reserved 1081344K
  class space    used 4176K, capacity 4481K, committed 4608K, reserved 1048576K
}

Deoptimization events (10 events):
Event: 10.339 Thread 0x0000000002479800 Uncommon trap: reason=class_check action=maybe_recompile pc=0x00000000032373f4 method=org.openqa.selenium.json.Input.init()V @ 18
Event: 10.339 Thread 0x0000000002479800 Uncommon trap: reason=class_check action=maybe_recompile pc=0x00000000032373f4 method=org.openqa.selenium.json.Input.init()V @ 18
Event: 11.781 Thread 0x0000000002479800 Uncommon trap: reason=unstable_if action=reinterpret pc=0x0000000002c49f30 method=org.codehaus.groovy.antlr.UnicodeEscapingReader.read()I @ 66
Event: 11.781 Thread 0x0000000002479800 Uncommon trap: reason=unstable_if action=reinterpret pc=0x0000000002d544d0 method=org.codehaus.groovy.antlr.UnicodeEscapingReader.read()I @ 4
Event: 11.905 Thread 0x0000000002479800 Uncommon trap: reason=bimorphic action=maybe_recompile pc=0x00000000030479f4 method=java.net.URL.<init>(Ljava/net/URL;Ljava/lang/String;Ljava/net/URLStreamHandler;)V @ 504
Event: 13.582 Thread 0x0000000002479800 Uncommon trap: reason=class_check action=maybe_recompile pc=0x0000000003090800 method=java.lang.Throwable.<init>(Ljava/lang/String;Ljava/lang/Throwable;)V @ 24
Event: 17.567 Thread 0x0000000002479800 Uncommon trap: reason=null_check action=make_not_entrant pc=0x000000000337118c method=java.lang.ClassLoader.getPackage(Ljava/lang/String;)Ljava/lang/Package; @ 15
Event: 18.831 Thread 0x0000000002479800 Uncommon trap: reason=unstable_if action=reinterpret pc=0x000000000329ccbc method=groovy.lang.MetaClassImpl.checkIfStdMethod(Lgroovy/lang/MetaMethod;)V @ 118
Event: 19.152 Thread 0x0000000002479800 Uncommon trap: reason=unstable_if action=reinterpret pc=0x000000000286a6a8 method=groovyjarjarasm.asm.Item.a(Lgroovyjarjarasm/asm/Item;)Z @ 331
Event: 21.749 Thread 0x0000000002479800 Uncommon trap: reason=unstable_if action=reinterpret pc=0x00000000028b7f44 method=sun.nio.cs.UTF_8$Decoder.decode([BII[C)I @ 30

Classes redefined (0 events):
No events

Internal exceptions (10 events):
Event: 23.557 Thread 0x0000000002479800 Exception <a 'java/security/PrivilegedActionException'> (0x00000000e8049f10) thrown at [C:\re\workspace\8-2-build-windows-amd64-cygwin\jdk8u181\11358\hotspot\src\share\vm\prims\jvm.cpp, line 1435]
Event: 23.562 Thread 0x0000000002479800 Exception <a 'java/security/PrivilegedActionException'> (0x00000000e8181e60) thrown at [C:\re\workspace\8-2-build-windows-amd64-cygwin\jdk8u181\11358\hotspot\src\share\vm\prims\jvm.cpp, line 1435]
Event: 23.562 Thread 0x0000000002479800 Exception <a 'java/security/PrivilegedActionException'> (0x00000000e8182440) thrown at [C:\re\workspace\8-2-build-windows-amd64-cygwin\jdk8u181\11358\hotspot\src\share\vm\prims\jvm.cpp, line 1435]
Event: 23.567 Thread 0x0000000002479800 Exception <a 'java/security/PrivilegedActionException'> (0x00000000e82c1a98) thrown at [C:\re\workspace\8-2-build-windows-amd64-cygwin\jdk8u181\11358\hotspot\src\share\vm\prims\jvm.cpp, line 1435]
Event: 23.567 Thread 0x0000000002479800 Exception <a 'java/security/PrivilegedActionException'> (0x00000000e82c2078) thrown at [C:\re\workspace\8-2-build-windows-amd64-cygwin\jdk8u181\11358\hotspot\src\share\vm\prims\jvm.cpp, line 1435]
Event: 23.579 Thread 0x0000000002479800 Exception <a 'java/lang/ClassNotFoundException': Script1BeanInfo> (0x00000000e83987d0) thrown at [C:\re\workspace\8-2-build-windows-amd64-cygwin\jdk8u181\11358\hotspot\src\share\vm\classfile\systemDictionary.cpp, line 210]
Event: 23.580 Thread 0x0000000002479800 Exception <a 'java/lang/ClassNotFoundException': Script1Customizer> (0x00000000e83bfc90) thrown at [C:\re\workspace\8-2-build-windows-amd64-cygwin\jdk8u181\11358\hotspot\src\share\vm\classfile\systemDictionary.cpp, line 210]
Event: 23.587 Thread 0x0000000002479800 Exception <a 'java/lang/ClassNotFoundException': groovy/tmp/templates/GStringTemplateScript41BeanInfo> (0x00000000e8477330) thrown at [C:\re\workspace\8-2-build-windows-amd64-cygwin\jdk8u181\11358\hotspot\src\share\vm\classfile\systemDictionary.cpp, line 
Event: 23.588 Thread 0x0000000002479800 Exception <a 'java/lang/ClassNotFoundException': groovy/tmp/templates/GStringTemplateScript41Customizer> (0x00000000e84bf158) thrown at [C:\re\workspace\8-2-build-windows-amd64-cygwin\jdk8u181\11358\hotspot\src\share\vm\classfile\systemDictionary.cpp, lin
Event: 23.597 Thread 0x0000000002479800 Exception <a 'java/net/SocketTimeoutException': Read timed out> (0x00000000e85c71f8) thrown at [C:\re\workspace\8-2-build-windows-amd64-cygwin\jdk8u181\11358\hotspot\src\share\vm\prims\jni.cpp, line 735]

Events (10 events):
Event: 23.587 loading class groovy/tmp/templates/GStringTemplateScript41BeanInfo
Event: 23.587 loading class groovy/tmp/templates/GStringTemplateScript41BeanInfo done
Event: 23.587 loading class groovy/tmp/templates/GStringTemplateScript41Customizer
Event: 23.587 loading class groovy/tmp/templates/GStringTemplateScript41Customizer done
Event: 23.587 loading class groovy/tmp/templates/GStringTemplateScript41Customizer
Event: 23.587 loading class groovy/tmp/templates/GStringTemplateScript41Customizer done
Event: 23.588 loading class groovy/tmp/templates/GStringTemplateScript41Customizer
Event: 23.588 loading class groovy/tmp/templates/GStringTemplateScript41Customizer done
Event: 23.589 loading class groovy/runtime/metaclass/groovy/tmp/templates/GStringTemplateScript41$_getTemplate_closure1MetaClass
Event: 23.589 loading class groovy/runtime/metaclass/groovy/tmp/templates/GStringTemplateScript41$_getTemplate_closure1MetaClass done


Dynamic libraries:
0x00007ff62bc90000 - 0x00007ff62bcc7000 	C:\Katalon\Katalon_Studio_Windows_64-6.3.3\jre\bin\javaw.exe
0x00007ffa91f20000 - 0x00007ffa9210d000 	C:\windows\SYSTEM32\ntdll.dll
0x00007ffa91a90000 - 0x00007ffa91b43000 	C:\windows\System32\KERNEL32.DLL
0x00007ffa8eea0000 - 0x00007ffa8f133000 	C:\windows\System32\KERNELBASE.dll
0x00007ffa91810000 - 0x00007ffa918b3000 	C:\windows\System32\ADVAPI32.dll
0x00007ffa919f0000 - 0x00007ffa91a8e000 	C:\windows\System32\msvcrt.dll
0x00007ffa8f600000 - 0x00007ffa8f69e000 	C:\windows\System32\sechost.dll
0x00007ffa918c0000 - 0x00007ffa919e2000 	C:\windows\System32\RPCRT4.dll
0x00007ffa8f140000 - 0x00007ffa8f2d7000 	C:\windows\System32\USER32.dll
0x00007ffa8dfe0000 - 0x00007ffa8e000000 	C:\windows\System32\win32u.dll
0x00007ffa8f4e0000 - 0x00007ffa8f509000 	C:\windows\System32\GDI32.dll
0x00007ffa8eb00000 - 0x00007ffa8ec99000 	C:\windows\System32\gdi32full.dll
0x00007ffa8e000000 - 0x00007ffa8e0a0000 	C:\windows\System32\msvcp_win.dll
0x00007ffa8ed40000 - 0x00007ffa8ee3a000 	C:\windows\System32\ucrtbase.dll
0x00007ffa7a8b0000 - 0x00007ffa7ab29000 	C:\windows\WinSxS\amd64_microsoft.windows.common-controls_6595b64144ccf1df_6.0.17763.973_none_05b245900721eb81\COMCTL32.dll
0x00007ffa8fc80000 - 0x00007ffa8ffac000 	C:\windows\System32\combase.dll
0x00007ffa8e0a0000 - 0x00007ffa8e11e000 	C:\windows\System32\bcryptPrimitives.dll
0x00007ffa91b50000 - 0x00007ffa91b7e000 	C:\windows\System32\IMM32.DLL
0x0000000071b40000 - 0x0000000071c12000 	C:\Katalon\Katalon_Studio_Windows_64-6.3.3\jre\bin\msvcr100.dll
0x0000000071df0000 - 0x0000000072692000 	C:\Katalon\Katalon_Studio_Windows_64-6.3.3\jre\bin\server\jvm.dll
0x00007ffa8f390000 - 0x00007ffa8f398000 	C:\windows\System32\PSAPI.DLL
0x00007ffa8a5f0000 - 0x00007ffa8a5f9000 	C:\windows\SYSTEM32\WSOCK32.dll
0x00007ffa8f590000 - 0x00007ffa8f5fd000 	C:\windows\System32\WS2_32.dll
0x00007ffa8c060000 - 0x00007ffa8c084000 	C:\windows\SYSTEM32\WINMM.dll
0x00007ffa83270000 - 0x00007ffa8327a000 	C:\windows\SYSTEM32\VERSION.dll
0x00007ffa8c030000 - 0x00007ffa8c05d000 	C:\windows\SYSTEM32\WINMMBASE.dll
0x00007ffa8eca0000 - 0x00007ffa8ecea000 	C:\windows\System32\cfgmgr32.dll
0x0000000071d00000 - 0x0000000071d0f000 	C:\Katalon\Katalon_Studio_Windows_64-6.3.3\jre\bin\verify.dll
0x0000000071cd0000 - 0x0000000071cf9000 	C:\Katalon\Katalon_Studio_Windows_64-6.3.3\jre\bin\java.dll
0x0000000071cb0000 - 0x0000000071cc6000 	C:\Katalon\Katalon_Studio_Windows_64-6.3.3\jre\bin\zip.dll
0x00007ffa900e0000 - 0x00007ffa915d4000 	C:\windows\System32\SHELL32.dll
0x00007ffa8f2e0000 - 0x00007ffa8f388000 	C:\windows\System32\shcore.dll
0x00007ffa8e120000 - 0x00007ffa8e86d000 	C:\windows\System32\windows.storage.dll
0x00007ffa8dfb0000 - 0x00007ffa8dfd4000 	C:\windows\System32\profapi.dll
0x00007ffa8df30000 - 0x00007ffa8df8d000 	C:\windows\System32\powrprof.dll
0x00007ffa91e90000 - 0x00007ffa91ee2000 	C:\windows\System32\shlwapi.dll
0x00007ffa8df10000 - 0x00007ffa8df21000 	C:\windows\System32\kernel.appcore.dll
0x00007ffa8ed20000 - 0x00007ffa8ed37000 	C:\windows\System32\cryptsp.dll
0x0000000071c90000 - 0x0000000071caa000 	C:\Katalon\Katalon_Studio_Windows_64-6.3.3\jre\bin\net.dll
0x00007ffa8d720000 - 0x00007ffa8d787000 	C:\windows\system32\mswsock.dll
0x0000000071c70000 - 0x0000000071c81000 	C:\Katalon\Katalon_Studio_Windows_64-6.3.3\jre\bin\nio.dll
0x00007ffa8d480000 - 0x00007ffa8d546000 	C:\windows\SYSTEM32\DNSAPI.dll
0x00007ffa8f3a0000 - 0x00007ffa8f3a8000 	C:\windows\System32\NSI.dll
0x00007ffa8d440000 - 0x00007ffa8d47d000 	C:\windows\SYSTEM32\IPHLPAPI.DLL
0x00007ffa82350000 - 0x00007ffa8235a000 	C:\Windows\System32\rasadhlp.dll
0x00007ffa84a20000 - 0x00007ffa84a99000 	C:\windows\System32\fwpuclnt.dll
0x00007ffa8ecf0000 - 0x00007ffa8ed16000 	C:\windows\System32\bcrypt.dll
0x0000000071c40000 - 0x0000000071c64000 	C:\Katalon\Katalon_Studio_Windows_64-6.3.3\jre\bin\sunec.dll
0x0000000071c30000 - 0x0000000071c3b000 	C:\Katalon\Katalon_Studio_Windows_64-6.3.3\jre\bin\sunmscapi.dll
0x00007ffa8e920000 - 0x00007ffa8eafc000 	C:\windows\System32\CRYPT32.dll
0x00007ffa8df90000 - 0x00007ffa8dfa2000 	C:\windows\System32\MSASN1.dll
0x00007ffa84fd0000 - 0x00007ffa84fe6000 	C:\windows\SYSTEM32\dhcpcsvc6.DLL
0x00007ffa84dd0000 - 0x00007ffa84dec000 	C:\windows\SYSTEM32\dhcpcsvc.DLL
0x00007ffa8d2a0000 - 0x00007ffa8d2d3000 	C:\windows\system32\rsaenh.dll
0x00007ffa8de10000 - 0x00007ffa8de38000 	C:\windows\SYSTEM32\USERENV.dll
0x00007ffa8d8f0000 - 0x00007ffa8d8fc000 	C:\windows\SYSTEM32\CRYPTBASE.dll
0x00007ffa6eff0000 - 0x00007ffa6f006000 	C:\windows\system32\napinsp.dll
0x00007ffa6efd0000 - 0x00007ffa6efea000 	C:\windows\system32\pnrpnsp.dll
0x00007ffa6efc0000 - 0x00007ffa6efce000 	C:\windows\System32\winrnr.dll
0x00007ffa8a540000 - 0x00007ffa8a55b000 	C:\windows\system32\NLAapi.dll
0x00007ffa6efa0000 - 0x00007ffa6efb5000 	C:\windows\system32\wshbth.dll

VM Arguments:
jvm_args: -Dgroovy.home=/C:/Katalon/Katalon_Studio_Windows_64-6.3.3/plugins/org.codehaus.groovy_2.4.7.xx-201611170128-e46/ -Xmx1820m -Dfile.encoding=UTF-8 
java_command: org.codehaus.groovy.tools.GroovyStarter --classpath C:\Users\AutoTest_1\git\PINS_ODT_TEST\Include\scripts\groovy;C:\Users\AutoTest_1\git\PINS_ODT_TEST\Keywords;C:\Users\AutoTest_1\git\PINS_ODT_TEST\Libs;C:\Users\AutoTest_1\git\PINS_ODT_TEST\Test Listeners;C:\Katalon\Katalon_Studio_Windows_64-6.3.3\configuration\resources\lib\aspectjweaver-1.9.1.jar;C:\Katalon\Katalon_Studio_Windows_64-6.3.3\configuration\resources\lib\bcpkix-jdk15on-1.58.jar;C:\Katalon\Katalon_Studio_Windows_64-6.3.3\configuration\resources\lib\bcprov-jdk15on-1.58.jar;C:\Katalon\Katalon_Studio_Windows_64-6.3.3\configuration\resources\lib\browsermob-core-2.1.5.jar;C:\Katalon\Katalon_Studio_Windows_64-6.3.3\configuration\resources\lib\cglib-3.2.10.jar;C:\Katalon\Katalon_Studio_Windows_64-6.3.3\configuration\resources\lib\commons-validator-1.6.jar;C:\Katalon\Katalon_Studio_Windows_64-6.3.3\configuration\resources\lib\dnsjava-2.1.8.jar;C:\Katalon\Katalon_Studio_Windows_64-6.3.3\configuration\resources\lib\java-client-7.0.0.jar;C:\Katalon\Katalon_Studio_Windows_64-6.3.3\configuration\resources\lib\jna-4.1.0.jar;C:\Katalon\Katalon_Studio_Windows_64-6.3.3\configuration\resources\lib\jna-platform-4.1.0.jar;C:\Katalon\Katalon_Studio_Windows_64-6.3.3\configuration\resources\lib\jzlib-1.1.3.jar;C:\Katalon\Katalon_Studio_Windows_64-6.3.3\configuration\resources\lib\kat-server.jar;C:\Katalon\Katalon_Studio_Windows_64-6.3.3\configuration\resources\lib\littleproxy-1.1.0-beta-bmp-17.jar;C:\Katalon\Katalon_Studio_Windows_64-6.3.3\configuration\resources\lib\mitm-2.1.5.jar;C:\Katalon\Katalon_Studio_Windows_64-6.3.3\configuration\resources\lib\netty-all-4.0.51.Final.jar;C:\Katalon\Katalon_Studio_Windows_64-6.3.3\configuration\resources\lib\repackaged-sikuli-api-1.0.2-standalone.jar;C:\Katalon\Katalon_Studio_Windows_64-6.3.3\configuration\resources\lib\selenium-leg-rc-3.141.59.jar;C:\Katalon\Katalon_Studio_Windows_64-6.3.3\configuration\resources\lib\selenium-server-standalone-3.141.59.jar;C:\Katalon\Ka
java_class_path (initial): C:\Users\AutoTest_1\git\PINS_ODT_TEST\bin\keyword;C:\Users\AutoTest_1\git\PINS_ODT_TEST\bin\listener;C:\Users\AutoTest_1\git\PINS_ODT_TEST\bin\lib;C:\Users\AutoTest_1\git\PINS_ODT_TEST\bin\groovy;C:\Users\AutoTest_1\git\PINS_ODT_TEST\bin;C:\Katalon\Katalon_Studio_Windows_64-6.3.3\plugins\com.kms.katalon.core_1.0.0.201908270734.jar;C:\Katalon\Katalon_Studio_Windows_64-6.3.3\configuration\resources\lib\aspectjweaver-1.9.1.jar;C:\Katalon\Katalon_Studio_Windows_64-6.3.3\configuration\resources\lib\bcpkix-jdk15on-1.58.jar;C:\Katalon\Katalon_Studio_Windows_64-6.3.3\configuration\resources\lib\bcprov-jdk15on-1.58.jar;C:\Katalon\Katalon_Studio_Windows_64-6.3.3\configuration\resources\lib\browsermob-core-2.1.5.jar;C:\Katalon\Katalon_Studio_Windows_64-6.3.3\configuration\resources\lib\cglib-3.2.10.jar;C:\Katalon\Katalon_Studio_Windows_64-6.3.3\configuration\resources\lib\commons-validator-1.6.jar;C:\Katalon\Katalon_Studio_Windows_64-6.3.3\configuration\resources\lib\dnsjava-2.1.8.jar;C:\Katalon\Katalon_Studio_Windows_64-6.3.3\configuration\resources\lib\java-client-7.0.0.jar;C:\Katalon\Katalon_Studio_Windows_64-6.3.3\configuration\resources\lib\jna-4.1.0.jar;C:\Katalon\Katalon_Studio_Windows_64-6.3.3\configuration\resources\lib\jna-platform-4.1.0.jar;C:\Katalon\Katalon_Studio_Windows_64-6.3.3\configuration\resources\lib\jzlib-1.1.3.jar;C:\Katalon\Katalon_Studio_Windows_64-6.3.3\configuration\resources\lib\kat-server.jar;C:\Katalon\Katalon_Studio_Windows_64-6.3.3\configuration\resources\lib\littleproxy-1.1.0-beta-bmp-17.jar;C:\Katalon\Katalon_Studio_Windows_64-6.3.3\configuration\resources\lib\mitm-2.1.5.jar;C:\Katalon\Katalon_Studio_Windows_64-6.3.3\configuration\resources\lib\netty-all-4.0.51.Final.jar;C:\Katalon\Katalon_Studio_Windows_64-6.3.3\configuration\resources\lib\repackaged-sikuli-api-1.0.2-standalone.jar;C:\Katalon\Katalon_Studio_Windows_64-6.3.3\configuration\resources\lib\selenium-leg-rc-3.141.59.jar;C:\Katalon\Katalon_Studio_Windows_
Launcher Type: SUN_STANDARD

Environment Variables:
PATH=C:/Katalon/Katalon_Studio_Windows_64-6.3.3/jre/bin/server;C:/Katalon/Katalon_Studio_Windows_64-6.3.3/jre/bin;C:/Katalon/Katalon_Studio_Windows_64-6.3.3/jre/lib/amd64;C:\Program Files (x86)\Common Files\Oracle\Java\javapath;C:\windows\system32;C:\windows;C:\windows\System32\Wbem;C:\windows\System32\WindowsPowerShell\v1.0\;C:\windows\System32\OpenSSH\;C:\Users\AutoTest_1\AppData\Local\Microsoft\WindowsApps;C:\Users\AutoTest_1\AppData\Local\GitHubDesktop\bin;C:\Katalon\Katalon_Studio_Windows_64-6.3.3;
USERNAME=AutoTest_1
OS=Windows_NT
PROCESSOR_IDENTIFIER=Intel64 Family 6 Model 79 Stepping 1, GenuineIntel



---------------  S Y S T E M  ---------------

OS: Windows 10.0 , 64 bit Build 17763 (10.0.17763.475)

CPU:total 2 (initial active 2) (2 cores per cpu, 1 threads per core) family 6 model 79 stepping 1, cmov, cx8, fxsr, mmx, sse, sse2, sse3, ssse3, sse4.1, sse4.2, popcnt, avx, avx2, aes, clmul, erms, rtm, 3dnowpref, lzcnt, tsc, bmi1, bmi2, adx

Memory: 4k page, physical 8388148k(601676k free), swap 10485160k(6324k free)

vm_info: Java HotSpot(TM) 64-Bit Server VM (25.181-b13) for windows-amd64 JRE (1.8.0_181-b13), built on Jul  7 2018 04:01:33 by "java_re" with MS VC++ 10.0 (VS2010)

time: Thu Feb 13 18:14:17 2020
elapsed time: 23 seconds (0d 0h 0m 23s)

